[ 2018-12-19T18:41:18+08:00 ] ::1 /LunWen/main/index.php/Admins/Index/index.html
INFO: [ app_init ] --START--
INFO: Run Behavior\BuildLiteBehavior [ RunTime:0.000040s ]
INFO: [ app_init ] --END-- [ RunTime:0.000977s ]
INFO: [ app_begin ] --START--
INFO: Run Behavior\ReadHtmlCacheBehavior [ RunTime:0.001046s ]
INFO: [ app_begin ] --END-- [ RunTime:0.001315s ]
INFO: [ view_parse ] --START--
INFO: [ template_filter ] --START--
INFO: Run Behavior\ContentReplaceBehavior [ RunTime:0.000112s ]
INFO: [ template_filter ] --END-- [ RunTime:0.000220s ]
INFO: Run Behavior\ParseTemplateBehavior [ RunTime:0.135380s ]
INFO: [ view_parse ] --END-- [ RunTime:0.135532s ]
INFO: [ view_filter ] --START--
INFO: Run Behavior\WriteHtmlCacheBehavior [ RunTime:0.000526s ]
INFO: [ view_filter ] --END-- [ RunTime:0.000621s ]
INFO: [ app_end ] --START--
INFO: Run Behavior\ShowPageTraceBehavior [ RunTime:0.000819s ]
INFO: [ app_end ] --END-- [ RunTime:0.001228s ]

[ 2018-12-19T18:41:21+08:00 ] ::1 /LunWen/main/index.php/Admins/Apply/apply_list.html
INFO: [ app_init ] --START--
INFO: Run Behavior\BuildLiteBehavior [ RunTime:0.000036s ]
INFO: [ app_init ] --END-- [ RunTime:0.001036s ]
INFO: [ app_begin ] --START--
INFO: Run Behavior\ReadHtmlCacheBehavior [ RunTime:0.000577s ]
INFO: [ app_begin ] --END-- [ RunTime:0.000686s ]
SQL: SHOW COLUMNS FROM `apply` [ RunTime:0.0009s ]
SQL: SELECT * FROM `apply`  [ RunTime:0.0010s ]
NOTIC: [8] Undefined index: page E:\wamp\www\LunWen\main\Admins\Controller\ApplyController.class.php 第 22 行.
NOTIC: [8] Undefined index: to E:\wamp\www\LunWen\main\Admins\Controller\ApplyController.class.php 第 25 行.
NOTIC: [8] Undefined index: to E:\wamp\www\LunWen\main\Admins\Controller\ApplyController.class.php 第 29 行.
SQL: SELECT * FROM `apply` ORDER BY apply_id LIMIT 0,5   [ RunTime:0.0009s ]
INFO: [ view_parse ] --START--
INFO: [ template_filter ] --START--
INFO: Run Behavior\ContentReplaceBehavior [ RunTime:0.000093s ]
INFO: [ template_filter ] --END-- [ RunTime:0.000221s ]
NOTIC: [8] Undefined variable: keyword E:\wamp\www\LunWen\main\Runtime\Cache\Admins\8e6a32b401270ba090cf002e9ad7f20d.php 第 181 行.
INFO: Run Behavior\ParseTemplateBehavior [ RunTime:0.076025s ]
INFO: [ view_parse ] --END-- [ RunTime:0.076137s ]
INFO: [ view_filter ] --START--
INFO: Run Behavior\WriteHtmlCacheBehavior [ RunTime:0.000446s ]
INFO: [ view_filter ] --END-- [ RunTime:0.000542s ]
INFO: [ app_end ] --START--
INFO: Run Behavior\ShowPageTraceBehavior [ RunTime:0.000772s ]
INFO: [ app_end ] --END-- [ RunTime:0.000940s ]

[ 2018-12-19T18:41:28+08:00 ] ::1 /LunWen/main/index.php/Admins/Apply/apply_finish/apply_id/1.html
INFO: [ app_init ] --START--
INFO: Run Behavior\BuildLiteBehavior [ RunTime:0.000046s ]
INFO: [ app_init ] --END-- [ RunTime:0.000712s ]
INFO: [ app_begin ] --START--
INFO: Run Behavior\ReadHtmlCacheBehavior [ RunTime:0.000769s ]
INFO: [ app_begin ] --END-- [ RunTime:0.001004s ]
SQL: SHOW COLUMNS FROM `apply` [ RunTime:0.0010s ]
SQL: SELECT * FROM `apply` WHERE ( apply_id='1' ) LIMIT 1   [ RunTime:0.0003s ]
SQL: SHOW COLUMNS FROM `school` [ RunTime:0.0009s ]
SQL: SHOW COLUMNS FROM `user` [ RunTime:0.0011s ]
SQL: INSERT INTO `user` (`school_name`,`username`,`password`,`phone`,`salt`,`host`,`type`) VALUES ('景德镇陶瓷大学科技艺术学院','xubei','5ee5408b51a702120b495d60ec62570b','18579250335','(a(lk)ag','::1','1') [ RunTime:0.0006s ]
SQL: INSERT INTO `school` (`school_name`,`school_admin`,`idcard`,`phone`,`email`,`school_key`,`build_time`) VALUES ('景德镇陶瓷大学科技艺术学院','徐贝','421121199805206610','18579250335','1192475069@qq.com','a0bef1cfbe3ac7c60122688bb57361d4','2018-12-19 18:41:27') [ RunTime:0.0005s ]
SQL: UPDATE `apply` SET `apply_id`='1',`apply_school`='景德镇陶瓷大学科技艺术学院',`apply_user`='徐贝',`apply_idcard`='421121199805206610',`apply_phone`='18579250335',`email`='1192475069@qq.com',`apply_username`='xubei',`apply_password`='xubei123',`apply_time`='2018-12-19 18:40:24',`apply_statu`='1' WHERE ( apply_id='1' ) [ RunTime:0.0004s ]
INFO: [ view_parse ] --START--
INFO: [ template_filter ] --START--
INFO: Run Behavior\ContentReplaceBehavior [ RunTime:0.000075s ]
INFO: [ template_filter ] --END-- [ RunTime:0.000226s ]
INFO: Run Behavior\ParseTemplateBehavior [ RunTime:0.065361s ]
INFO: [ view_parse ] --END-- [ RunTime:0.065521s ]
INFO: [ view_filter ] --START--
INFO: Run Behavior\WriteHtmlCacheBehavior [ RunTime:0.000602s ]
INFO: [ view_filter ] --END-- [ RunTime:0.000765s ]
INFO: [ app_end ] --START--
INFO: Run Behavior\ShowPageTraceBehavior [ RunTime:0.000817s ]
INFO: [ app_end ] --END-- [ RunTime:0.001034s ]

[ 2018-12-19T18:41:30+08:00 ] ::1 /LunWen/main/index.php/Admins/Apply/apply_list.html
INFO: [ app_init ] --START--
INFO: Run Behavior\BuildLiteBehavior [ RunTime:0.000051s ]
INFO: [ app_init ] --END-- [ RunTime:0.000757s ]
INFO: [ app_begin ] --START--
INFO: Run Behavior\ReadHtmlCacheBehavior [ RunTime:0.000967s ]
INFO: [ app_begin ] --END-- [ RunTime:0.001170s ]
SQL: SHOW COLUMNS FROM `apply` [ RunTime:0.0013s ]
SQL: SELECT * FROM `apply`  [ RunTime:0.0006s ]
NOTIC: [8] Undefined index: page E:\wamp\www\LunWen\main\Admins\Controller\ApplyController.class.php 第 22 行.
NOTIC: [8] Undefined index: to E:\wamp\www\LunWen\main\Admins\Controller\ApplyController.class.php 第 25 行.
NOTIC: [8] Undefined index: to E:\wamp\www\LunWen\main\Admins\Controller\ApplyController.class.php 第 29 行.
SQL: SELECT * FROM `apply` ORDER BY apply_id LIMIT 0,5   [ RunTime:0.0004s ]
INFO: [ view_parse ] --START--
INFO: [ template_filter ] --START--
INFO: Run Behavior\ContentReplaceBehavior [ RunTime:0.000091s ]
INFO: [ template_filter ] --END-- [ RunTime:0.000199s ]
NOTIC: [8] Undefined variable: keyword E:\wamp\www\LunWen\main\Runtime\Cache\Admins\8e6a32b401270ba090cf002e9ad7f20d.php 第 181 行.
INFO: Run Behavior\ParseTemplateBehavior [ RunTime:0.023452s ]
INFO: [ view_parse ] --END-- [ RunTime:0.023655s ]
INFO: [ view_filter ] --START--
INFO: Run Behavior\WriteHtmlCacheBehavior [ RunTime:0.000762s ]
INFO: [ view_filter ] --END-- [ RunTime:0.000971s ]
INFO: [ app_end ] --START--
INFO: Run Behavior\ShowPageTraceBehavior [ RunTime:0.001051s ]
INFO: [ app_end ] --END-- [ RunTime:0.001329s ]

[ 2018-12-19T18:41:31+08:00 ] ::1 /LunWen/main/index.php/Admins/Apply/apply_finish/apply_id/2.html
INFO: [ app_init ] --START--
INFO: Run Behavior\BuildLiteBehavior [ RunTime:0.000062s ]
INFO: [ app_init ] --END-- [ RunTime:0.000874s ]
INFO: [ app_begin ] --START--
INFO: Run Behavior\ReadHtmlCacheBehavior [ RunTime:0.001058s ]
INFO: [ app_begin ] --END-- [ RunTime:0.001274s ]
SQL: SHOW COLUMNS FROM `apply` [ RunTime:0.0021s ]
SQL: SELECT * FROM `apply` WHERE ( apply_id='2' ) LIMIT 1   [ RunTime:0.0007s ]
SQL: SHOW COLUMNS FROM `school` [ RunTime:0.0014s ]
SQL: SHOW COLUMNS FROM `user` [ RunTime:0.0013s ]
SQL: INSERT INTO `user` (`school_name`,`username`,`password`,`phone`,`salt`,`host`,`type`) VALUES ('景德镇陶瓷大学','admin','db247cd196af0358dc0e39b9b4128ff2','18579250335','(s(*(&*k','::1','1') [ RunTime:0.0005s ]
SQL: INSERT INTO `school` (`school_name`,`school_admin`,`idcard`,`phone`,`email`,`school_key`,`build_time`) VALUES ('景德镇陶瓷大学','徐贝','421121199805206610','18579250335','1192475069@qq.com','31cb56b084cb12b4036ea34113e09167','2018-12-19 18:41:31') [ RunTime:0.0015s ]
SQL: UPDATE `apply` SET `apply_id`='2',`apply_school`='景德镇陶瓷大学',`apply_user`='徐贝',`apply_idcard`='421121199805206610',`apply_phone`='18579250335',`email`='1192475069@qq.com',`apply_username`='admin',`apply_password`='123456',`apply_time`='2018-12-19 18:40:51',`apply_statu`='1' WHERE ( apply_id='2' ) [ RunTime:0.0004s ]
INFO: [ view_parse ] --START--
INFO: [ template_filter ] --START--
INFO: Run Behavior\ContentReplaceBehavior [ RunTime:0.000574s ]
INFO: [ template_filter ] --END-- [ RunTime:0.001014s ]
INFO: Run Behavior\ParseTemplateBehavior [ RunTime:0.013070s ]
INFO: [ view_parse ] --END-- [ RunTime:0.013290s ]
INFO: [ view_filter ] --START--
INFO: Run Behavior\WriteHtmlCacheBehavior [ RunTime:0.000418s ]
INFO: [ view_filter ] --END-- [ RunTime:0.000517s ]
INFO: [ app_end ] --START--
INFO: Run Behavior\ShowPageTraceBehavior [ RunTime:0.000559s ]
INFO: [ app_end ] --END-- [ RunTime:0.000661s ]

[ 2018-12-19T18:41:33+08:00 ] ::1 /LunWen/main/index.php/Admins/Apply/apply_list.html
INFO: [ app_init ] --START--
INFO: Run Behavior\BuildLiteBehavior [ RunTime:0.000023s ]
INFO: [ app_init ] --END-- [ RunTime:0.000396s ]
INFO: [ app_begin ] --START--
INFO: Run Behavior\ReadHtmlCacheBehavior [ RunTime:0.000534s ]
INFO: [ app_begin ] --END-- [ RunTime:0.000640s ]
SQL: SHOW COLUMNS FROM `apply` [ RunTime:0.0008s ]
SQL: SELECT * FROM `apply`  [ RunTime:0.0003s ]
NOTIC: [8] Undefined index: page E:\wamp\www\LunWen\main\Admins\Controller\ApplyController.class.php 第 22 行.
NOTIC: [8] Undefined index: to E:\wamp\www\LunWen\main\Admins\Controller\ApplyController.class.php 第 25 行.
NOTIC: [8] Undefined index: to E:\wamp\www\LunWen\main\Admins\Controller\ApplyController.class.php 第 29 行.
SQL: SELECT * FROM `apply` ORDER BY apply_id LIMIT 0,5   [ RunTime:0.0002s ]
INFO: [ view_parse ] --START--
INFO: [ template_filter ] --START--
INFO: Run Behavior\ContentReplaceBehavior [ RunTime:0.000179s ]
INFO: [ template_filter ] --END-- [ RunTime:0.000422s ]
NOTIC: [8] Undefined variable: keyword E:\wamp\www\LunWen\main\Runtime\Cache\Admins\8e6a32b401270ba090cf002e9ad7f20d.php 第 181 行.
INFO: Run Behavior\ParseTemplateBehavior [ RunTime:0.015871s ]
INFO: [ view_parse ] --END-- [ RunTime:0.016040s ]
INFO: [ view_filter ] --START--
INFO: Run Behavior\WriteHtmlCacheBehavior [ RunTime:0.000414s ]
INFO: [ view_filter ] --END-- [ RunTime:0.000507s ]
INFO: [ app_end ] --START--
INFO: Run Behavior\ShowPageTraceBehavior [ RunTime:0.000709s ]
INFO: [ app_end ] --END-- [ RunTime:0.000816s ]

