[ 2019-03-23T22:10:23+08:00 ] ::1 /LunWen/main/index.php/Admins
INFO: [ app_init ] --START--
INFO: Run Behavior\BuildLiteBehavior [ RunTime:0.000017s ]
INFO: [ app_init ] --END-- [ RunTime:0.001127s ]
INFO: [ app_begin ] --START--
INFO: Run Behavior\ReadHtmlCacheBehavior [ RunTime:0.001329s ]
INFO: [ app_begin ] --END-- [ RunTime:0.001509s ]
SQL: SHOW COLUMNS FROM `administrators` [ RunTime:0.0021s ]
SQL: SELECT * FROM `administrators` LIMIT 1   [ RunTime:0.0003s ]
INFO: [ view_parse ] --START--
INFO: [ template_filter ] --START--
INFO: Run Behavior\ContentReplaceBehavior [ RunTime:0.000040s ]
INFO: [ template_filter ] --END-- [ RunTime:0.000098s ]
NOTIC: [8] Undefined variable: message D:\wamp64\www\LunWen\main\Runtime\Cache\Admins\066a1cd7d4d543df20811f61f4fac998.php 第 51 行.
INFO: Run Behavior\ParseTemplateBehavior [ RunTime:0.013287s ]
INFO: [ view_parse ] --END-- [ RunTime:0.013405s ]
INFO: [ view_filter ] --START--
INFO: Run Behavior\WriteHtmlCacheBehavior [ RunTime:0.001029s ]
INFO: [ view_filter ] --END-- [ RunTime:0.001140s ]

[ 2019-03-23T22:10:25+08:00 ] ::1 /LunWen/main/index.php/Admins/login
INFO: [ app_init ] --START--
INFO: Run Behavior\BuildLiteBehavior [ RunTime:0.000021s ]
INFO: [ app_init ] --END-- [ RunTime:0.000186s ]
INFO: [ app_begin ] --START--
INFO: Run Behavior\ReadHtmlCacheBehavior [ RunTime:0.000073s ]
INFO: [ app_begin ] --END-- [ RunTime:0.000130s ]
INFO: [ view_parse ] --START--
INFO: [ template_filter ] --START--
INFO: Run Behavior\ContentReplaceBehavior [ RunTime:0.000063s ]
INFO: [ template_filter ] --END-- [ RunTime:0.000121s ]
INFO: Run Behavior\ParseTemplateBehavior [ RunTime:0.002724s ]
INFO: [ view_parse ] --END-- [ RunTime:0.002782s ]
INFO: [ view_filter ] --START--
INFO: Run Behavior\WriteHtmlCacheBehavior [ RunTime:0.000109s ]
INFO: [ view_filter ] --END-- [ RunTime:0.000165s ]
INFO: [ app_end ] --START--
INFO: Run Behavior\ShowPageTraceBehavior [ RunTime:0.001533s ]
INFO: [ app_end ] --END-- [ RunTime:0.001631s ]

[ 2019-03-23T22:10:25+08:00 ] ::1 /LunWen/main/index.php/Admins/User/yzm.html
INFO: [ app_init ] --START--
INFO: Run Behavior\BuildLiteBehavior [ RunTime:0.000026s ]
INFO: [ app_init ] --END-- [ RunTime:0.000140s ]
INFO: [ app_begin ] --START--
INFO: Run Behavior\ReadHtmlCacheBehavior [ RunTime:0.000133s ]
INFO: [ app_begin ] --END-- [ RunTime:0.000248s ]
NOTIC: [8] Use of undefined constant fasle - assumed 'fasle' D:\wamp64\www\LunWen\main\Admins\Controller\UserController.class.php 第 68 行.
INFO: [ app_end ] --START--
INFO: Run Behavior\ShowPageTraceBehavior [ RunTime:0.000086s ]
INFO: [ app_end ] --END-- [ RunTime:0.000149s ]

[ 2019-03-23T22:10:39+08:00 ] ::1 /LunWen/main/index.php/Admins/login.html
INFO: [ app_init ] --START--
INFO: Run Behavior\BuildLiteBehavior [ RunTime:0.000018s ]
INFO: [ app_init ] --END-- [ RunTime:0.000265s ]
INFO: [ app_begin ] --START--
INFO: Run Behavior\ReadHtmlCacheBehavior [ RunTime:0.000300s ]
INFO: [ app_begin ] --END-- [ RunTime:0.000392s ]
SQL: SHOW COLUMNS FROM `administrators` [ RunTime:0.0015s ]
SQL: SELECT * FROM `administrators` WHERE ( admin_username='root' ) LIMIT 1   [ RunTime:0.0003s ]
SQL: UPDATE `administrators` SET `admin_id`='1',`admin_username`='root',`admin_password`='a3cb9acdaa55d861396346c1c3d822b7',`admin_phone`='18579250335',`salt`='&*aha&^*',`session_id`='977084712620656' WHERE ( admin_username='root' ) [ RunTime:0.0005s ]
INFO: [ view_parse ] --START--
INFO: [ template_filter ] --START--
INFO: Run Behavior\ContentReplaceBehavior [ RunTime:0.000070s ]
INFO: [ template_filter ] --END-- [ RunTime:0.000230s ]
INFO: Run Behavior\ParseTemplateBehavior [ RunTime:0.004393s ]
INFO: [ view_parse ] --END-- [ RunTime:0.004527s ]
INFO: [ view_filter ] --START--
INFO: Run Behavior\WriteHtmlCacheBehavior [ RunTime:0.000323s ]
INFO: [ view_filter ] --END-- [ RunTime:0.000412s ]
INFO: [ view_parse ] --START--
INFO: [ template_filter ] --START--
INFO: Run Behavior\ContentReplaceBehavior [ RunTime:0.000039s ]
INFO: [ template_filter ] --END-- [ RunTime:-0.003391s ]
INFO: Run Behavior\ParseTemplateBehavior [ RunTime:0.001979s ]
INFO: [ view_parse ] --END-- [ RunTime:-0.000838s ]
INFO: [ view_filter ] --START--
INFO: Run Behavior\WriteHtmlCacheBehavior [ RunTime:0.000014s ]
INFO: [ view_filter ] --END-- [ RunTime:-0.002435s ]
INFO: [ app_end ] --START--
INFO: Run Behavior\ShowPageTraceBehavior [ RunTime:0.000212s ]
INFO: [ app_end ] --END-- [ RunTime:0.000259s ]

[ 2019-03-23T22:10:39+08:00 ] ::1 /LunWen/main/index.php/Admins/User/yzm.html
INFO: [ app_init ] --START--
INFO: Run Behavior\BuildLiteBehavior [ RunTime:0.000022s ]
INFO: [ app_init ] --END-- [ RunTime:0.000134s ]
INFO: [ app_begin ] --START--
INFO: Run Behavior\ReadHtmlCacheBehavior [ RunTime:0.000057s ]
INFO: [ app_begin ] --END-- [ RunTime:0.000108s ]
NOTIC: [8] Use of undefined constant fasle - assumed 'fasle' D:\wamp64\www\LunWen\main\Admins\Controller\UserController.class.php 第 68 行.
INFO: [ app_end ] --START--
INFO: Run Behavior\ShowPageTraceBehavior [ RunTime:0.000171s ]
INFO: [ app_end ] --END-- [ RunTime:0.000287s ]

[ 2019-03-23T22:10:40+08:00 ] ::1 /LunWen/main/index.php/Admins/Admins/Index/index.html
INFO: [ app_init ] --START--
INFO: Run Behavior\BuildLiteBehavior [ RunTime:0.000044s ]
INFO: [ app_init ] --END-- [ RunTime:0.000358s ]
INFO: [ app_begin ] --START--
INFO: Run Behavior\ReadHtmlCacheBehavior [ RunTime:0.000191s ]
INFO: [ app_begin ] --END-- [ RunTime:0.000337s ]
SQL: SHOW COLUMNS FROM `administrators` [ RunTime:0.0011s ]
SQL: SELECT * FROM `administrators` LIMIT 1   [ RunTime:0.0003s ]
NOTIC: [2] A non-numeric value encountered D:\wamp64\www\LunWen\main\Admins\Controller\IndexController.class.php 第 65 行.
NOTIC: [2] A non-numeric value encountered D:\wamp64\www\LunWen\main\Admins\Controller\IndexController.class.php 第 65 行.
SQL: SHOW COLUMNS FROM `school` [ RunTime:0.0028s ]
SQL: SELECT * FROM `school`  [ RunTime:0.0005s ]
SQL: SHOW COLUMNS FROM `lunwen` [ RunTime:0.0049s ]
SQL: SELECT * FROM `lunwen`  [ RunTime:0.0003s ]
SQL: SHOW COLUMNS FROM `lunwenbook` [ RunTime:0.0017s ]
SQL: SELECT * FROM `lunwenbook`  [ RunTime:0.0001s ]
SQL: SHOW COLUMNS FROM `user` [ RunTime:0.0019s ]
SQL: SELECT * FROM `user`  [ RunTime:0.0004s ]
SQL: SHOW COLUMNS FROM `consumer` [ RunTime:0.0017s ]
SQL: SELECT * FROM `consumer`  [ RunTime:0.0003s ]
SQL: SHOW COLUMNS FROM `visit` [ RunTime:0.0014s ]
SQL: SELECT * FROM `visit` WHERE ( visit_time='2019-03-23' )  [ RunTime:0.0010s ]
SQL: SHOW COLUMNS FROM `adminvist` [ RunTime:0.0031s ]
SQL: SELECT * FROM `adminvist` WHERE ( adminvist_time='2019-03-23' )  [ RunTime:0.0004s ]
SQL: SELECT * FROM `consumer` WHERE ( reg_time>=1553270400 and reg_time<=1553356800 )  [ RunTime:0.0002s ]
SQL: SHOW COLUMNS FROM `poplunwen` [ RunTime:0.0024s ]
SQL: SELECT * FROM `poplunwen` WHERE ( todaytime='2019-03-23' )  [ RunTime:0.0002s ]
INFO: [ view_parse ] --START--
INFO: [ template_filter ] --START--
INFO: Run Behavior\ContentReplaceBehavior [ RunTime:0.000173s ]
INFO: [ template_filter ] --END-- [ RunTime:0.000279s ]
INFO: Run Behavior\ParseTemplateBehavior [ RunTime:0.006490s ]
INFO: [ view_parse ] --END-- [ RunTime:0.006599s ]
INFO: [ view_filter ] --START--
INFO: Run Behavior\WriteHtmlCacheBehavior [ RunTime:0.000548s ]
INFO: [ view_filter ] --END-- [ RunTime:0.001198s ]
INFO: [ app_end ] --START--
INFO: Run Behavior\ShowPageTraceBehavior [ RunTime:0.000184s ]
INFO: [ app_end ] --END-- [ RunTime:0.000291s ]

[ 2019-03-23T22:10:56+08:00 ] ::1 /LunWen/main/index.php/Admins/Apply/apply_list.html
INFO: [ app_init ] --START--
INFO: Run Behavior\BuildLiteBehavior [ RunTime:0.000033s ]
INFO: [ app_init ] --END-- [ RunTime:0.000249s ]
INFO: [ app_begin ] --START--
INFO: Run Behavior\ReadHtmlCacheBehavior [ RunTime:0.000162s ]
INFO: [ app_begin ] --END-- [ RunTime:0.000315s ]
SQL: SHOW COLUMNS FROM `administrators` [ RunTime:0.0008s ]
SQL: SELECT * FROM `administrators` LIMIT 1   [ RunTime:0.0002s ]
NOTIC: [2] A non-numeric value encountered D:\wamp64\www\LunWen\main\Admins\Controller\ApplyController.class.php 第 153 行.
NOTIC: [2] A non-numeric value encountered D:\wamp64\www\LunWen\main\Admins\Controller\ApplyController.class.php 第 153 行.
SQL: SHOW COLUMNS FROM `apply` [ RunTime:0.0021s ]
SQL: SELECT * FROM `apply`  [ RunTime:0.0006s ]
NOTIC: [8] Undefined index: page D:\wamp64\www\LunWen\main\Admins\Controller\ApplyController.class.php 第 23 行.
NOTIC: [8] Undefined index: to D:\wamp64\www\LunWen\main\Admins\Controller\ApplyController.class.php 第 26 行.
NOTIC: [8] Undefined index: to D:\wamp64\www\LunWen\main\Admins\Controller\ApplyController.class.php 第 30 行.
SQL: SELECT * FROM `apply` ORDER BY apply_id LIMIT 0,5   [ RunTime:0.0003s ]
INFO: [ view_parse ] --START--
INFO: [ template_filter ] --START--
INFO: Run Behavior\ContentReplaceBehavior [ RunTime:0.000138s ]
INFO: [ template_filter ] --END-- [ RunTime:0.000254s ]
NOTIC: [8] Undefined variable: keyword D:\wamp64\www\LunWen\main\Runtime\Cache\Admins\8e6a32b401270ba090cf002e9ad7f20d.php 第 182 行.
INFO: Run Behavior\ParseTemplateBehavior [ RunTime:0.013844s ]
INFO: [ view_parse ] --END-- [ RunTime:0.013935s ]
INFO: [ view_filter ] --START--
INFO: Run Behavior\WriteHtmlCacheBehavior [ RunTime:0.000078s ]
INFO: [ view_filter ] --END-- [ RunTime:0.000121s ]
INFO: [ app_end ] --START--
INFO: Run Behavior\ShowPageTraceBehavior [ RunTime:0.000096s ]
INFO: [ app_end ] --END-- [ RunTime:0.000165s ]

[ 2019-03-23T22:11:35+08:00 ] ::1 /LunWen/main/index.php/Admins/Data/message_list.html
INFO: [ app_init ] --START--
INFO: Run Behavior\BuildLiteBehavior [ RunTime:0.000013s ]
INFO: [ app_init ] --END-- [ RunTime:0.000093s ]
INFO: [ app_begin ] --START--
INFO: Run Behavior\ReadHtmlCacheBehavior [ RunTime:0.000079s ]
INFO: [ app_begin ] --END-- [ RunTime:0.000158s ]
SQL: SHOW COLUMNS FROM `administrators` [ RunTime:0.0008s ]
SQL: SELECT * FROM `administrators` LIMIT 1   [ RunTime:0.0002s ]
NOTIC: [2] A non-numeric value encountered D:\wamp64\www\LunWen\main\Admins\Controller\DataController.class.php 第 364 行.
NOTIC: [2] A non-numeric value encountered D:\wamp64\www\LunWen\main\Admins\Controller\DataController.class.php 第 364 行.
SQL: SHOW COLUMNS FROM `send` [ RunTime:0.0027s ]
SQL: SELECT * FROM `send`  [ RunTime:0.0007s ]
NOTIC: [8] Undefined index: page D:\wamp64\www\LunWen\main\Admins\Controller\DataController.class.php 第 240 行.
NOTIC: [8] Undefined index: to D:\wamp64\www\LunWen\main\Admins\Controller\DataController.class.php 第 243 行.
NOTIC: [8] Undefined index: to D:\wamp64\www\LunWen\main\Admins\Controller\DataController.class.php 第 247 行.
SQL: SELECT * FROM `send` ORDER BY send_id LIMIT 0,10   [ RunTime:0.0004s ]
INFO: [ view_parse ] --START--
INFO: [ template_filter ] --START--
INFO: Run Behavior\ContentReplaceBehavior [ RunTime:0.000090s ]
INFO: [ template_filter ] --END-- [ RunTime:0.000169s ]
NOTIC: [8] Undefined variable: keyword D:\wamp64\www\LunWen\main\Runtime\Cache\Admins\65ddf073ab0ed09a5655a73c54d603ca.php 第 178 行.
INFO: Run Behavior\ParseTemplateBehavior [ RunTime:0.006593s ]
INFO: [ view_parse ] --END-- [ RunTime:0.006646s ]
INFO: [ view_filter ] --START--
INFO: Run Behavior\WriteHtmlCacheBehavior [ RunTime:0.000087s ]
INFO: [ view_filter ] --END-- [ RunTime:0.000130s ]
INFO: [ app_end ] --START--
INFO: Run Behavior\ShowPageTraceBehavior [ RunTime:0.000099s ]
INFO: [ app_end ] --END-- [ RunTime:0.000166s ]

[ 2019-03-23T22:11:38+08:00 ] ::1 /LunWen/main/index.php/Admins/Apply/apply_list.html
INFO: [ app_init ] --START--
INFO: Run Behavior\BuildLiteBehavior [ RunTime:0.000049s ]
INFO: [ app_init ] --END-- [ RunTime:0.000263s ]
INFO: [ app_begin ] --START--
INFO: Run Behavior\ReadHtmlCacheBehavior [ RunTime:0.000079s ]
INFO: [ app_begin ] --END-- [ RunTime:0.000150s ]
SQL: SHOW COLUMNS FROM `administrators` [ RunTime:0.0016s ]
SQL: SELECT * FROM `administrators` LIMIT 1   [ RunTime:0.0005s ]
NOTIC: [2] A non-numeric value encountered D:\wamp64\www\LunWen\main\Admins\Controller\ApplyController.class.php 第 153 行.
NOTIC: [2] A non-numeric value encountered D:\wamp64\www\LunWen\main\Admins\Controller\ApplyController.class.php 第 153 行.
SQL: SHOW COLUMNS FROM `apply` [ RunTime:0.0009s ]
SQL: SELECT * FROM `apply`  [ RunTime:0.0002s ]
NOTIC: [8] Undefined index: page D:\wamp64\www\LunWen\main\Admins\Controller\ApplyController.class.php 第 23 行.
NOTIC: [8] Undefined index: to D:\wamp64\www\LunWen\main\Admins\Controller\ApplyController.class.php 第 26 行.
NOTIC: [8] Undefined index: to D:\wamp64\www\LunWen\main\Admins\Controller\ApplyController.class.php 第 30 行.
SQL: SELECT * FROM `apply` ORDER BY apply_id LIMIT 0,5   [ RunTime:0.0003s ]
INFO: [ view_parse ] --START--
INFO: [ template_filter ] --START--
INFO: Run Behavior\ContentReplaceBehavior [ RunTime:0.000066s ]
INFO: [ template_filter ] --END-- [ RunTime:0.000119s ]
NOTIC: [8] Undefined variable: keyword D:\wamp64\www\LunWen\main\Runtime\Cache\Admins\8e6a32b401270ba090cf002e9ad7f20d.php 第 182 行.
INFO: Run Behavior\ParseTemplateBehavior [ RunTime:0.005608s ]
INFO: [ view_parse ] --END-- [ RunTime:0.005657s ]
INFO: [ view_filter ] --START--
INFO: Run Behavior\WriteHtmlCacheBehavior [ RunTime:0.000069s ]
INFO: [ view_filter ] --END-- [ RunTime:0.000111s ]
INFO: [ app_end ] --START--
INFO: Run Behavior\ShowPageTraceBehavior [ RunTime:0.000111s ]
INFO: [ app_end ] --END-- [ RunTime:0.000188s ]

