[ 2019-03-21T20:02:45+08:00 ] ::1 /LunWen/main/index.php/Admins
INFO: [ app_init ] --START--
INFO: Run Behavior\BuildLiteBehavior [ RunTime:0.000015s ]
INFO: [ app_init ] --END-- [ RunTime:0.000373s ]
INFO: [ app_begin ] --START--
INFO: Run Behavior\ReadHtmlCacheBehavior [ RunTime:0.001316s ]
INFO: [ app_begin ] --END-- [ RunTime:0.001513s ]
SQL: SHOW COLUMNS FROM `administrators` [ RunTime:0.0074s ]
SQL: SELECT * FROM `administrators` LIMIT 1   [ RunTime:0.0005s ]
INFO: [ view_parse ] --START--
INFO: [ template_filter ] --START--
INFO: Run Behavior\ContentReplaceBehavior [ RunTime:0.000089s ]
INFO: [ template_filter ] --END-- [ RunTime:0.000256s ]
NOTIC: [8] Undefined variable: message D:\wamp64\www\LunWen\main\Runtime\Cache\Admins\066a1cd7d4d543df20811f61f4fac998.php 第 51 行.
INFO: Run Behavior\ParseTemplateBehavior [ RunTime:0.016481s ]
INFO: [ view_parse ] --END-- [ RunTime:0.016605s ]
INFO: [ view_filter ] --START--
INFO: Run Behavior\WriteHtmlCacheBehavior [ RunTime:0.000342s ]
INFO: [ view_filter ] --END-- [ RunTime:0.000394s ]

[ 2019-03-21T20:02:47+08:00 ] ::1 /LunWen/main/index.php/Admins/login
INFO: [ app_init ] --START--
INFO: Run Behavior\BuildLiteBehavior [ RunTime:0.000016s ]
INFO: [ app_init ] --END-- [ RunTime:0.000320s ]
INFO: [ app_begin ] --START--
INFO: Run Behavior\ReadHtmlCacheBehavior [ RunTime:0.000359s ]
INFO: [ app_begin ] --END-- [ RunTime:0.000436s ]
INFO: [ view_parse ] --START--
INFO: [ template_filter ] --START--
INFO: Run Behavior\ContentReplaceBehavior [ RunTime:0.000062s ]
INFO: [ template_filter ] --END-- [ RunTime:0.000171s ]
INFO: Run Behavior\ParseTemplateBehavior [ RunTime:0.005427s ]
INFO: [ view_parse ] --END-- [ RunTime:0.005505s ]
INFO: [ view_filter ] --START--
INFO: Run Behavior\WriteHtmlCacheBehavior [ RunTime:0.000232s ]
INFO: [ view_filter ] --END-- [ RunTime:0.000292s ]
INFO: [ app_end ] --START--
INFO: Run Behavior\ShowPageTraceBehavior [ RunTime:0.000508s ]
INFO: [ app_end ] --END-- [ RunTime:0.000565s ]

[ 2019-03-21T20:02:47+08:00 ] ::1 /LunWen/main/index.php/Admins/User/yzm.html
INFO: [ app_init ] --START--
INFO: Run Behavior\BuildLiteBehavior [ RunTime:0.000043s ]
INFO: [ app_init ] --END-- [ RunTime:0.000863s ]
INFO: [ app_begin ] --START--
INFO: Run Behavior\ReadHtmlCacheBehavior [ RunTime:0.000837s ]
INFO: [ app_begin ] --END-- [ RunTime:0.001599s ]
NOTIC: [8] Use of undefined constant fasle - assumed 'fasle' D:\wamp64\www\LunWen\main\Admins\Controller\UserController.class.php 第 68 行.
INFO: [ app_end ] --START--
INFO: Run Behavior\ShowPageTraceBehavior [ RunTime:0.000646s ]
INFO: [ app_end ] --END-- [ RunTime:0.000726s ]

[ 2019-03-21T20:03:09+08:00 ] ::1 /LunWen/main/index.php/Admins/login.html
INFO: [ app_init ] --START--
INFO: Run Behavior\BuildLiteBehavior [ RunTime:0.000016s ]
INFO: [ app_init ] --END-- [ RunTime:0.000296s ]
INFO: [ app_begin ] --START--
INFO: Run Behavior\ReadHtmlCacheBehavior [ RunTime:0.000356s ]
INFO: [ app_begin ] --END-- [ RunTime:0.000427s ]
SQL: SHOW COLUMNS FROM `administrators` [ RunTime:0.0008s ]
SQL: SELECT * FROM `administrators` WHERE ( admin_username='root' ) LIMIT 1   [ RunTime:0.0002s ]
SQL: UPDATE `administrators` SET `admin_id`='1',`admin_username`='root',`admin_password`='a3cb9acdaa55d861396346c1c3d822b7',`admin_phone`='18579250335',`salt`='&*aha&^*',`session_id`='079131805184051' WHERE ( admin_username='root' ) [ RunTime:0.0003s ]
INFO: [ view_parse ] --START--
INFO: [ template_filter ] --START--
INFO: Run Behavior\ContentReplaceBehavior [ RunTime:0.000067s ]
INFO: [ template_filter ] --END-- [ RunTime:0.000258s ]
INFO: Run Behavior\ParseTemplateBehavior [ RunTime:0.008454s ]
INFO: [ view_parse ] --END-- [ RunTime:0.008567s ]
INFO: [ view_filter ] --START--
INFO: Run Behavior\WriteHtmlCacheBehavior [ RunTime:0.004222s ]
INFO: [ view_filter ] --END-- [ RunTime:0.004320s ]
INFO: [ view_parse ] --START--
INFO: [ template_filter ] --START--
INFO: Run Behavior\ContentReplaceBehavior [ RunTime:0.000041s ]
INFO: [ template_filter ] --END-- [ RunTime:-0.008592s ]
INFO: Run Behavior\ParseTemplateBehavior [ RunTime:0.002770s ]
INFO: [ view_parse ] --END-- [ RunTime:-0.004628s ]
INFO: [ view_filter ] --START--
INFO: Run Behavior\WriteHtmlCacheBehavior [ RunTime:0.000032s ]
INFO: [ view_filter ] --END-- [ RunTime:-0.003141s ]
INFO: [ app_end ] --START--
INFO: Run Behavior\ShowPageTraceBehavior [ RunTime:0.000452s ]
INFO: [ app_end ] --END-- [ RunTime:0.000507s ]

[ 2019-03-21T20:03:09+08:00 ] ::1 /LunWen/main/index.php/Admins/User/yzm.html
INFO: [ app_init ] --START--
INFO: Run Behavior\BuildLiteBehavior [ RunTime:0.000020s ]
INFO: [ app_init ] --END-- [ RunTime:0.000331s ]
INFO: [ app_begin ] --START--
INFO: Run Behavior\ReadHtmlCacheBehavior [ RunTime:0.001320s ]
INFO: [ app_begin ] --END-- [ RunTime:0.001599s ]
NOTIC: [8] Use of undefined constant fasle - assumed 'fasle' D:\wamp64\www\LunWen\main\Admins\Controller\UserController.class.php 第 68 行.
INFO: [ app_end ] --START--
INFO: Run Behavior\ShowPageTraceBehavior [ RunTime:0.007537s ]
INFO: [ app_end ] --END-- [ RunTime:0.007687s ]

[ 2019-03-21T20:03:10+08:00 ] ::1 /LunWen/main/index.php/Admins/Admins/Index/index.html
INFO: [ app_init ] --START--
INFO: Run Behavior\BuildLiteBehavior [ RunTime:0.000020s ]
INFO: [ app_init ] --END-- [ RunTime:0.000375s ]
INFO: [ app_begin ] --START--
INFO: Run Behavior\ReadHtmlCacheBehavior [ RunTime:0.000349s ]
INFO: [ app_begin ] --END-- [ RunTime:0.000442s ]
SQL: SHOW COLUMNS FROM `administrators` [ RunTime:0.0024s ]
SQL: SELECT * FROM `administrators` LIMIT 1   [ RunTime:0.0003s ]
SQL: SHOW COLUMNS FROM `school` [ RunTime:0.0015s ]
SQL: SELECT * FROM `school`  [ RunTime:0.0004s ]
SQL: SHOW COLUMNS FROM `lunwen` [ RunTime:0.0014s ]
SQL: SELECT * FROM `lunwen`  [ RunTime:0.0003s ]
SQL: SHOW COLUMNS FROM `lunwenbook` [ RunTime:0.0013s ]
SQL: SELECT * FROM `lunwenbook`  [ RunTime:0.0004s ]
SQL: SHOW COLUMNS FROM `user` [ RunTime:0.0009s ]
SQL: SELECT * FROM `user`  [ RunTime:0.0002s ]
SQL: SHOW COLUMNS FROM `consumer` [ RunTime:0.0013s ]
SQL: SELECT * FROM `consumer`  [ RunTime:0.0005s ]
SQL: SHOW COLUMNS FROM `visit` [ RunTime:0.0013s ]
SQL: SELECT * FROM `visit` WHERE ( visit_time='2019-03-21' )  [ RunTime:0.0003s ]
SQL: SHOW COLUMNS FROM `adminvist` [ RunTime:0.0013s ]
SQL: SELECT * FROM `adminvist` WHERE ( adminvist_time='2019-03-21' )  [ RunTime:0.0003s ]
SQL: SELECT * FROM `consumer` WHERE ( reg_time>=1553097600 and reg_time<=1553184000 )  [ RunTime:0.0004s ]
SQL: SHOW COLUMNS FROM `poplunwen` [ RunTime:0.0015s ]
SQL: SELECT * FROM `poplunwen` WHERE ( todaytime='2019-03-21' )  [ RunTime:0.0003s ]
INFO: [ view_parse ] --START--
INFO: [ template_filter ] --START--
INFO: Run Behavior\ContentReplaceBehavior [ RunTime:0.000102s ]
INFO: [ template_filter ] --END-- [ RunTime:0.000175s ]
INFO: Run Behavior\ParseTemplateBehavior [ RunTime:0.009033s ]
INFO: [ view_parse ] --END-- [ RunTime:0.009138s ]
INFO: [ view_filter ] --START--
INFO: Run Behavior\WriteHtmlCacheBehavior [ RunTime:0.000288s ]
INFO: [ view_filter ] --END-- [ RunTime:0.000350s ]
INFO: [ app_end ] --START--
INFO: Run Behavior\ShowPageTraceBehavior [ RunTime:0.000641s ]
INFO: [ app_end ] --END-- [ RunTime:0.000797s ]

[ 2019-03-21T20:03:17+08:00 ] ::1 /LunWen/main/index.php/Admins/Apply/apply_list.html
INFO: [ app_init ] --START--
INFO: Run Behavior\BuildLiteBehavior [ RunTime:0.000014s ]
INFO: [ app_init ] --END-- [ RunTime:0.000340s ]
INFO: [ app_begin ] --START--
INFO: Run Behavior\ReadHtmlCacheBehavior [ RunTime:0.000478s ]
INFO: [ app_begin ] --END-- [ RunTime:0.000538s ]
SQL: SHOW COLUMNS FROM `administrators` [ RunTime:0.0009s ]
SQL: SELECT * FROM `administrators` LIMIT 1   [ RunTime:0.0002s ]
SQL: SHOW COLUMNS FROM `apply` [ RunTime:0.0032s ]
SQL: SELECT * FROM `apply`  [ RunTime:0.0008s ]
NOTIC: [8] Undefined index: page D:\wamp64\www\LunWen\main\Admins\Controller\ApplyController.class.php 第 23 行.
NOTIC: [8] Undefined index: to D:\wamp64\www\LunWen\main\Admins\Controller\ApplyController.class.php 第 26 行.
NOTIC: [8] Undefined index: to D:\wamp64\www\LunWen\main\Admins\Controller\ApplyController.class.php 第 30 行.
SQL: SELECT * FROM `apply` ORDER BY apply_id LIMIT 0,5   [ RunTime:0.0004s ]
INFO: [ view_parse ] --START--
INFO: [ template_filter ] --START--
INFO: Run Behavior\ContentReplaceBehavior [ RunTime:0.000076s ]
INFO: [ template_filter ] --END-- [ RunTime:0.000143s ]
NOTIC: [8] Undefined variable: keyword D:\wamp64\www\LunWen\main\Runtime\Cache\Admins\8e6a32b401270ba090cf002e9ad7f20d.php 第 182 行.
INFO: Run Behavior\ParseTemplateBehavior [ RunTime:0.010704s ]
INFO: [ view_parse ] --END-- [ RunTime:0.010787s ]
INFO: [ view_filter ] --START--
INFO: Run Behavior\WriteHtmlCacheBehavior [ RunTime:0.000320s ]
INFO: [ view_filter ] --END-- [ RunTime:0.000372s ]
INFO: [ app_end ] --START--
INFO: Run Behavior\ShowPageTraceBehavior [ RunTime:0.000550s ]
INFO: [ app_end ] --END-- [ RunTime:0.000621s ]

[ 2019-03-21T20:03:20+08:00 ] ::1 /LunWen/main/index.php/Admins/Data/user_list.html
INFO: [ app_init ] --START--
INFO: Run Behavior\BuildLiteBehavior [ RunTime:0.000015s ]
INFO: [ app_init ] --END-- [ RunTime:0.000279s ]
INFO: [ app_begin ] --START--
INFO: Run Behavior\ReadHtmlCacheBehavior [ RunTime:0.000316s ]
INFO: [ app_begin ] --END-- [ RunTime:0.000371s ]
SQL: SHOW COLUMNS FROM `administrators` [ RunTime:0.0009s ]
SQL: SELECT * FROM `administrators` LIMIT 1   [ RunTime:0.0002s ]
SQL: SHOW COLUMNS FROM `user` [ RunTime:0.0012s ]
SQL: SELECT * FROM `user`  [ RunTime:0.0003s ]
NOTIC: [8] Undefined index: page D:\wamp64\www\LunWen\main\Admins\Controller\DataController.class.php 第 197 行.
NOTIC: [8] Undefined index: to D:\wamp64\www\LunWen\main\Admins\Controller\DataController.class.php 第 200 行.
NOTIC: [8] Undefined index: to D:\wamp64\www\LunWen\main\Admins\Controller\DataController.class.php 第 204 行.
SQL: SELECT * FROM `user` ORDER BY user_id LIMIT 0,10   [ RunTime:0.0002s ]
INFO: [ view_parse ] --START--
INFO: [ template_filter ] --START--
INFO: Run Behavior\ContentReplaceBehavior [ RunTime:0.000069s ]
INFO: [ template_filter ] --END-- [ RunTime:0.000130s ]
INFO: Run Behavior\ParseTemplateBehavior [ RunTime:0.008367s ]
INFO: [ view_parse ] --END-- [ RunTime:0.008453s ]
INFO: [ view_filter ] --START--
INFO: Run Behavior\WriteHtmlCacheBehavior [ RunTime:0.000275s ]
INFO: [ view_filter ] --END-- [ RunTime:0.000325s ]
INFO: [ app_end ] --START--
INFO: Run Behavior\ShowPageTraceBehavior [ RunTime:0.000383s ]
INFO: [ app_end ] --END-- [ RunTime:0.000437s ]

