[ 2018-12-17T09:03:22+08:00 ] ::1 /LunWen/main/index.php/Admin/Index/index
INFO: [ app_init ] --START--
INFO: Run Behavior\BuildLiteBehavior [ RunTime:0.000042s ]
INFO: [ app_init ] --END-- [ RunTime:0.000548s ]
INFO: [ app_begin ] --START--
INFO: Run Behavior\ReadHtmlCacheBehavior [ RunTime:0.000536s ]
INFO: [ app_begin ] --END-- [ RunTime:0.000711s ]
SQL: SHOW COLUMNS FROM `user` [ RunTime:0.1952s ]
SQL: SELECT * FROM `user` WHERE ( username='' )  [ RunTime:0.0004s ]
INFO: [ view_parse ] --START--
INFO: [ template_filter ] --START--
INFO: Run Behavior\ContentReplaceBehavior [ RunTime:0.000159s ]
INFO: [ template_filter ] --END-- [ RunTime:0.000445s ]
NOTIC: [8] Undefined variable: message E:\wamp\www\LunWen\main\Runtime\Cache\Admin\b5ef08fa5e64640072374cae7edf8894.php 第 50 行.
INFO: Run Behavior\ParseTemplateBehavior [ RunTime:0.008648s ]
INFO: [ view_parse ] --END-- [ RunTime:0.008861s ]
INFO: [ view_filter ] --START--
INFO: Run Behavior\WriteHtmlCacheBehavior [ RunTime:0.000400s ]
INFO: [ view_filter ] --END-- [ RunTime:0.000547s ]

[ 2018-12-17T09:03:25+08:00 ] ::1 /LunWen/main/index.php/Admin/User/login
INFO: [ app_init ] --START--
INFO: Run Behavior\BuildLiteBehavior [ RunTime:0.000105s ]
INFO: [ app_init ] --END-- [ RunTime:0.001346s ]
INFO: [ app_begin ] --START--
INFO: Run Behavior\ReadHtmlCacheBehavior [ RunTime:0.001305s ]
INFO: [ app_begin ] --END-- [ RunTime:0.001758s ]
SQL: SHOW COLUMNS FROM `user` [ RunTime:0.0008s ]
SQL: UPDATE `user` SET `user_statu`='0',`sessionid`='' WHERE ( username='' ) [ RunTime:0.0003s ]
INFO: [ view_parse ] --START--
INFO: [ template_filter ] --START--
INFO: Run Behavior\ContentReplaceBehavior [ RunTime:0.000063s ]
INFO: [ template_filter ] --END-- [ RunTime:0.000167s ]
INFO: Run Behavior\ParseTemplateBehavior [ RunTime:0.005313s ]
INFO: [ view_parse ] --END-- [ RunTime:0.005412s ]
INFO: [ view_filter ] --START--
INFO: Run Behavior\WriteHtmlCacheBehavior [ RunTime:0.000192s ]
INFO: [ view_filter ] --END-- [ RunTime:0.000277s ]
INFO: [ app_end ] --START--
INFO: Run Behavior\ShowPageTraceBehavior [ RunTime:0.000461s ]
INFO: [ app_end ] --END-- [ RunTime:0.000556s ]

[ 2018-12-17T12:44:00+08:00 ] ::1 /LunWen/main/index.php/Admin/Apply/apply.html
INFO: [ app_init ] --START--
INFO: Run Behavior\BuildLiteBehavior [ RunTime:0.000033s ]
INFO: [ app_init ] --END-- [ RunTime:0.000422s ]
INFO: [ app_begin ] --START--
INFO: Run Behavior\ReadHtmlCacheBehavior [ RunTime:0.000333s ]
INFO: [ app_begin ] --END-- [ RunTime:0.000444s ]
INFO: [ view_parse ] --START--
INFO: [ template_filter ] --START--
INFO: Run Behavior\ContentReplaceBehavior [ RunTime:0.000056s ]
INFO: [ template_filter ] --END-- [ RunTime:0.000161s ]
NOTIC: [8] Undefined variable: message E:\wamp\www\LunWen\main\Runtime\Cache\Admin\b5ef08fa5e64640072374cae7edf8894.php 第 50 行.
INFO: Run Behavior\ParseTemplateBehavior [ RunTime:0.004399s ]
INFO: [ view_parse ] --END-- [ RunTime:0.004495s ]
INFO: [ view_filter ] --START--
INFO: Run Behavior\WriteHtmlCacheBehavior [ RunTime:0.000185s ]
INFO: [ view_filter ] --END-- [ RunTime:0.000271s ]

[ 2018-12-17T12:44:04+08:00 ] ::1 /LunWen/main/index.php/Admin/Apply/apply.html
INFO: [ app_init ] --START--
INFO: Run Behavior\BuildLiteBehavior [ RunTime:0.000027s ]
INFO: [ app_init ] --END-- [ RunTime:0.000356s ]
INFO: [ app_begin ] --START--
INFO: Run Behavior\ReadHtmlCacheBehavior [ RunTime:0.000435s ]
INFO: [ app_begin ] --END-- [ RunTime:0.000544s ]
INFO: [ view_parse ] --START--
INFO: [ template_filter ] --START--
INFO: Run Behavior\ContentReplaceBehavior [ RunTime:0.000060s ]
INFO: [ template_filter ] --END-- [ RunTime:0.000159s ]
NOTIC: [8] Undefined variable: message E:\wamp\www\LunWen\main\Runtime\Cache\Admin\b5ef08fa5e64640072374cae7edf8894.php 第 50 行.
INFO: Run Behavior\ParseTemplateBehavior [ RunTime:0.005944s ]
INFO: [ view_parse ] --END-- [ RunTime:0.006096s ]
INFO: [ view_filter ] --START--
INFO: Run Behavior\WriteHtmlCacheBehavior [ RunTime:0.000266s ]
INFO: [ view_filter ] --END-- [ RunTime:0.000352s ]

[ 2018-12-17T13:51:47+08:00 ] ::1 /LunWen/main/index.php/Admin/Index/index
INFO: [ app_init ] --START--
INFO: Run Behavior\BuildLiteBehavior [ RunTime:0.000043s ]
INFO: [ app_init ] --END-- [ RunTime:0.000345s ]
INFO: [ app_begin ] --START--
INFO: Run Behavior\ReadHtmlCacheBehavior [ RunTime:0.000559s ]
INFO: [ app_begin ] --END-- [ RunTime:0.000716s ]
SQL: SHOW COLUMNS FROM `user` [ RunTime:0.0019s ]
SQL: SELECT * FROM `user` WHERE ( username='' )  [ RunTime:0.0003s ]
INFO: [ view_parse ] --START--
INFO: [ template_filter ] --START--
INFO: Run Behavior\ContentReplaceBehavior [ RunTime:0.000070s ]
INFO: [ template_filter ] --END-- [ RunTime:0.000188s ]
NOTIC: [8] Undefined variable: message E:\wamp\www\LunWen\main\Runtime\Cache\Admin\b5ef08fa5e64640072374cae7edf8894.php 第 50 行.
INFO: Run Behavior\ParseTemplateBehavior [ RunTime:0.004811s ]
INFO: [ view_parse ] --END-- [ RunTime:0.005087s ]
INFO: [ view_filter ] --START--
INFO: Run Behavior\WriteHtmlCacheBehavior [ RunTime:0.000273s ]
INFO: [ view_filter ] --END-- [ RunTime:0.000369s ]

[ 2018-12-17T13:51:48+08:00 ] ::1 /LunWen/main/index.php/Admin/User/login
INFO: [ app_init ] --START--
INFO: Run Behavior\BuildLiteBehavior [ RunTime:0.000044s ]
INFO: [ app_init ] --END-- [ RunTime:0.000646s ]
INFO: [ app_begin ] --START--
INFO: Run Behavior\ReadHtmlCacheBehavior [ RunTime:0.000668s ]
INFO: [ app_begin ] --END-- [ RunTime:0.000893s ]
SQL: SHOW COLUMNS FROM `user` [ RunTime:0.0014s ]
SQL: UPDATE `user` SET `user_statu`='0',`sessionid`='' WHERE ( username='' ) [ RunTime:0.0003s ]
INFO: [ view_parse ] --START--
INFO: [ template_filter ] --START--
INFO: Run Behavior\ContentReplaceBehavior [ RunTime:0.000061s ]
INFO: [ template_filter ] --END-- [ RunTime:0.000158s ]
INFO: Run Behavior\ParseTemplateBehavior [ RunTime:0.004818s ]
INFO: [ view_parse ] --END-- [ RunTime:0.004938s ]
INFO: [ view_filter ] --START--
INFO: Run Behavior\WriteHtmlCacheBehavior [ RunTime:0.000294s ]
INFO: [ view_filter ] --END-- [ RunTime:0.000445s ]
INFO: [ app_end ] --START--
INFO: Run Behavior\ShowPageTraceBehavior [ RunTime:0.000544s ]
INFO: [ app_end ] --END-- [ RunTime:0.000690s ]

[ 2018-12-17T13:51:55+08:00 ] ::1 /LunWen/main/index.php/Admin/User/login.html
INFO: [ app_init ] --START--
INFO: Run Behavior\BuildLiteBehavior [ RunTime:0.000020s ]
INFO: [ app_init ] --END-- [ RunTime:0.000310s ]
INFO: [ app_begin ] --START--
INFO: Run Behavior\ReadHtmlCacheBehavior [ RunTime:0.000500s ]
INFO: [ app_begin ] --END-- [ RunTime:0.000678s ]
SQL: SHOW COLUMNS FROM `user` [ RunTime:0.0008s ]
SQL: UPDATE `user` SET `user_statu`='0',`sessionid`='' WHERE ( username='' ) [ RunTime:0.0003s ]
SQL: SHOW COLUMNS FROM `school` [ RunTime:0.2234s ]
SQL: SELECT * FROM `school` WHERE ( school_name='景德镇陶瓷大学科技艺术学院' )  [ RunTime:0.0007s ]
SQL: SELECT * FROM `user`  [ RunTime:0.0007s ]
SQL: UPDATE `user` SET `user_statu`='0' WHERE ( username='xubei' ) [ RunTime:0.0012s ]
SQL: UPDATE `user` SET `user_statu`='0' WHERE ( username='admin' ) [ RunTime:0.0005s ]
SQL: SELECT * FROM `user` WHERE `username` = 'xubei' AND `school_name` = '景德镇陶瓷大学科技艺术学院' LIMIT 1   [ RunTime:0.0006s ]
SQL: UPDATE `user` SET `user_id`='1',`school_name`='景德镇陶瓷大学科技艺术学院',`username`='xubei',`password`='df8f1e47ad4a44ead2ff4917c2538089',`phone`='18579250335',`salt`='ala(&&aa',`user_statu`='1',`start_time`='2018-12-17 13:51:54',`off_time`='2018-12-16 17:50:13',`host`='::1',`sessionid`='741696695734205' WHERE ( username='xubei' ) [ RunTime:0.0006s ]
INFO: [ view_parse ] --START--
INFO: [ template_filter ] --START--
INFO: Run Behavior\ContentReplaceBehavior [ RunTime:0.000152s ]
INFO: [ template_filter ] --END-- [ RunTime:0.000411s ]
INFO: Run Behavior\ParseTemplateBehavior [ RunTime:0.014051s ]
INFO: [ view_parse ] --END-- [ RunTime:0.014305s ]
INFO: [ view_filter ] --START--
INFO: Run Behavior\WriteHtmlCacheBehavior [ RunTime:0.000506s ]
INFO: [ view_filter ] --END-- [ RunTime:0.000722s ]
INFO: [ view_parse ] --START--
INFO: [ template_filter ] --START--
INFO: Run Behavior\ContentReplaceBehavior [ RunTime:0.000179s ]
INFO: [ template_filter ] --END-- [ RunTime:-0.007989s ]
INFO: Run Behavior\ParseTemplateBehavior [ RunTime:0.009009s ]
INFO: [ view_parse ] --END-- [ RunTime:-0.001472s ]
INFO: [ view_filter ] --START--
INFO: Run Behavior\WriteHtmlCacheBehavior [ RunTime:0.000061s ]
INFO: [ view_filter ] --END-- [ RunTime:-0.010008s ]
INFO: [ app_end ] --START--
INFO: Run Behavior\ShowPageTraceBehavior [ RunTime:0.000588s ]
INFO: [ app_end ] --END-- [ RunTime:0.000710s ]

[ 2018-12-17T13:51:56+08:00 ] ::1 /LunWen/main/index.php/Admin/Index/index.html
INFO: [ app_init ] --START--
INFO: Run Behavior\BuildLiteBehavior [ RunTime:0.000022s ]
INFO: [ app_init ] --END-- [ RunTime:0.000346s ]
INFO: [ app_begin ] --START--
INFO: Run Behavior\ReadHtmlCacheBehavior [ RunTime:0.000412s ]
INFO: [ app_begin ] --END-- [ RunTime:0.000541s ]
SQL: SHOW COLUMNS FROM `user` [ RunTime:0.0016s ]
SQL: SELECT * FROM `user` WHERE ( username='xubei' )  [ RunTime:0.0004s ]
SQL: SHOW COLUMNS FROM `school` [ RunTime:0.0008s ]
SQL: SELECT * FROM `school`  [ RunTime:0.0002s ]
SQL: SHOW COLUMNS FROM `lunwen` [ RunTime:0.0761s ]
SQL: SELECT * FROM `lunwen` WHERE ( school_name='景德镇陶瓷大学科技艺术学院' )  [ RunTime:0.0004s ]
SQL: SHOW COLUMNS FROM `lunwenbook` [ RunTime:0.0412s ]
SQL: SELECT * FROM `lunwenbook` WHERE ( school_name='景德镇陶瓷大学科技艺术学院' )  [ RunTime:0.0080s ]
SQL: SELECT * FROM `user` WHERE ( school_name='景德镇陶瓷大学科技艺术学院' )  [ RunTime:0.0005s ]
SQL: SHOW COLUMNS FROM `consumer` [ RunTime:0.0691s ]
SQL: SELECT * FROM `consumer` WHERE ( school_name='景德镇陶瓷大学科技艺术学院' )  [ RunTime:0.0004s ]
SQL: SHOW COLUMNS FROM `poplunwen` [ RunTime:0.0354s ]
SQL: SELECT * FROM `poplunwen` WHERE ( school_name='景德镇陶瓷大学科技艺术学院' and todaytime='2018-12-17' )  [ RunTime:0.0152s ]
SQL: SHOW COLUMNS FROM `sele` [ RunTime:0.0570s ]
SQL: SELECT * FROM `sele` WHERE ( school_name='景德镇陶瓷大学科技艺术学院' )  [ RunTime:0.0068s ]
INFO: [ view_parse ] --START--
INFO: [ template_filter ] --START--
INFO: Run Behavior\ContentReplaceBehavior [ RunTime:0.000215s ]
INFO: [ template_filter ] --END-- [ RunTime:0.000465s ]
INFO: Run Behavior\ParseTemplateBehavior [ RunTime:0.021998s ]
INFO: [ view_parse ] --END-- [ RunTime:0.022214s ]
INFO: [ view_filter ] --START--
INFO: Run Behavior\WriteHtmlCacheBehavior [ RunTime:0.000292s ]
INFO: [ view_filter ] --END-- [ RunTime:0.000380s ]
INFO: [ app_end ] --START--
INFO: Run Behavior\ShowPageTraceBehavior [ RunTime:0.000425s ]
INFO: [ app_end ] --END-- [ RunTime:0.000553s ]

[ 2018-12-17T13:51:56+08:00 ] ::1 /LunWen/main/index.php/Admin/Data/getWeekData
INFO: [ app_init ] --START--
INFO: Run Behavior\BuildLiteBehavior [ RunTime:0.000022s ]
INFO: [ app_init ] --END-- [ RunTime:0.000377s ]
INFO: [ app_begin ] --START--
INFO: Run Behavior\ReadHtmlCacheBehavior [ RunTime:0.000610s ]
INFO: [ app_begin ] --END-- [ RunTime:0.000767s ]
SQL: SHOW COLUMNS FROM `school` [ RunTime:0.0011s ]
SQL: SELECT * FROM `school`  [ RunTime:0.0010s ]
SQL: SHOW COLUMNS FROM `borrow` [ RunTime:0.0698s ]
SQL: SHOW COLUMNS FROM `likeclick` [ RunTime:0.0316s ]
SQL: SELECT * FROM `likeclick` WHERE ( click_date>=1544976000 and click_date<=1545062400 and school_name='景德镇陶瓷大学科技艺术学院' )  [ RunTime:0.0005s ]
SQL: SELECT * FROM `borrow` WHERE ( borrow_time>=1544976000 and borrow_time<=1545062400 and school_name='景德镇陶瓷大学科技艺术学院' )  [ RunTime:0.0002s ]
SQL: SHOW COLUMNS FROM `consumer` [ RunTime:0.0009s ]
SQL: SELECT * FROM `consumer` WHERE ( reg_time>=1544976000 and reg_time<=1545062400 and school_name='景德镇陶瓷大学科技艺术学院' )  [ RunTime:0.0003s ]
NOTIC: [8] Undefined offset: 2 E:\wamp\www\LunWen\main\Admin\Controller\DataController.class.php 第 304 行.
NOTIC: [8] Undefined offset: 3 E:\wamp\www\LunWen\main\Admin\Controller\DataController.class.php 第 304 行.
NOTIC: [8] Undefined offset: 4 E:\wamp\www\LunWen\main\Admin\Controller\DataController.class.php 第 304 行.
NOTIC: [8] Undefined offset: 5 E:\wamp\www\LunWen\main\Admin\Controller\DataController.class.php 第 304 行.
NOTIC: [8] Undefined offset: 6 E:\wamp\www\LunWen\main\Admin\Controller\DataController.class.php 第 304 行.
NOTIC: [8] Undefined offset: 7 E:\wamp\www\LunWen\main\Admin\Controller\DataController.class.php 第 304 行.
INFO: [ app_end ] --START--
INFO: Run Behavior\ShowPageTraceBehavior [ RunTime:0.000461s ]
INFO: [ app_end ] --END-- [ RunTime:0.000554s ]

[ 2018-12-17T13:51:56+08:00 ] ::1 /LunWen/main/index.php/Admin/Data/getMonthData
INFO: [ app_init ] --START--
INFO: Run Behavior\BuildLiteBehavior [ RunTime:0.000024s ]
INFO: [ app_init ] --END-- [ RunTime:0.000399s ]
INFO: [ app_begin ] --START--
INFO: Run Behavior\ReadHtmlCacheBehavior [ RunTime:0.000392s ]
INFO: [ app_begin ] --END-- [ RunTime:0.000486s ]
SQL: SHOW COLUMNS FROM `school` [ RunTime:0.0011s ]
SQL: SELECT * FROM `school`  [ RunTime:0.0003s ]
SQL: SHOW COLUMNS FROM `poplunwen` [ RunTime:0.0011s ]
SQL: SELECT * FROM `poplunwen` WHERE ( todaytime>='2018-11-17' and todaytime<='2018-12-17' and school_name='景德镇陶瓷大学科技艺术学院' )  [ RunTime:0.0005s ]
SQL: SHOW COLUMNS FROM `sele` [ RunTime:0.0010s ]
SQL: SELECT * FROM `sele`  [ RunTime:0.0003s ]
NOTIC: [2] Division by zero E:\wamp\www\LunWen\main\Admin\Controller\DataController.class.php 第 365 行.
NOTIC: [2] Division by zero E:\wamp\www\LunWen\main\Admin\Controller\DataController.class.php 第 365 行.
NOTIC: [2] Division by zero E:\wamp\www\LunWen\main\Admin\Controller\DataController.class.php 第 365 行.
INFO: [ app_end ] --START--
INFO: Run Behavior\ShowPageTraceBehavior [ RunTime:0.000494s ]
INFO: [ app_end ] --END-- [ RunTime:0.000587s ]

[ 2018-12-17T13:53:52+08:00 ] ::1 /LunWen/main/index.php/Admin/Index/index.html
INFO: [ app_init ] --START--
INFO: Run Behavior\BuildLiteBehavior [ RunTime:0.000023s ]
INFO: [ app_init ] --END-- [ RunTime:0.000379s ]
INFO: [ app_begin ] --START--
INFO: Run Behavior\ReadHtmlCacheBehavior [ RunTime:0.000702s ]
INFO: [ app_begin ] --END-- [ RunTime:0.000930s ]
SQL: SHOW COLUMNS FROM `user` [ RunTime:0.0013s ]
SQL: SELECT * FROM `user` WHERE ( username='xubei' )  [ RunTime:0.0006s ]
SQL: SHOW COLUMNS FROM `school` [ RunTime:0.0009s ]
SQL: SELECT * FROM `school`  [ RunTime:0.0003s ]
SQL: SHOW COLUMNS FROM `lunwen` [ RunTime:0.0009s ]
SQL: SELECT * FROM `lunwen` WHERE ( school_name='景德镇陶瓷大学科技艺术学院' )  [ RunTime:0.0005s ]
SQL: SHOW COLUMNS FROM `lunwenbook` [ RunTime:0.0008s ]
SQL: SELECT * FROM `lunwenbook` WHERE ( school_name='景德镇陶瓷大学科技艺术学院' )  [ RunTime:0.0003s ]
SQL: SELECT * FROM `user` WHERE ( school_name='景德镇陶瓷大学科技艺术学院' )  [ RunTime:0.0003s ]
SQL: SHOW COLUMNS FROM `consumer` [ RunTime:0.0010s ]
SQL: SELECT * FROM `consumer` WHERE ( school_name='景德镇陶瓷大学科技艺术学院' )  [ RunTime:0.0004s ]
SQL: SHOW COLUMNS FROM `poplunwen` [ RunTime:0.0010s ]
SQL: SELECT * FROM `poplunwen` WHERE ( school_name='景德镇陶瓷大学科技艺术学院' and todaytime='2018-12-17' )  [ RunTime:0.0002s ]
SQL: SHOW COLUMNS FROM `sele` [ RunTime:0.0010s ]
SQL: SELECT * FROM `sele` WHERE ( school_name='景德镇陶瓷大学科技艺术学院' )  [ RunTime:0.0003s ]
INFO: [ view_parse ] --START--
INFO: [ template_filter ] --START--
INFO: Run Behavior\ContentReplaceBehavior [ RunTime:0.000117s ]
INFO: [ template_filter ] --END-- [ RunTime:0.000219s ]
INFO: Run Behavior\ParseTemplateBehavior [ RunTime:0.015144s ]
INFO: [ view_parse ] --END-- [ RunTime:0.015262s ]
INFO: [ view_filter ] --START--
INFO: Run Behavior\WriteHtmlCacheBehavior [ RunTime:0.000301s ]
INFO: [ view_filter ] --END-- [ RunTime:0.000427s ]
INFO: [ app_end ] --START--
INFO: Run Behavior\ShowPageTraceBehavior [ RunTime:0.000630s ]
INFO: [ app_end ] --END-- [ RunTime:0.000793s ]

[ 2018-12-17T13:53:52+08:00 ] ::1 /LunWen/main/index.php/Admin/Data/getWeekData
INFO: [ app_init ] --START--
INFO: Run Behavior\BuildLiteBehavior [ RunTime:0.000020s ]
INFO: [ app_init ] --END-- [ RunTime:0.000316s ]
INFO: [ app_begin ] --START--
INFO: Run Behavior\ReadHtmlCacheBehavior [ RunTime:0.000336s ]
INFO: [ app_begin ] --END-- [ RunTime:0.000412s ]
SQL: SHOW COLUMNS FROM `school` [ RunTime:0.0008s ]
SQL: SELECT * FROM `school`  [ RunTime:0.0003s ]
SQL: SHOW COLUMNS FROM `borrow` [ RunTime:0.0007s ]
SQL: SHOW COLUMNS FROM `likeclick` [ RunTime:0.0005s ]
SQL: SELECT * FROM `likeclick` WHERE ( click_date>=1544976000 and click_date<=1545062400 and school_name='景德镇陶瓷大学科技艺术学院' )  [ RunTime:0.0001s ]
SQL: SELECT * FROM `borrow` WHERE ( borrow_time>=1544976000 and borrow_time<=1545062400 and school_name='景德镇陶瓷大学科技艺术学院' )  [ RunTime:0.0001s ]
SQL: SHOW COLUMNS FROM `consumer` [ RunTime:0.0006s ]
SQL: SELECT * FROM `consumer` WHERE ( reg_time>=1544976000 and reg_time<=1545062400 and school_name='景德镇陶瓷大学科技艺术学院' )  [ RunTime:0.0001s ]
NOTIC: [8] Undefined offset: 2 E:\wamp\www\LunWen\main\Admin\Controller\DataController.class.php 第 304 行.
NOTIC: [8] Undefined offset: 3 E:\wamp\www\LunWen\main\Admin\Controller\DataController.class.php 第 304 行.
NOTIC: [8] Undefined offset: 4 E:\wamp\www\LunWen\main\Admin\Controller\DataController.class.php 第 304 行.
NOTIC: [8] Undefined offset: 5 E:\wamp\www\LunWen\main\Admin\Controller\DataController.class.php 第 304 行.
NOTIC: [8] Undefined offset: 6 E:\wamp\www\LunWen\main\Admin\Controller\DataController.class.php 第 304 行.
NOTIC: [8] Undefined offset: 7 E:\wamp\www\LunWen\main\Admin\Controller\DataController.class.php 第 304 行.
INFO: [ app_end ] --START--
INFO: Run Behavior\ShowPageTraceBehavior [ RunTime:0.000501s ]
INFO: [ app_end ] --END-- [ RunTime:0.000579s ]

[ 2018-12-17T13:53:52+08:00 ] ::1 /LunWen/main/index.php/Admin/Data/getMonthData
INFO: [ app_init ] --START--
INFO: Run Behavior\BuildLiteBehavior [ RunTime:0.000020s ]
INFO: [ app_init ] --END-- [ RunTime:0.000320s ]
INFO: [ app_begin ] --START--
INFO: Run Behavior\ReadHtmlCacheBehavior [ RunTime:0.000348s ]
INFO: [ app_begin ] --END-- [ RunTime:0.000457s ]
SQL: SHOW COLUMNS FROM `school` [ RunTime:0.0010s ]
SQL: SELECT * FROM `school`  [ RunTime:0.0004s ]
SQL: SHOW COLUMNS FROM `poplunwen` [ RunTime:0.0007s ]
SQL: SELECT * FROM `poplunwen` WHERE ( todaytime>='2018-11-17' and todaytime<='2018-12-17' and school_name='景德镇陶瓷大学科技艺术学院' )  [ RunTime:0.0002s ]
SQL: SHOW COLUMNS FROM `sele` [ RunTime:0.0006s ]
SQL: SELECT * FROM `sele`  [ RunTime:0.0001s ]
NOTIC: [2] Division by zero E:\wamp\www\LunWen\main\Admin\Controller\DataController.class.php 第 365 行.
NOTIC: [2] Division by zero E:\wamp\www\LunWen\main\Admin\Controller\DataController.class.php 第 365 行.
NOTIC: [2] Division by zero E:\wamp\www\LunWen\main\Admin\Controller\DataController.class.php 第 365 行.
INFO: [ app_end ] --START--
INFO: Run Behavior\ShowPageTraceBehavior [ RunTime:0.000721s ]
INFO: [ app_end ] --END-- [ RunTime:0.000840s ]

[ 2018-12-17T13:54:57+08:00 ] ::1 /LunWen/main/index.php/Admin/Index/index.html
INFO: [ app_init ] --START--
INFO: Run Behavior\BuildLiteBehavior [ RunTime:0.000024s ]
INFO: [ app_init ] --END-- [ RunTime:0.000394s ]
INFO: [ app_begin ] --START--
INFO: Run Behavior\ReadHtmlCacheBehavior [ RunTime:0.000405s ]
INFO: [ app_begin ] --END-- [ RunTime:0.000533s ]
SQL: SHOW COLUMNS FROM `user` [ RunTime:0.0020s ]
SQL: SELECT * FROM `user` WHERE ( username='xubei' )  [ RunTime:0.0006s ]
SQL: SHOW COLUMNS FROM `school` [ RunTime:0.0008s ]
SQL: SELECT * FROM `school`  [ RunTime:0.0002s ]
SQL: SHOW COLUMNS FROM `lunwen` [ RunTime:0.0009s ]
SQL: SELECT * FROM `lunwen` WHERE ( school_name='景德镇陶瓷大学科技艺术学院' )  [ RunTime:0.0004s ]
SQL: SHOW COLUMNS FROM `lunwenbook` [ RunTime:0.0010s ]
SQL: SELECT * FROM `lunwenbook` WHERE ( school_name='景德镇陶瓷大学科技艺术学院' )  [ RunTime:0.0010s ]
SQL: SELECT * FROM `user` WHERE ( school_name='景德镇陶瓷大学科技艺术学院' )  [ RunTime:0.0004s ]
SQL: SHOW COLUMNS FROM `consumer` [ RunTime:0.0008s ]
SQL: SELECT * FROM `consumer` WHERE ( school_name='景德镇陶瓷大学科技艺术学院' )  [ RunTime:0.0002s ]
SQL: SHOW COLUMNS FROM `poplunwen` [ RunTime:0.0007s ]
SQL: SELECT * FROM `poplunwen` WHERE ( school_name='景德镇陶瓷大学科技艺术学院' and todaytime='2018-12-17' )  [ RunTime:0.0002s ]
SQL: SHOW COLUMNS FROM `sele` [ RunTime:0.0007s ]
SQL: SELECT * FROM `sele` WHERE ( school_name='景德镇陶瓷大学科技艺术学院' )  [ RunTime:0.0002s ]
INFO: [ view_parse ] --START--
INFO: [ template_filter ] --START--
INFO: Run Behavior\ContentReplaceBehavior [ RunTime:0.000196s ]
INFO: [ template_filter ] --END-- [ RunTime:0.000435s ]
INFO: Run Behavior\ParseTemplateBehavior [ RunTime:0.014822s ]
INFO: [ view_parse ] --END-- [ RunTime:0.014926s ]
INFO: [ view_filter ] --START--
INFO: Run Behavior\WriteHtmlCacheBehavior [ RunTime:0.000343s ]
INFO: [ view_filter ] --END-- [ RunTime:0.000431s ]
INFO: [ app_end ] --START--
INFO: Run Behavior\ShowPageTraceBehavior [ RunTime:0.000605s ]
INFO: [ app_end ] --END-- [ RunTime:0.000780s ]

[ 2018-12-17T13:54:57+08:00 ] ::1 /LunWen/main/index.php/Admin/Data/getWeekData
INFO: [ app_init ] --START--
INFO: Run Behavior\BuildLiteBehavior [ RunTime:0.000118s ]
INFO: [ app_init ] --END-- [ RunTime:0.001097s ]
INFO: [ app_begin ] --START--
INFO: Run Behavior\ReadHtmlCacheBehavior [ RunTime:0.000638s ]
INFO: [ app_begin ] --END-- [ RunTime:0.000775s ]
SQL: SHOW COLUMNS FROM `school` [ RunTime:0.0007s ]
SQL: SELECT * FROM `school`  [ RunTime:0.0002s ]
SQL: SHOW COLUMNS FROM `borrow` [ RunTime:0.0006s ]
SQL: SHOW COLUMNS FROM `likeclick` [ RunTime:0.0015s ]
SQL: SELECT * FROM `likeclick` WHERE ( click_date>=1544976000 and click_date<=1545062400 and school_name='景德镇陶瓷大学科技艺术学院' )  [ RunTime:0.0003s ]
SQL: SELECT * FROM `borrow` WHERE ( borrow_time>=1544976000 and borrow_time<=1545062400 and school_name='景德镇陶瓷大学科技艺术学院' )  [ RunTime:0.0003s ]
SQL: SHOW COLUMNS FROM `consumer` [ RunTime:0.0012s ]
SQL: SELECT * FROM `consumer` WHERE ( reg_time>=1544976000 and reg_time<=1545062400 and school_name='景德镇陶瓷大学科技艺术学院' )  [ RunTime:0.0004s ]
NOTIC: [8] Undefined offset: 2 E:\wamp\www\LunWen\main\Admin\Controller\DataController.class.php 第 304 行.
NOTIC: [8] Undefined offset: 3 E:\wamp\www\LunWen\main\Admin\Controller\DataController.class.php 第 304 行.
NOTIC: [8] Undefined offset: 4 E:\wamp\www\LunWen\main\Admin\Controller\DataController.class.php 第 304 行.
NOTIC: [8] Undefined offset: 5 E:\wamp\www\LunWen\main\Admin\Controller\DataController.class.php 第 304 行.
NOTIC: [8] Undefined offset: 6 E:\wamp\www\LunWen\main\Admin\Controller\DataController.class.php 第 304 行.
NOTIC: [8] Undefined offset: 7 E:\wamp\www\LunWen\main\Admin\Controller\DataController.class.php 第 304 行.
INFO: [ app_end ] --START--
INFO: Run Behavior\ShowPageTraceBehavior [ RunTime:0.000688s ]
INFO: [ app_end ] --END-- [ RunTime:0.000783s ]

[ 2018-12-17T13:54:57+08:00 ] ::1 /LunWen/main/index.php/Admin/Data/getMonthData
INFO: [ app_init ] --START--
INFO: Run Behavior\BuildLiteBehavior [ RunTime:0.000043s ]
INFO: [ app_init ] --END-- [ RunTime:0.000600s ]
INFO: [ app_begin ] --START--
INFO: Run Behavior\ReadHtmlCacheBehavior [ RunTime:0.000615s ]
INFO: [ app_begin ] --END-- [ RunTime:0.000797s ]
SQL: SHOW COLUMNS FROM `school` [ RunTime:0.0009s ]
SQL: SELECT * FROM `school`  [ RunTime:0.0002s ]
SQL: SHOW COLUMNS FROM `poplunwen` [ RunTime:0.0008s ]
SQL: SELECT * FROM `poplunwen` WHERE ( todaytime>='2018-11-17' and todaytime<='2018-12-17' and school_name='景德镇陶瓷大学科技艺术学院' )  [ RunTime:0.0002s ]
SQL: SHOW COLUMNS FROM `sele` [ RunTime:0.0008s ]
SQL: SELECT * FROM `sele`  [ RunTime:0.0003s ]
NOTIC: [2] Division by zero E:\wamp\www\LunWen\main\Admin\Controller\DataController.class.php 第 365 行.
NOTIC: [2] Division by zero E:\wamp\www\LunWen\main\Admin\Controller\DataController.class.php 第 365 行.
NOTIC: [2] Division by zero E:\wamp\www\LunWen\main\Admin\Controller\DataController.class.php 第 365 行.
INFO: [ app_end ] --START--
INFO: Run Behavior\ShowPageTraceBehavior [ RunTime:0.000795s ]
INFO: [ app_end ] --END-- [ RunTime:0.000988s ]

[ 2018-12-17T13:57:22+08:00 ] ::1 /LunWen/main/index.php/Admin/Index/index.html
INFO: [ app_init ] --START--
INFO: Run Behavior\BuildLiteBehavior [ RunTime:0.000020s ]
INFO: [ app_init ] --END-- [ RunTime:0.000321s ]
INFO: [ app_begin ] --START--
INFO: Run Behavior\ReadHtmlCacheBehavior [ RunTime:0.000393s ]
INFO: [ app_begin ] --END-- [ RunTime:0.000526s ]
SQL: SHOW COLUMNS FROM `user` [ RunTime:0.0011s ]
SQL: SELECT * FROM `user` WHERE ( username='xubei' )  [ RunTime:0.0003s ]
SQL: SHOW COLUMNS FROM `school` [ RunTime:0.0008s ]
SQL: SELECT * FROM `school`  [ RunTime:0.0003s ]
SQL: SHOW COLUMNS FROM `lunwen` [ RunTime:0.0010s ]
SQL: SELECT * FROM `lunwen` WHERE ( school_name='景德镇陶瓷大学科技艺术学院' )  [ RunTime:0.0004s ]
SQL: SHOW COLUMNS FROM `lunwenbook` [ RunTime:0.0013s ]
SQL: SELECT * FROM `lunwenbook` WHERE ( school_name='景德镇陶瓷大学科技艺术学院' )  [ RunTime:0.0007s ]
SQL: SELECT * FROM `user` WHERE ( school_name='景德镇陶瓷大学科技艺术学院' )  [ RunTime:0.0004s ]
SQL: SHOW COLUMNS FROM `consumer` [ RunTime:0.0008s ]
SQL: SELECT * FROM `consumer` WHERE ( school_name='景德镇陶瓷大学科技艺术学院' )  [ RunTime:0.0003s ]
SQL: SHOW COLUMNS FROM `poplunwen` [ RunTime:0.0007s ]
SQL: SELECT * FROM `poplunwen` WHERE ( school_name='景德镇陶瓷大学科技艺术学院' and todaytime='2018-12-17' )  [ RunTime:0.0003s ]
SQL: SHOW COLUMNS FROM `sele` [ RunTime:0.0006s ]
SQL: SELECT * FROM `sele` WHERE ( school_name='景德镇陶瓷大学科技艺术学院' )  [ RunTime:0.0002s ]
INFO: [ view_parse ] --START--
INFO: [ template_filter ] --START--
INFO: Run Behavior\ContentReplaceBehavior [ RunTime:0.000177s ]
INFO: [ template_filter ] --END-- [ RunTime:0.000313s ]
INFO: Run Behavior\ParseTemplateBehavior [ RunTime:0.014738s ]
INFO: [ view_parse ] --END-- [ RunTime:0.014845s ]
INFO: [ view_filter ] --START--
INFO: Run Behavior\WriteHtmlCacheBehavior [ RunTime:0.000268s ]
INFO: [ view_filter ] --END-- [ RunTime:0.000356s ]
INFO: [ app_end ] --START--
INFO: Run Behavior\ShowPageTraceBehavior [ RunTime:0.000424s ]
INFO: [ app_end ] --END-- [ RunTime:0.000570s ]

[ 2018-12-17T13:57:22+08:00 ] ::1 /LunWen/main/index.php/Admin/Data/getWeekData
INFO: [ app_init ] --START--
INFO: Run Behavior\BuildLiteBehavior [ RunTime:0.000020s ]
INFO: [ app_init ] --END-- [ RunTime:0.000349s ]
INFO: [ app_begin ] --START--
INFO: Run Behavior\ReadHtmlCacheBehavior [ RunTime:0.000360s ]
INFO: [ app_begin ] --END-- [ RunTime:0.000437s ]
SQL: SHOW COLUMNS FROM `school` [ RunTime:0.0016s ]
SQL: SELECT * FROM `school`  [ RunTime:0.0004s ]
SQL: SHOW COLUMNS FROM `borrow` [ RunTime:0.0007s ]
SQL: SHOW COLUMNS FROM `likeclick` [ RunTime:0.0006s ]
SQL: SELECT * FROM `likeclick` WHERE ( click_date>=1544976000 and click_date<=1545062400 and school_name='景德镇陶瓷大学科技艺术学院' )  [ RunTime:0.0002s ]
SQL: SELECT * FROM `borrow` WHERE ( borrow_time>=1544976000 and borrow_time<=1545062400 and school_name='景德镇陶瓷大学科技艺术学院' )  [ RunTime:0.0002s ]
SQL: SHOW COLUMNS FROM `consumer` [ RunTime:0.0006s ]
SQL: SELECT * FROM `consumer` WHERE ( reg_time>=1544976000 and reg_time<=1545062400 and school_name='景德镇陶瓷大学科技艺术学院' )  [ RunTime:0.0002s ]
NOTIC: [8] Undefined offset: 2 E:\wamp\www\LunWen\main\Admin\Controller\DataController.class.php 第 304 行.
NOTIC: [8] Undefined offset: 3 E:\wamp\www\LunWen\main\Admin\Controller\DataController.class.php 第 304 行.
NOTIC: [8] Undefined offset: 4 E:\wamp\www\LunWen\main\Admin\Controller\DataController.class.php 第 304 行.
NOTIC: [8] Undefined offset: 5 E:\wamp\www\LunWen\main\Admin\Controller\DataController.class.php 第 304 行.
NOTIC: [8] Undefined offset: 6 E:\wamp\www\LunWen\main\Admin\Controller\DataController.class.php 第 304 行.
NOTIC: [8] Undefined offset: 7 E:\wamp\www\LunWen\main\Admin\Controller\DataController.class.php 第 304 行.
INFO: [ app_end ] --START--
INFO: Run Behavior\ShowPageTraceBehavior [ RunTime:0.000433s ]
INFO: [ app_end ] --END-- [ RunTime:0.000509s ]

[ 2018-12-17T13:57:22+08:00 ] ::1 /LunWen/main/index.php/Admin/Data/getMonthData
INFO: [ app_init ] --START--
INFO: Run Behavior\BuildLiteBehavior [ RunTime:0.000039s ]
INFO: [ app_init ] --END-- [ RunTime:0.000575s ]
INFO: [ app_begin ] --START--
INFO: Run Behavior\ReadHtmlCacheBehavior [ RunTime:0.000476s ]
INFO: [ app_begin ] --END-- [ RunTime:0.000611s ]
SQL: SHOW COLUMNS FROM `school` [ RunTime:0.0007s ]
SQL: SELECT * FROM `school`  [ RunTime:0.0002s ]
SQL: SHOW COLUMNS FROM `poplunwen` [ RunTime:0.0007s ]
SQL: SELECT * FROM `poplunwen` WHERE ( todaytime>='2018-11-17' and todaytime<='2018-12-17' and school_name='景德镇陶瓷大学科技艺术学院' )  [ RunTime:0.0002s ]
SQL: SHOW COLUMNS FROM `sele` [ RunTime:0.0006s ]
SQL: SELECT * FROM `sele`  [ RunTime:0.0002s ]
NOTIC: [2] Division by zero E:\wamp\www\LunWen\main\Admin\Controller\DataController.class.php 第 365 行.
NOTIC: [2] Division by zero E:\wamp\www\LunWen\main\Admin\Controller\DataController.class.php 第 365 行.
NOTIC: [2] Division by zero E:\wamp\www\LunWen\main\Admin\Controller\DataController.class.php 第 365 行.
INFO: [ app_end ] --START--
INFO: Run Behavior\ShowPageTraceBehavior [ RunTime:0.000424s ]
INFO: [ app_end ] --END-- [ RunTime:0.000554s ]

[ 2018-12-17T13:57:25+08:00 ] ::1 /LunWen/main/index.php/Admin/Index/index.html
INFO: [ app_init ] --START--
INFO: Run Behavior\BuildLiteBehavior [ RunTime:0.000046s ]
INFO: [ app_init ] --END-- [ RunTime:0.000647s ]
INFO: [ app_begin ] --START--
INFO: Run Behavior\ReadHtmlCacheBehavior [ RunTime:0.000672s ]
INFO: [ app_begin ] --END-- [ RunTime:0.000953s ]
SQL: SHOW COLUMNS FROM `user` [ RunTime:0.0006s ]
SQL: SELECT * FROM `user` WHERE ( username='xubei' )  [ RunTime:0.0003s ]
SQL: SHOW COLUMNS FROM `school` [ RunTime:0.0016s ]
SQL: SELECT * FROM `school`  [ RunTime:0.0004s ]
SQL: SHOW COLUMNS FROM `lunwen` [ RunTime:0.0013s ]
SQL: SELECT * FROM `lunwen` WHERE ( school_name='景德镇陶瓷大学科技艺术学院' )  [ RunTime:0.0004s ]
SQL: SHOW COLUMNS FROM `lunwenbook` [ RunTime:0.0008s ]
SQL: SELECT * FROM `lunwenbook` WHERE ( school_name='景德镇陶瓷大学科技艺术学院' )  [ RunTime:0.0003s ]
SQL: SELECT * FROM `user` WHERE ( school_name='景德镇陶瓷大学科技艺术学院' )  [ RunTime:0.0002s ]
SQL: SHOW COLUMNS FROM `consumer` [ RunTime:0.0007s ]
SQL: SELECT * FROM `consumer` WHERE ( school_name='景德镇陶瓷大学科技艺术学院' )  [ RunTime:0.0002s ]
SQL: SHOW COLUMNS FROM `poplunwen` [ RunTime:0.0007s ]
SQL: SELECT * FROM `poplunwen` WHERE ( school_name='景德镇陶瓷大学科技艺术学院' and todaytime='2018-12-17' )  [ RunTime:0.0002s ]
SQL: SHOW COLUMNS FROM `sele` [ RunTime:0.0007s ]
SQL: SELECT * FROM `sele` WHERE ( school_name='景德镇陶瓷大学科技艺术学院' )  [ RunTime:0.0003s ]
INFO: [ view_parse ] --START--
INFO: [ template_filter ] --START--
INFO: Run Behavior\ContentReplaceBehavior [ RunTime:0.000123s ]
INFO: [ template_filter ] --END-- [ RunTime:0.000235s ]
INFO: Run Behavior\ParseTemplateBehavior [ RunTime:0.012812s ]
INFO: [ view_parse ] --END-- [ RunTime:0.012985s ]
INFO: [ view_filter ] --START--
INFO: Run Behavior\WriteHtmlCacheBehavior [ RunTime:0.000355s ]
INFO: [ view_filter ] --END-- [ RunTime:0.000511s ]
INFO: [ app_end ] --START--
INFO: Run Behavior\ShowPageTraceBehavior [ RunTime:0.000730s ]
INFO: [ app_end ] --END-- [ RunTime:0.000946s ]

[ 2018-12-17T13:57:25+08:00 ] ::1 /LunWen/main/index.php/Admin/Data/getWeekData
INFO: [ app_init ] --START--
INFO: Run Behavior\BuildLiteBehavior [ RunTime:0.000021s ]
INFO: [ app_init ] --END-- [ RunTime:0.000389s ]
INFO: [ app_begin ] --START--
INFO: Run Behavior\ReadHtmlCacheBehavior [ RunTime:0.000361s ]
INFO: [ app_begin ] --END-- [ RunTime:0.000477s ]
SQL: SHOW COLUMNS FROM `school` [ RunTime:0.0009s ]
SQL: SELECT * FROM `school`  [ RunTime:0.0004s ]
SQL: SHOW COLUMNS FROM `borrow` [ RunTime:0.0013s ]
SQL: SHOW COLUMNS FROM `likeclick` [ RunTime:0.0013s ]
SQL: SELECT * FROM `likeclick` WHERE ( click_date>=1544976000 and click_date<=1545062400 and school_name='景德镇陶瓷大学科技艺术学院' )  [ RunTime:0.0002s ]
SQL: SELECT * FROM `borrow` WHERE ( borrow_time>=1544976000 and borrow_time<=1545062400 and school_name='景德镇陶瓷大学科技艺术学院' )  [ RunTime:0.0002s ]
SQL: SHOW COLUMNS FROM `consumer` [ RunTime:0.0007s ]
SQL: SELECT * FROM `consumer` WHERE ( reg_time>=1544976000 and reg_time<=1545062400 and school_name='景德镇陶瓷大学科技艺术学院' )  [ RunTime:0.0003s ]
NOTIC: [8] Undefined offset: 2 E:\wamp\www\LunWen\main\Admin\Controller\DataController.class.php 第 304 行.
NOTIC: [8] Undefined offset: 3 E:\wamp\www\LunWen\main\Admin\Controller\DataController.class.php 第 304 行.
NOTIC: [8] Undefined offset: 4 E:\wamp\www\LunWen\main\Admin\Controller\DataController.class.php 第 304 行.
NOTIC: [8] Undefined offset: 5 E:\wamp\www\LunWen\main\Admin\Controller\DataController.class.php 第 304 行.
NOTIC: [8] Undefined offset: 6 E:\wamp\www\LunWen\main\Admin\Controller\DataController.class.php 第 304 行.
NOTIC: [8] Undefined offset: 7 E:\wamp\www\LunWen\main\Admin\Controller\DataController.class.php 第 304 行.
INFO: [ app_end ] --START--
INFO: Run Behavior\ShowPageTraceBehavior [ RunTime:0.000591s ]
INFO: [ app_end ] --END-- [ RunTime:0.000681s ]

[ 2018-12-17T13:57:25+08:00 ] ::1 /LunWen/main/index.php/Admin/Data/getMonthData
INFO: [ app_init ] --START--
INFO: Run Behavior\BuildLiteBehavior [ RunTime:0.000019s ]
INFO: [ app_init ] --END-- [ RunTime:0.000344s ]
INFO: [ app_begin ] --START--
INFO: Run Behavior\ReadHtmlCacheBehavior [ RunTime:0.000369s ]
INFO: [ app_begin ] --END-- [ RunTime:0.000445s ]
SQL: SHOW COLUMNS FROM `school` [ RunTime:0.0011s ]
SQL: SELECT * FROM `school`  [ RunTime:0.0003s ]
SQL: SHOW COLUMNS FROM `poplunwen` [ RunTime:0.0008s ]
SQL: SELECT * FROM `poplunwen` WHERE ( todaytime>='2018-11-17' and todaytime<='2018-12-17' and school_name='景德镇陶瓷大学科技艺术学院' )  [ RunTime:0.0003s ]
SQL: SHOW COLUMNS FROM `sele` [ RunTime:0.0010s ]
SQL: SELECT * FROM `sele`  [ RunTime:0.0003s ]
NOTIC: [2] Division by zero E:\wamp\www\LunWen\main\Admin\Controller\DataController.class.php 第 365 行.
NOTIC: [2] Division by zero E:\wamp\www\LunWen\main\Admin\Controller\DataController.class.php 第 365 行.
NOTIC: [2] Division by zero E:\wamp\www\LunWen\main\Admin\Controller\DataController.class.php 第 365 行.
INFO: [ app_end ] --START--
INFO: Run Behavior\ShowPageTraceBehavior [ RunTime:0.000749s ]
INFO: [ app_end ] --END-- [ RunTime:0.001009s ]

[ 2018-12-17T13:57:26+08:00 ] ::1 /LunWen/main/index.php/Admin/Index/index.html
INFO: [ app_init ] --START--
INFO: Run Behavior\BuildLiteBehavior [ RunTime:0.000052s ]
INFO: [ app_init ] --END-- [ RunTime:0.000615s ]
INFO: [ app_begin ] --START--
INFO: Run Behavior\ReadHtmlCacheBehavior [ RunTime:0.000401s ]
INFO: [ app_begin ] --END-- [ RunTime:0.000533s ]
SQL: SHOW COLUMNS FROM `user` [ RunTime:0.0008s ]
SQL: SELECT * FROM `user` WHERE ( username='xubei' )  [ RunTime:0.0004s ]
SQL: SHOW COLUMNS FROM `school` [ RunTime:0.0010s ]
SQL: SELECT * FROM `school`  [ RunTime:0.0004s ]
SQL: SHOW COLUMNS FROM `lunwen` [ RunTime:0.0010s ]
SQL: SELECT * FROM `lunwen` WHERE ( school_name='景德镇陶瓷大学科技艺术学院' )  [ RunTime:0.0006s ]
SQL: SHOW COLUMNS FROM `lunwenbook` [ RunTime:0.0009s ]
SQL: SELECT * FROM `lunwenbook` WHERE ( school_name='景德镇陶瓷大学科技艺术学院' )  [ RunTime:0.0003s ]
SQL: SELECT * FROM `user` WHERE ( school_name='景德镇陶瓷大学科技艺术学院' )  [ RunTime:0.0002s ]
SQL: SHOW COLUMNS FROM `consumer` [ RunTime:0.0008s ]
SQL: SELECT * FROM `consumer` WHERE ( school_name='景德镇陶瓷大学科技艺术学院' )  [ RunTime:0.0002s ]
SQL: SHOW COLUMNS FROM `poplunwen` [ RunTime:0.0009s ]
SQL: SELECT * FROM `poplunwen` WHERE ( school_name='景德镇陶瓷大学科技艺术学院' and todaytime='2018-12-17' )  [ RunTime:0.0005s ]
SQL: SHOW COLUMNS FROM `sele` [ RunTime:0.0010s ]
SQL: SELECT * FROM `sele` WHERE ( school_name='景德镇陶瓷大学科技艺术学院' )  [ RunTime:0.0006s ]
INFO: [ view_parse ] --START--
INFO: [ template_filter ] --START--
INFO: Run Behavior\ContentReplaceBehavior [ RunTime:0.000165s ]
INFO: [ template_filter ] --END-- [ RunTime:0.000269s ]
INFO: Run Behavior\ParseTemplateBehavior [ RunTime:0.013399s ]
INFO: [ view_parse ] --END-- [ RunTime:0.013537s ]
INFO: [ view_filter ] --START--
INFO: Run Behavior\WriteHtmlCacheBehavior [ RunTime:0.000349s ]
INFO: [ view_filter ] --END-- [ RunTime:0.000529s ]
INFO: [ app_end ] --START--
INFO: Run Behavior\ShowPageTraceBehavior [ RunTime:0.000719s ]
INFO: [ app_end ] --END-- [ RunTime:0.000910s ]

[ 2018-12-17T13:57:26+08:00 ] ::1 /LunWen/main/index.php/Admin/Data/getWeekData
INFO: [ app_init ] --START--
INFO: Run Behavior\BuildLiteBehavior [ RunTime:0.000021s ]
INFO: [ app_init ] --END-- [ RunTime:0.000316s ]
INFO: [ app_begin ] --START--
INFO: Run Behavior\ReadHtmlCacheBehavior [ RunTime:0.000351s ]
INFO: [ app_begin ] --END-- [ RunTime:0.000445s ]
SQL: SHOW COLUMNS FROM `school` [ RunTime:0.0006s ]
SQL: SELECT * FROM `school`  [ RunTime:0.0002s ]
SQL: SHOW COLUMNS FROM `borrow` [ RunTime:0.0010s ]
SQL: SHOW COLUMNS FROM `likeclick` [ RunTime:0.0010s ]
SQL: SELECT * FROM `likeclick` WHERE ( click_date>=1544976000 and click_date<=1545062400 and school_name='景德镇陶瓷大学科技艺术学院' )  [ RunTime:0.0004s ]
SQL: SELECT * FROM `borrow` WHERE ( borrow_time>=1544976000 and borrow_time<=1545062400 and school_name='景德镇陶瓷大学科技艺术学院' )  [ RunTime:0.0004s ]
SQL: SHOW COLUMNS FROM `consumer` [ RunTime:0.0012s ]
SQL: SELECT * FROM `consumer` WHERE ( reg_time>=1544976000 and reg_time<=1545062400 and school_name='景德镇陶瓷大学科技艺术学院' )  [ RunTime:0.0003s ]
NOTIC: [8] Undefined offset: 2 E:\wamp\www\LunWen\main\Admin\Controller\DataController.class.php 第 304 行.
NOTIC: [8] Undefined offset: 3 E:\wamp\www\LunWen\main\Admin\Controller\DataController.class.php 第 304 行.
NOTIC: [8] Undefined offset: 4 E:\wamp\www\LunWen\main\Admin\Controller\DataController.class.php 第 304 行.
NOTIC: [8] Undefined offset: 5 E:\wamp\www\LunWen\main\Admin\Controller\DataController.class.php 第 304 行.
NOTIC: [8] Undefined offset: 6 E:\wamp\www\LunWen\main\Admin\Controller\DataController.class.php 第 304 行.
NOTIC: [8] Undefined offset: 7 E:\wamp\www\LunWen\main\Admin\Controller\DataController.class.php 第 304 行.
INFO: [ app_end ] --START--
INFO: Run Behavior\ShowPageTraceBehavior [ RunTime:0.000487s ]
INFO: [ app_end ] --END-- [ RunTime:0.000571s ]

[ 2018-12-17T13:57:26+08:00 ] ::1 /LunWen/main/index.php/Admin/Data/getMonthData
INFO: [ app_init ] --START--
INFO: Run Behavior\BuildLiteBehavior [ RunTime:0.000033s ]
INFO: [ app_init ] --END-- [ RunTime:0.000538s ]
INFO: [ app_begin ] --START--
INFO: Run Behavior\ReadHtmlCacheBehavior [ RunTime:0.000648s ]
INFO: [ app_begin ] --END-- [ RunTime:0.000825s ]
SQL: SHOW COLUMNS FROM `school` [ RunTime:0.0004s ]
SQL: SELECT * FROM `school`  [ RunTime:0.0002s ]
SQL: SHOW COLUMNS FROM `poplunwen` [ RunTime:0.0009s ]
SQL: SELECT * FROM `poplunwen` WHERE ( todaytime>='2018-11-17' and todaytime<='2018-12-17' and school_name='景德镇陶瓷大学科技艺术学院' )  [ RunTime:0.0002s ]
SQL: SHOW COLUMNS FROM `sele` [ RunTime:0.0006s ]
SQL: SELECT * FROM `sele`  [ RunTime:0.0002s ]
NOTIC: [2] Division by zero E:\wamp\www\LunWen\main\Admin\Controller\DataController.class.php 第 365 行.
NOTIC: [2] Division by zero E:\wamp\www\LunWen\main\Admin\Controller\DataController.class.php 第 365 行.
NOTIC: [2] Division by zero E:\wamp\www\LunWen\main\Admin\Controller\DataController.class.php 第 365 行.
INFO: [ app_end ] --START--
INFO: Run Behavior\ShowPageTraceBehavior [ RunTime:0.000388s ]
INFO: [ app_end ] --END-- [ RunTime:0.000469s ]

[ 2018-12-17T13:57:26+08:00 ] ::1 /LunWen/main/index.php/Admin/Index/index.html
INFO: [ app_init ] --START--
INFO: Run Behavior\BuildLiteBehavior [ RunTime:0.000033s ]
INFO: [ app_init ] --END-- [ RunTime:0.001046s ]
INFO: [ app_begin ] --START--
INFO: Run Behavior\ReadHtmlCacheBehavior [ RunTime:0.000674s ]
INFO: [ app_begin ] --END-- [ RunTime:0.000893s ]
SQL: SHOW COLUMNS FROM `user` [ RunTime:0.0007s ]
SQL: SELECT * FROM `user` WHERE ( username='xubei' )  [ RunTime:0.0002s ]
SQL: SHOW COLUMNS FROM `school` [ RunTime:0.0011s ]
SQL: SELECT * FROM `school`  [ RunTime:0.0005s ]
SQL: SHOW COLUMNS FROM `lunwen` [ RunTime:0.0014s ]
SQL: SELECT * FROM `lunwen` WHERE ( school_name='景德镇陶瓷大学科技艺术学院' )  [ RunTime:0.0004s ]
SQL: SHOW COLUMNS FROM `lunwenbook` [ RunTime:0.0007s ]
SQL: SELECT * FROM `lunwenbook` WHERE ( school_name='景德镇陶瓷大学科技艺术学院' )  [ RunTime:0.0002s ]
SQL: SELECT * FROM `user` WHERE ( school_name='景德镇陶瓷大学科技艺术学院' )  [ RunTime:0.0001s ]
SQL: SHOW COLUMNS FROM `consumer` [ RunTime:0.0006s ]
SQL: SELECT * FROM `consumer` WHERE ( school_name='景德镇陶瓷大学科技艺术学院' )  [ RunTime:0.0002s ]
SQL: SHOW COLUMNS FROM `poplunwen` [ RunTime:0.0004s ]
SQL: SELECT * FROM `poplunwen` WHERE ( school_name='景德镇陶瓷大学科技艺术学院' and todaytime='2018-12-17' )  [ RunTime:0.0001s ]
SQL: SHOW COLUMNS FROM `sele` [ RunTime:0.0004s ]
SQL: SELECT * FROM `sele` WHERE ( school_name='景德镇陶瓷大学科技艺术学院' )  [ RunTime:0.0002s ]
INFO: [ view_parse ] --START--
INFO: [ template_filter ] --START--
INFO: Run Behavior\ContentReplaceBehavior [ RunTime:0.000150s ]
INFO: [ template_filter ] --END-- [ RunTime:0.000314s ]
INFO: Run Behavior\ParseTemplateBehavior [ RunTime:0.016285s ]
INFO: [ view_parse ] --END-- [ RunTime:0.016394s ]
INFO: [ view_filter ] --START--
INFO: Run Behavior\WriteHtmlCacheBehavior [ RunTime:0.000286s ]
INFO: [ view_filter ] --END-- [ RunTime:0.000377s ]
INFO: [ app_end ] --START--
INFO: Run Behavior\ShowPageTraceBehavior [ RunTime:0.000418s ]
INFO: [ app_end ] --END-- [ RunTime:0.000554s ]

[ 2018-12-17T13:57:26+08:00 ] ::1 /LunWen/main/index.php/Admin/Data/getWeekData
INFO: [ app_init ] --START--
INFO: Run Behavior\BuildLiteBehavior [ RunTime:0.000020s ]
INFO: [ app_init ] --END-- [ RunTime:0.000316s ]
INFO: [ app_begin ] --START--
INFO: Run Behavior\ReadHtmlCacheBehavior [ RunTime:0.000322s ]
INFO: [ app_begin ] --END-- [ RunTime:0.000398s ]
SQL: SHOW COLUMNS FROM `school` [ RunTime:0.0004s ]
SQL: SELECT * FROM `school`  [ RunTime:0.0002s ]
SQL: SHOW COLUMNS FROM `borrow` [ RunTime:0.0006s ]
SQL: SHOW COLUMNS FROM `likeclick` [ RunTime:0.0008s ]
SQL: SELECT * FROM `likeclick` WHERE ( click_date>=1544976000 and click_date<=1545062400 and school_name='景德镇陶瓷大学科技艺术学院' )  [ RunTime:0.0005s ]
SQL: SELECT * FROM `borrow` WHERE ( borrow_time>=1544976000 and borrow_time<=1545062400 and school_name='景德镇陶瓷大学科技艺术学院' )  [ RunTime:0.0004s ]
SQL: SHOW COLUMNS FROM `consumer` [ RunTime:0.0008s ]
SQL: SELECT * FROM `consumer` WHERE ( reg_time>=1544976000 and reg_time<=1545062400 and school_name='景德镇陶瓷大学科技艺术学院' )  [ RunTime:0.0007s ]
NOTIC: [8] Undefined offset: 2 E:\wamp\www\LunWen\main\Admin\Controller\DataController.class.php 第 304 行.
NOTIC: [8] Undefined offset: 3 E:\wamp\www\LunWen\main\Admin\Controller\DataController.class.php 第 304 行.
NOTIC: [8] Undefined offset: 4 E:\wamp\www\LunWen\main\Admin\Controller\DataController.class.php 第 304 行.
NOTIC: [8] Undefined offset: 5 E:\wamp\www\LunWen\main\Admin\Controller\DataController.class.php 第 304 行.
NOTIC: [8] Undefined offset: 6 E:\wamp\www\LunWen\main\Admin\Controller\DataController.class.php 第 304 行.
NOTIC: [8] Undefined offset: 7 E:\wamp\www\LunWen\main\Admin\Controller\DataController.class.php 第 304 行.
INFO: [ app_end ] --START--
INFO: Run Behavior\ShowPageTraceBehavior [ RunTime:0.000543s ]
INFO: [ app_end ] --END-- [ RunTime:0.000632s ]

[ 2018-12-17T13:57:26+08:00 ] ::1 /LunWen/main/index.php/Admin/Data/getMonthData
INFO: [ app_init ] --START--
INFO: Run Behavior\BuildLiteBehavior [ RunTime:0.000024s ]
INFO: [ app_init ] --END-- [ RunTime:0.000576s ]
INFO: [ app_begin ] --START--
INFO: Run Behavior\ReadHtmlCacheBehavior [ RunTime:0.000402s ]
INFO: [ app_begin ] --END-- [ RunTime:0.000535s ]
SQL: SHOW COLUMNS FROM `school` [ RunTime:0.0006s ]
SQL: SELECT * FROM `school`  [ RunTime:0.0004s ]
SQL: SHOW COLUMNS FROM `poplunwen` [ RunTime:0.0008s ]
SQL: SELECT * FROM `poplunwen` WHERE ( todaytime>='2018-11-17' and todaytime<='2018-12-17' and school_name='景德镇陶瓷大学科技艺术学院' )  [ RunTime:0.0005s ]
SQL: SHOW COLUMNS FROM `sele` [ RunTime:0.0013s ]
SQL: SELECT * FROM `sele`  [ RunTime:0.0004s ]
NOTIC: [2] Division by zero E:\wamp\www\LunWen\main\Admin\Controller\DataController.class.php 第 365 行.
NOTIC: [2] Division by zero E:\wamp\www\LunWen\main\Admin\Controller\DataController.class.php 第 365 行.
NOTIC: [2] Division by zero E:\wamp\www\LunWen\main\Admin\Controller\DataController.class.php 第 365 行.
INFO: [ app_end ] --START--
INFO: Run Behavior\ShowPageTraceBehavior [ RunTime:0.000617s ]
INFO: [ app_end ] --END-- [ RunTime:0.000767s ]

[ 2018-12-17T14:03:52+08:00 ] ::1 /LunWen/main/index.php/Admin/Apply/apply.html
INFO: [ app_init ] --START--
INFO: Run Behavior\BuildLiteBehavior [ RunTime:0.000056s ]
INFO: [ app_init ] --END-- [ RunTime:0.000652s ]
INFO: [ app_begin ] --START--
INFO: Run Behavior\ReadHtmlCacheBehavior [ RunTime:0.000489s ]
INFO: [ app_begin ] --END-- [ RunTime:0.000650s ]
INFO: [ view_parse ] --START--
INFO: [ template_filter ] --START--
INFO: Run Behavior\ContentReplaceBehavior [ RunTime:0.000057s ]
INFO: [ template_filter ] --END-- [ RunTime:0.000158s ]
NOTIC: [8] Undefined variable: message E:\wamp\www\LunWen\main\Runtime\Cache\Admin\b5ef08fa5e64640072374cae7edf8894.php 第 50 行.
INFO: Run Behavior\ParseTemplateBehavior [ RunTime:0.006212s ]
INFO: [ view_parse ] --END-- [ RunTime:0.006447s ]
INFO: [ view_filter ] --START--
INFO: Run Behavior\WriteHtmlCacheBehavior [ RunTime:0.000345s ]
INFO: [ view_filter ] --END-- [ RunTime:0.000432s ]

[ 2018-12-17T14:11:28+08:00 ] ::1 /LunWen/main/index.php/Admin/Apply/send.html
INFO: [ app_init ] --START--
INFO: Run Behavior\BuildLiteBehavior [ RunTime:0.000053s ]
INFO: [ app_init ] --END-- [ RunTime:0.000693s ]
INFO: [ app_begin ] --START--
INFO: Run Behavior\ReadHtmlCacheBehavior [ RunTime:0.000449s ]
INFO: [ app_begin ] --END-- [ RunTime:0.000569s ]
INFO: [ app_end ] --START--
INFO: Run Behavior\ShowPageTraceBehavior [ RunTime:0.000478s ]
INFO: [ app_end ] --END-- [ RunTime:0.000587s ]

[ 2018-12-17T14:11:29+08:00 ] ::1 /LunWen/main/index.php/Admin/Apply/send.html
INFO: [ app_init ] --START--
INFO: Run Behavior\BuildLiteBehavior [ RunTime:0.000020s ]
INFO: [ app_init ] --END-- [ RunTime:0.000310s ]
INFO: [ app_begin ] --START--
INFO: Run Behavior\ReadHtmlCacheBehavior [ RunTime:0.000313s ]
INFO: [ app_begin ] --END-- [ RunTime:0.000404s ]
INFO: [ app_end ] --START--
INFO: Run Behavior\ShowPageTraceBehavior [ RunTime:0.000436s ]
INFO: [ app_end ] --END-- [ RunTime:0.000519s ]

[ 2018-12-17T14:11:29+08:00 ] ::1 /LunWen/main/index.php/Admin/Apply/send.html
INFO: [ app_init ] --START--
INFO: Run Behavior\BuildLiteBehavior [ RunTime:0.000020s ]
INFO: [ app_init ] --END-- [ RunTime:0.000316s ]
INFO: [ app_begin ] --START--
INFO: Run Behavior\ReadHtmlCacheBehavior [ RunTime:0.000316s ]
INFO: [ app_begin ] --END-- [ RunTime:0.000405s ]
INFO: [ app_end ] --START--
INFO: Run Behavior\ShowPageTraceBehavior [ RunTime:0.000444s ]
INFO: [ app_end ] --END-- [ RunTime:0.000552s ]

[ 2018-12-17T14:11:29+08:00 ] ::1 /LunWen/main/index.php/Admin/Apply/send.html
INFO: [ app_init ] --START--
INFO: Run Behavior\BuildLiteBehavior [ RunTime:0.000040s ]
INFO: [ app_init ] --END-- [ RunTime:0.000680s ]
INFO: [ app_begin ] --START--
INFO: Run Behavior\ReadHtmlCacheBehavior [ RunTime:0.000337s ]
INFO: [ app_begin ] --END-- [ RunTime:0.000432s ]
INFO: [ app_end ] --START--
INFO: Run Behavior\ShowPageTraceBehavior [ RunTime:0.000439s ]
INFO: [ app_end ] --END-- [ RunTime:0.000521s ]

[ 2018-12-17T14:11:31+08:00 ] ::1 /LunWen/main/index.php/Admin/Apply/send.html
INFO: [ app_init ] --START--
INFO: Run Behavior\BuildLiteBehavior [ RunTime:0.000042s ]
INFO: [ app_init ] --END-- [ RunTime:0.000445s ]
INFO: [ app_begin ] --START--
INFO: Run Behavior\ReadHtmlCacheBehavior [ RunTime:0.000376s ]
INFO: [ app_begin ] --END-- [ RunTime:0.000486s ]
INFO: [ app_end ] --START--
INFO: Run Behavior\ShowPageTraceBehavior [ RunTime:0.000518s ]
INFO: [ app_end ] --END-- [ RunTime:0.000616s ]

[ 2018-12-17T14:11:32+08:00 ] ::1 /LunWen/main/index.php/Admin/Apply/send.html
INFO: [ app_init ] --START--
INFO: Run Behavior\BuildLiteBehavior [ RunTime:0.000023s ]
INFO: [ app_init ] --END-- [ RunTime:0.000372s ]
INFO: [ app_begin ] --START--
INFO: Run Behavior\ReadHtmlCacheBehavior [ RunTime:0.000362s ]
INFO: [ app_begin ] --END-- [ RunTime:0.000459s ]
INFO: [ app_end ] --START--
INFO: Run Behavior\ShowPageTraceBehavior [ RunTime:0.000491s ]
INFO: [ app_end ] --END-- [ RunTime:0.000582s ]

[ 2018-12-17T14:11:33+08:00 ] ::1 /LunWen/main/index.php/Admin/Apply/send.html
INFO: [ app_init ] --START--
INFO: Run Behavior\BuildLiteBehavior [ RunTime:0.000043s ]
INFO: [ app_init ] --END-- [ RunTime:0.000662s ]
INFO: [ app_begin ] --START--
INFO: Run Behavior\ReadHtmlCacheBehavior [ RunTime:0.000412s ]
INFO: [ app_begin ] --END-- [ RunTime:0.000521s ]
INFO: [ app_end ] --START--
INFO: Run Behavior\ShowPageTraceBehavior [ RunTime:0.000482s ]
INFO: [ app_end ] --END-- [ RunTime:0.000565s ]

[ 2018-12-17T14:11:45+08:00 ] ::1 /LunWen/main/index.php/Admin/Apply/send.html
INFO: [ app_init ] --START--
INFO: Run Behavior\BuildLiteBehavior [ RunTime:0.000021s ]
INFO: [ app_init ] --END-- [ RunTime:0.000360s ]
INFO: [ app_begin ] --START--
INFO: Run Behavior\ReadHtmlCacheBehavior [ RunTime:0.000323s ]
INFO: [ app_begin ] --END-- [ RunTime:0.000430s ]
INFO: [ app_end ] --START--
INFO: Run Behavior\ShowPageTraceBehavior [ RunTime:0.000432s ]
INFO: [ app_end ] --END-- [ RunTime:0.000514s ]

[ 2018-12-17T14:12:11+08:00 ] ::1 /LunWen/main/index.php/Admin/Apply/send.html
INFO: [ app_init ] --START--
INFO: Run Behavior\BuildLiteBehavior [ RunTime:0.000023s ]
INFO: [ app_init ] --END-- [ RunTime:0.000378s ]
INFO: [ app_begin ] --START--
INFO: Run Behavior\ReadHtmlCacheBehavior [ RunTime:0.000385s ]
INFO: [ app_begin ] --END-- [ RunTime:0.000492s ]
INFO: [ app_end ] --START--
INFO: Run Behavior\ShowPageTraceBehavior [ RunTime:0.000658s ]
INFO: [ app_end ] --END-- [ RunTime:0.000764s ]

[ 2018-12-17T14:12:11+08:00 ] ::1 /LunWen/main/index.php/Admin/Apply/send.html
INFO: [ app_init ] --START--
INFO: Run Behavior\BuildLiteBehavior [ RunTime:0.000027s ]
INFO: [ app_init ] --END-- [ RunTime:0.000412s ]
INFO: [ app_begin ] --START--
INFO: Run Behavior\ReadHtmlCacheBehavior [ RunTime:0.000468s ]
INFO: [ app_begin ] --END-- [ RunTime:0.000618s ]
INFO: [ app_end ] --START--
INFO: Run Behavior\ShowPageTraceBehavior [ RunTime:0.000686s ]
INFO: [ app_end ] --END-- [ RunTime:0.000875s ]

[ 2018-12-17T14:12:14+08:00 ] ::1 /LunWen/main/index.php/Admin/Apply/send.html
INFO: [ app_init ] --START--
INFO: Run Behavior\BuildLiteBehavior [ RunTime:0.000022s ]
INFO: [ app_init ] --END-- [ RunTime:0.000360s ]
INFO: [ app_begin ] --START--
INFO: Run Behavior\ReadHtmlCacheBehavior [ RunTime:0.000373s ]
INFO: [ app_begin ] --END-- [ RunTime:0.000485s ]
INFO: [ app_end ] --START--
INFO: Run Behavior\ShowPageTraceBehavior [ RunTime:0.000373s ]
INFO: [ app_end ] --END-- [ RunTime:0.000469s ]

[ 2018-12-17T14:12:15+08:00 ] ::1 /LunWen/main/index.php/Admin/Apply/send.html
INFO: [ app_init ] --START--
INFO: Run Behavior\BuildLiteBehavior [ RunTime:0.000022s ]
INFO: [ app_init ] --END-- [ RunTime:0.000409s ]
INFO: [ app_begin ] --START--
INFO: Run Behavior\ReadHtmlCacheBehavior [ RunTime:0.000580s ]
INFO: [ app_begin ] --END-- [ RunTime:0.000760s ]
INFO: [ app_end ] --START--
INFO: Run Behavior\ShowPageTraceBehavior [ RunTime:0.000416s ]
INFO: [ app_end ] --END-- [ RunTime:0.000529s ]

[ 2018-12-17T14:12:15+08:00 ] ::1 /LunWen/main/index.php/Admin/Apply/send.html
INFO: [ app_init ] --START--
INFO: Run Behavior\BuildLiteBehavior [ RunTime:0.000024s ]
INFO: [ app_init ] --END-- [ RunTime:0.000414s ]
INFO: [ app_begin ] --START--
INFO: Run Behavior\ReadHtmlCacheBehavior [ RunTime:0.000375s ]
INFO: [ app_begin ] --END-- [ RunTime:0.000524s ]
INFO: [ app_end ] --START--
INFO: Run Behavior\ShowPageTraceBehavior [ RunTime:0.000491s ]
INFO: [ app_end ] --END-- [ RunTime:0.000620s ]

[ 2018-12-17T14:12:23+08:00 ] ::1 /LunWen/main/index.php/Admin/Apply/send.html
INFO: [ app_init ] --START--
INFO: Run Behavior\BuildLiteBehavior [ RunTime:0.000023s ]
INFO: [ app_init ] --END-- [ RunTime:0.000372s ]
INFO: [ app_begin ] --START--
INFO: Run Behavior\ReadHtmlCacheBehavior [ RunTime:0.000377s ]
INFO: [ app_begin ] --END-- [ RunTime:0.000484s ]
INFO: [ app_end ] --START--
INFO: Run Behavior\ShowPageTraceBehavior [ RunTime:0.000525s ]
INFO: [ app_end ] --END-- [ RunTime:0.000633s ]

[ 2018-12-17T14:12:23+08:00 ] ::1 /LunWen/main/index.php/Admin/Apply/send.html
INFO: [ app_init ] --START--
INFO: Run Behavior\BuildLiteBehavior [ RunTime:0.000038s ]
INFO: [ app_init ] --END-- [ RunTime:0.000572s ]
INFO: [ app_begin ] --START--
INFO: Run Behavior\ReadHtmlCacheBehavior [ RunTime:0.000837s ]
INFO: [ app_begin ] --END-- [ RunTime:0.001058s ]
INFO: [ app_end ] --START--
INFO: Run Behavior\ShowPageTraceBehavior [ RunTime:0.000555s ]
INFO: [ app_end ] --END-- [ RunTime:0.000656s ]

[ 2018-12-17T14:12:24+08:00 ] ::1 /LunWen/main/index.php/Admin/Apply/send.html
INFO: [ app_init ] --START--
INFO: Run Behavior\BuildLiteBehavior [ RunTime:0.000026s ]
INFO: [ app_init ] --END-- [ RunTime:0.000459s ]
INFO: [ app_begin ] --START--
INFO: Run Behavior\ReadHtmlCacheBehavior [ RunTime:0.000415s ]
INFO: [ app_begin ] --END-- [ RunTime:0.000525s ]
INFO: [ app_end ] --START--
INFO: Run Behavior\ShowPageTraceBehavior [ RunTime:0.000519s ]
INFO: [ app_end ] --END-- [ RunTime:0.000620s ]

[ 2018-12-17T14:12:24+08:00 ] ::1 /LunWen/main/index.php/Admin/Apply/send.html
INFO: [ app_init ] --START--
INFO: Run Behavior\BuildLiteBehavior [ RunTime:0.000021s ]
INFO: [ app_init ] --END-- [ RunTime:0.000328s ]
INFO: [ app_begin ] --START--
INFO: Run Behavior\ReadHtmlCacheBehavior [ RunTime:0.000318s ]
INFO: [ app_begin ] --END-- [ RunTime:0.000407s ]
INFO: [ app_end ] --START--
INFO: Run Behavior\ShowPageTraceBehavior [ RunTime:0.000473s ]
INFO: [ app_end ] --END-- [ RunTime:0.000572s ]

[ 2018-12-17T14:12:24+08:00 ] ::1 /LunWen/main/index.php/Admin/Apply/send.html
INFO: [ app_init ] --START--
INFO: Run Behavior\BuildLiteBehavior [ RunTime:0.000021s ]
INFO: [ app_init ] --END-- [ RunTime:0.000326s ]
INFO: [ app_begin ] --START--
INFO: Run Behavior\ReadHtmlCacheBehavior [ RunTime:0.000395s ]
INFO: [ app_begin ] --END-- [ RunTime:0.000498s ]
INFO: [ app_end ] --START--
INFO: Run Behavior\ShowPageTraceBehavior [ RunTime:0.000470s ]
INFO: [ app_end ] --END-- [ RunTime:0.000564s ]

[ 2018-12-17T14:12:24+08:00 ] ::1 /LunWen/main/index.php/Admin/Apply/send.html
INFO: [ app_init ] --START--
INFO: Run Behavior\BuildLiteBehavior [ RunTime:0.000025s ]
INFO: [ app_init ] --END-- [ RunTime:0.000600s ]
INFO: [ app_begin ] --START--
INFO: Run Behavior\ReadHtmlCacheBehavior [ RunTime:0.000414s ]
INFO: [ app_begin ] --END-- [ RunTime:0.000524s ]
INFO: [ app_end ] --START--
INFO: Run Behavior\ShowPageTraceBehavior [ RunTime:0.000531s ]
INFO: [ app_end ] --END-- [ RunTime:0.000632s ]

[ 2018-12-17T14:12:24+08:00 ] ::1 /LunWen/main/index.php/Admin/Apply/send.html
INFO: [ app_init ] --START--
INFO: Run Behavior\BuildLiteBehavior [ RunTime:0.000023s ]
INFO: [ app_init ] --END-- [ RunTime:0.000374s ]
INFO: [ app_begin ] --START--
INFO: Run Behavior\ReadHtmlCacheBehavior [ RunTime:0.000331s ]
INFO: [ app_begin ] --END-- [ RunTime:0.000427s ]
INFO: [ app_end ] --START--
INFO: Run Behavior\ShowPageTraceBehavior [ RunTime:0.000455s ]
INFO: [ app_end ] --END-- [ RunTime:0.000543s ]

[ 2018-12-17T14:14:14+08:00 ] ::1 /LunWen/main/index.php/Admin/Apply/send.html
INFO: [ app_init ] --START--
INFO: Run Behavior\BuildLiteBehavior [ RunTime:0.000024s ]
INFO: [ app_init ] --END-- [ RunTime:0.000420s ]
INFO: [ app_begin ] --START--
INFO: Run Behavior\ReadHtmlCacheBehavior [ RunTime:0.000503s ]
INFO: [ app_begin ] --END-- [ RunTime:0.000632s ]
INFO: [ app_end ] --START--
INFO: Run Behavior\ShowPageTraceBehavior [ RunTime:0.000432s ]
INFO: [ app_end ] --END-- [ RunTime:0.000522s ]

[ 2018-12-17T14:14:14+08:00 ] ::1 /LunWen/main/index.php/Admin/Apply/send.html
INFO: [ app_init ] --START--
INFO: Run Behavior\BuildLiteBehavior [ RunTime:0.000024s ]
INFO: [ app_init ] --END-- [ RunTime:0.000374s ]
INFO: [ app_begin ] --START--
INFO: Run Behavior\ReadHtmlCacheBehavior [ RunTime:0.000545s ]
INFO: [ app_begin ] --END-- [ RunTime:0.000686s ]
INFO: [ app_end ] --START--
INFO: Run Behavior\ShowPageTraceBehavior [ RunTime:0.000389s ]
INFO: [ app_end ] --END-- [ RunTime:0.000490s ]

[ 2018-12-17T14:18:40+08:00 ] ::1 /LunWen/main/index.php/Admin/Apply/send.html
INFO: [ app_init ] --START--
INFO: Run Behavior\BuildLiteBehavior [ RunTime:0.000024s ]
INFO: [ app_init ] --END-- [ RunTime:0.000414s ]
INFO: [ app_begin ] --START--
INFO: Run Behavior\ReadHtmlCacheBehavior [ RunTime:0.000519s ]
INFO: [ app_begin ] --END-- [ RunTime:0.000657s ]

[ 2018-12-17T14:18:41+08:00 ] ::1 /LunWen/main/index.php/Admin/Apply/send.html
INFO: [ app_init ] --START--
INFO: Run Behavior\BuildLiteBehavior [ RunTime:0.000022s ]
INFO: [ app_init ] --END-- [ RunTime:0.000370s ]
INFO: [ app_begin ] --START--
INFO: Run Behavior\ReadHtmlCacheBehavior [ RunTime:0.000338s ]
INFO: [ app_begin ] --END-- [ RunTime:0.000433s ]

[ 2018-12-17T14:19:38+08:00 ] ::1 /LunWen/main/index.php/Admin/Apply/send.html
INFO: [ app_init ] --START--
INFO: Run Behavior\BuildLiteBehavior [ RunTime:0.000021s ]
INFO: [ app_init ] --END-- [ RunTime:0.000334s ]
INFO: [ app_begin ] --START--
INFO: Run Behavior\ReadHtmlCacheBehavior [ RunTime:0.000330s ]
INFO: [ app_begin ] --END-- [ RunTime:0.000424s ]

[ 2018-12-17T14:19:38+08:00 ] ::1 /LunWen/main/index.php/Admin/Apply/send.html
INFO: [ app_init ] --START--
INFO: Run Behavior\BuildLiteBehavior [ RunTime:0.000020s ]
INFO: [ app_init ] --END-- [ RunTime:0.000327s ]
INFO: [ app_begin ] --START--
INFO: Run Behavior\ReadHtmlCacheBehavior [ RunTime:0.000348s ]
INFO: [ app_begin ] --END-- [ RunTime:0.000461s ]

[ 2018-12-17T14:19:52+08:00 ] ::1 /LunWen/main/index.php/Admin/Apply/send.html
INFO: [ app_init ] --START--
INFO: Run Behavior\BuildLiteBehavior [ RunTime:0.000020s ]
INFO: [ app_init ] --END-- [ RunTime:0.000358s ]
INFO: [ app_begin ] --START--
INFO: Run Behavior\ReadHtmlCacheBehavior [ RunTime:0.000707s ]
INFO: [ app_begin ] --END-- [ RunTime:0.000903s ]

[ 2018-12-17T14:19:53+08:00 ] ::1 /LunWen/main/index.php/Admin/Apply/send.html
INFO: [ app_init ] --START--
INFO: Run Behavior\BuildLiteBehavior [ RunTime:0.000020s ]
INFO: [ app_init ] --END-- [ RunTime:0.000316s ]
INFO: [ app_begin ] --START--
INFO: Run Behavior\ReadHtmlCacheBehavior [ RunTime:0.000338s ]
INFO: [ app_begin ] --END-- [ RunTime:0.000430s ]

[ 2018-12-17T14:20:05+08:00 ] ::1 /LunWen/main/index.php/Admin/Apply/send.html
INFO: [ app_init ] --START--
INFO: Run Behavior\BuildLiteBehavior [ RunTime:0.000021s ]
INFO: [ app_init ] --END-- [ RunTime:0.000335s ]
INFO: [ app_begin ] --START--
INFO: Run Behavior\ReadHtmlCacheBehavior [ RunTime:0.000331s ]
INFO: [ app_begin ] --END-- [ RunTime:0.000425s ]

[ 2018-12-17T14:20:05+08:00 ] ::1 /LunWen/main/index.php/Admin/Apply/send.html
INFO: [ app_init ] --START--
INFO: Run Behavior\BuildLiteBehavior [ RunTime:0.000039s ]
INFO: [ app_init ] --END-- [ RunTime:0.000571s ]
INFO: [ app_begin ] --START--
INFO: Run Behavior\ReadHtmlCacheBehavior [ RunTime:0.000567s ]
INFO: [ app_begin ] --END-- [ RunTime:0.000721s ]

[ 2018-12-17T14:20:25+08:00 ] ::1 /LunWen/main/index.php/Admin/Apply/send.html
INFO: [ app_init ] --START--
INFO: Run Behavior\BuildLiteBehavior [ RunTime:0.000024s ]
INFO: [ app_init ] --END-- [ RunTime:0.000394s ]
INFO: [ app_begin ] --START--
INFO: Run Behavior\ReadHtmlCacheBehavior [ RunTime:0.000415s ]
INFO: [ app_begin ] --END-- [ RunTime:0.000526s ]

[ 2018-12-17T14:20:26+08:00 ] ::1 /LunWen/main/index.php/Admin/Apply/send.html
INFO: [ app_init ] --START--
INFO: Run Behavior\BuildLiteBehavior [ RunTime:0.000025s ]
INFO: [ app_init ] --END-- [ RunTime:0.000387s ]
INFO: [ app_begin ] --START--
INFO: Run Behavior\ReadHtmlCacheBehavior [ RunTime:0.000378s ]
INFO: [ app_begin ] --END-- [ RunTime:0.000500s ]

[ 2018-12-17T14:20:30+08:00 ] ::1 /LunWen/main/index.php/Admin/Apply/send.html
INFO: [ app_init ] --START--
INFO: Run Behavior\BuildLiteBehavior [ RunTime:0.000045s ]
INFO: [ app_init ] --END-- [ RunTime:0.000602s ]
INFO: [ app_begin ] --START--
INFO: Run Behavior\ReadHtmlCacheBehavior [ RunTime:0.000347s ]
INFO: [ app_begin ] --END-- [ RunTime:0.000448s ]

[ 2018-12-17T14:20:30+08:00 ] ::1 /LunWen/main/index.php/Admin/Apply/send.html
INFO: [ app_init ] --START--
INFO: Run Behavior\BuildLiteBehavior [ RunTime:0.000023s ]
INFO: [ app_init ] --END-- [ RunTime:0.000366s ]
INFO: [ app_begin ] --START--
INFO: Run Behavior\ReadHtmlCacheBehavior [ RunTime:0.000441s ]
INFO: [ app_begin ] --END-- [ RunTime:0.000580s ]

[ 2018-12-17T14:20:33+08:00 ] ::1 /LunWen/main/index.php/Admin/Apply/send.html
INFO: [ app_init ] --START--
INFO: Run Behavior\BuildLiteBehavior [ RunTime:0.000024s ]
INFO: [ app_init ] --END-- [ RunTime:0.000381s ]
INFO: [ app_begin ] --START--
INFO: Run Behavior\ReadHtmlCacheBehavior [ RunTime:0.000383s ]
INFO: [ app_begin ] --END-- [ RunTime:0.000491s ]

[ 2018-12-17T14:20:34+08:00 ] ::1 /LunWen/main/index.php/Admin/Apply/send.html
INFO: [ app_init ] --START--
INFO: Run Behavior\BuildLiteBehavior [ RunTime:0.000024s ]
INFO: [ app_init ] --END-- [ RunTime:0.000392s ]
INFO: [ app_begin ] --START--
INFO: Run Behavior\ReadHtmlCacheBehavior [ RunTime:0.000700s ]
INFO: [ app_begin ] --END-- [ RunTime:0.000877s ]

[ 2018-12-17T14:21:01+08:00 ] ::1 /LunWen/main/index.php/Admin/Apply/send.html
INFO: [ app_init ] --START--
INFO: Run Behavior\BuildLiteBehavior [ RunTime:0.000021s ]
INFO: [ app_init ] --END-- [ RunTime:0.000366s ]
INFO: [ app_begin ] --START--
INFO: Run Behavior\ReadHtmlCacheBehavior [ RunTime:0.000607s ]
INFO: [ app_begin ] --END-- [ RunTime:0.000734s ]

[ 2018-12-17T14:21:02+08:00 ] ::1 /LunWen/main/index.php/Admin/Apply/send.html
INFO: [ app_init ] --START--
INFO: Run Behavior\BuildLiteBehavior [ RunTime:0.000023s ]
INFO: [ app_init ] --END-- [ RunTime:0.000382s ]
INFO: [ app_begin ] --START--
INFO: Run Behavior\ReadHtmlCacheBehavior [ RunTime:0.000376s ]
INFO: [ app_begin ] --END-- [ RunTime:0.000484s ]

[ 2018-12-17T14:21:02+08:00 ] ::1 /LunWen/main/index.php/Admin/Apply/send.html
INFO: [ app_init ] --START--
INFO: Run Behavior\BuildLiteBehavior [ RunTime:0.000020s ]
INFO: [ app_init ] --END-- [ RunTime:0.000326s ]
INFO: [ app_begin ] --START--
INFO: Run Behavior\ReadHtmlCacheBehavior [ RunTime:0.000416s ]
INFO: [ app_begin ] --END-- [ RunTime:0.000558s ]

[ 2018-12-17T14:21:15+08:00 ] ::1 /LunWen/main/index.php/Admin/Apply/send.html
INFO: [ app_init ] --START--
INFO: Run Behavior\BuildLiteBehavior [ RunTime:0.000019s ]
INFO: [ app_init ] --END-- [ RunTime:0.000357s ]
INFO: [ app_begin ] --START--
INFO: Run Behavior\ReadHtmlCacheBehavior [ RunTime:0.000318s ]
INFO: [ app_begin ] --END-- [ RunTime:0.000410s ]

[ 2018-12-17T14:21:16+08:00 ] ::1 /LunWen/main/index.php/Admin/Apply/send.html
INFO: [ app_init ] --START--
INFO: Run Behavior\BuildLiteBehavior [ RunTime:0.000020s ]
INFO: [ app_init ] --END-- [ RunTime:0.000327s ]
INFO: [ app_begin ] --START--
INFO: Run Behavior\ReadHtmlCacheBehavior [ RunTime:0.000345s ]
INFO: [ app_begin ] --END-- [ RunTime:0.000459s ]

[ 2018-12-17T14:21:19+08:00 ] ::1 /LunWen/main/index.php/Admin/Apply/send.html
INFO: [ app_init ] --START--
INFO: Run Behavior\BuildLiteBehavior [ RunTime:0.000048s ]
INFO: [ app_init ] --END-- [ RunTime:0.000589s ]
INFO: [ app_begin ] --START--
INFO: Run Behavior\ReadHtmlCacheBehavior [ RunTime:0.000589s ]
INFO: [ app_begin ] --END-- [ RunTime:0.000764s ]

[ 2018-12-17T14:21:21+08:00 ] ::1 /LunWen/main/index.php/Admin/Apply/send.html
INFO: [ app_init ] --START--
INFO: Run Behavior\BuildLiteBehavior [ RunTime:0.000023s ]
INFO: [ app_init ] --END-- [ RunTime:0.000360s ]
INFO: [ app_begin ] --START--
INFO: Run Behavior\ReadHtmlCacheBehavior [ RunTime:0.000358s ]
INFO: [ app_begin ] --END-- [ RunTime:0.000458s ]

[ 2018-12-17T14:21:24+08:00 ] ::1 /LunWen/main/index.php/Admin/Apply/send.html
INFO: [ app_init ] --START--
INFO: Run Behavior\BuildLiteBehavior [ RunTime:0.000020s ]
INFO: [ app_init ] --END-- [ RunTime:0.000334s ]
INFO: [ app_begin ] --START--
INFO: Run Behavior\ReadHtmlCacheBehavior [ RunTime:0.000325s ]
INFO: [ app_begin ] --END-- [ RunTime:0.000413s ]

[ 2018-12-17T14:21:26+08:00 ] ::1 /LunWen/main/index.php/Admin/Apply/send.html
INFO: [ app_init ] --START--
INFO: Run Behavior\BuildLiteBehavior [ RunTime:0.000036s ]
INFO: [ app_init ] --END-- [ RunTime:0.000638s ]
INFO: [ app_begin ] --START--
INFO: Run Behavior\ReadHtmlCacheBehavior [ RunTime:0.000350s ]
INFO: [ app_begin ] --END-- [ RunTime:0.000449s ]

[ 2018-12-17T14:21:29+08:00 ] ::1 /LunWen/main/index.php/Admin/Apply/send.html
INFO: [ app_init ] --START--
INFO: Run Behavior\BuildLiteBehavior [ RunTime:0.000020s ]
INFO: [ app_init ] --END-- [ RunTime:0.000329s ]
INFO: [ app_begin ] --START--
INFO: Run Behavior\ReadHtmlCacheBehavior [ RunTime:0.000847s ]
INFO: [ app_begin ] --END-- [ RunTime:0.001026s ]

[ 2018-12-17T14:21:30+08:00 ] ::1 /LunWen/main/index.php/Admin/Apply/send.html
INFO: [ app_init ] --START--
INFO: Run Behavior\BuildLiteBehavior [ RunTime:0.000038s ]
INFO: [ app_init ] --END-- [ RunTime:0.000587s ]
INFO: [ app_begin ] --START--
INFO: Run Behavior\ReadHtmlCacheBehavior [ RunTime:0.000554s ]
INFO: [ app_begin ] --END-- [ RunTime:0.000749s ]

[ 2018-12-17T14:21:34+08:00 ] ::1 /LunWen/main/index.php/Admin/Apply/send.html
INFO: [ app_init ] --START--
INFO: Run Behavior\BuildLiteBehavior [ RunTime:0.000042s ]
INFO: [ app_init ] --END-- [ RunTime:0.000570s ]
INFO: [ app_begin ] --START--
INFO: Run Behavior\ReadHtmlCacheBehavior [ RunTime:0.000529s ]
INFO: [ app_begin ] --END-- [ RunTime:0.000717s ]

[ 2018-12-17T14:21:35+08:00 ] ::1 /LunWen/main/index.php/Admin/Apply/send.html
INFO: [ app_init ] --START--
INFO: Run Behavior\BuildLiteBehavior [ RunTime:0.000031s ]
INFO: [ app_init ] --END-- [ RunTime:0.000397s ]
INFO: [ app_begin ] --START--
INFO: Run Behavior\ReadHtmlCacheBehavior [ RunTime:0.000549s ]
INFO: [ app_begin ] --END-- [ RunTime:0.000746s ]

[ 2018-12-17T14:21:38+08:00 ] ::1 /LunWen/main/index.php/Admin/Apply/send.html
INFO: [ app_init ] --START--
INFO: Run Behavior\BuildLiteBehavior [ RunTime:0.000059s ]
INFO: [ app_init ] --END-- [ RunTime:0.000651s ]
INFO: [ app_begin ] --START--
INFO: Run Behavior\ReadHtmlCacheBehavior [ RunTime:0.000678s ]
INFO: [ app_begin ] --END-- [ RunTime:0.000890s ]

[ 2018-12-17T14:21:43+08:00 ] ::1 /LunWen/main/index.php/Admin/Apply/send.html
INFO: [ app_init ] --START--
INFO: Run Behavior\BuildLiteBehavior [ RunTime:0.000055s ]
INFO: [ app_init ] --END-- [ RunTime:0.000686s ]
INFO: [ app_begin ] --START--
INFO: Run Behavior\ReadHtmlCacheBehavior [ RunTime:0.001003s ]
INFO: [ app_begin ] --END-- [ RunTime:0.001291s ]

[ 2018-12-17T14:21:48+08:00 ] ::1 /LunWen/main/index.php/Admin/Apply/send.html
INFO: [ app_init ] --START--
INFO: Run Behavior\BuildLiteBehavior [ RunTime:0.000041s ]
INFO: [ app_init ] --END-- [ RunTime:0.000559s ]
INFO: [ app_begin ] --START--
INFO: Run Behavior\ReadHtmlCacheBehavior [ RunTime:0.000394s ]
INFO: [ app_begin ] --END-- [ RunTime:0.000492s ]
INFO: [ app_end ] --START--
INFO: Run Behavior\ShowPageTraceBehavior [ RunTime:0.000423s ]
INFO: [ app_end ] --END-- [ RunTime:0.000512s ]

[ 2018-12-17T14:22:14+08:00 ] ::1 /LunWen/main/index.php/Admin/Apply/send.html
INFO: [ app_init ] --START--
INFO: Run Behavior\BuildLiteBehavior [ RunTime:0.000042s ]
INFO: [ app_init ] --END-- [ RunTime:0.000610s ]
INFO: [ app_begin ] --START--
INFO: Run Behavior\ReadHtmlCacheBehavior [ RunTime:0.000607s ]
INFO: [ app_begin ] --END-- [ RunTime:0.000777s ]
INFO: [ app_end ] --START--
INFO: Run Behavior\ShowPageTraceBehavior [ RunTime:0.000643s ]
INFO: [ app_end ] --END-- [ RunTime:0.000791s ]

[ 2018-12-17T14:32:27+08:00 ] ::1 /LunWen/main/index.php/Admin/Apply/send.html
INFO: [ app_init ] --START--
INFO: Run Behavior\BuildLiteBehavior [ RunTime:0.000020s ]
INFO: [ app_init ] --END-- [ RunTime:0.000360s ]
INFO: [ app_begin ] --START--
INFO: Run Behavior\ReadHtmlCacheBehavior [ RunTime:0.000549s ]
INFO: [ app_begin ] --END-- [ RunTime:0.000646s ]
ERR: 非法操作:send

[ 2018-12-17T14:32:38+08:00 ] ::1 /LunWen/main/index.php/Admin/Apply/send.html
INFO: [ app_init ] --START--
INFO: Run Behavior\BuildLiteBehavior [ RunTime:0.000020s ]
INFO: [ app_init ] --END-- [ RunTime:0.000462s ]
INFO: [ app_begin ] --START--
INFO: Run Behavior\ReadHtmlCacheBehavior [ RunTime:0.000555s ]
INFO: [ app_begin ] --END-- [ RunTime:0.000646s ]
ERR: 非法操作:send

[ 2018-12-17T14:34:41+08:00 ] ::1 /LunWen/main/index.php/Admin/Apply/send.html
INFO: [ app_init ] --START--
INFO: Run Behavior\BuildLiteBehavior [ RunTime:0.000022s ]
INFO: [ app_init ] --END-- [ RunTime:0.000396s ]
INFO: [ app_begin ] --START--
INFO: Run Behavior\ReadHtmlCacheBehavior [ RunTime:0.000496s ]
INFO: [ app_begin ] --END-- [ RunTime:0.000587s ]
ERR: 非法操作:send

[ 2018-12-17T16:20:19+08:00 ] ::1 /LunWen/main/index.php/Admin/User/yzm.html
INFO: [ app_init ] --START--
INFO: Run Behavior\BuildLiteBehavior [ RunTime:0.000038s ]
INFO: [ app_init ] --END-- [ RunTime:0.000625s ]
INFO: [ app_begin ] --START--
INFO: Run Behavior\ReadHtmlCacheBehavior [ RunTime:0.001534s ]
INFO: [ app_begin ] --END-- [ RunTime:0.001808s ]
INFO: [ app_end ] --START--
INFO: Run Behavior\ShowPageTraceBehavior [ RunTime:0.001140s ]
INFO: [ app_end ] --END-- [ RunTime:0.001542s ]

[ 2018-12-17T16:21:55+08:00 ] ::1 /LunWen/main/index.php/Admin/User/yzm.html
INFO: [ app_init ] --START--
INFO: Run Behavior\BuildLiteBehavior [ RunTime:0.000054s ]
INFO: [ app_init ] --END-- [ RunTime:0.000824s ]
INFO: [ app_begin ] --START--
INFO: Run Behavior\ReadHtmlCacheBehavior [ RunTime:0.000863s ]
INFO: [ app_begin ] --END-- [ RunTime:0.001050s ]
INFO: [ app_end ] --START--
INFO: Run Behavior\ShowPageTraceBehavior [ RunTime:0.002263s ]
INFO: [ app_end ] --END-- [ RunTime:0.002531s ]

[ 2018-12-17T16:23:56+08:00 ] ::1 /LunWen/main/index.php/Admin/User/yzm.html
INFO: [ app_init ] --START--
INFO: Run Behavior\BuildLiteBehavior [ RunTime:0.000035s ]
INFO: [ app_init ] --END-- [ RunTime:0.000625s ]
INFO: [ app_begin ] --START--
INFO: Run Behavior\ReadHtmlCacheBehavior [ RunTime:0.000544s ]
INFO: [ app_begin ] --END-- [ RunTime:0.000650s ]
INFO: [ app_end ] --START--
INFO: Run Behavior\ShowPageTraceBehavior [ RunTime:0.000578s ]
INFO: [ app_end ] --END-- [ RunTime:0.000765s ]

[ 2018-12-17T16:23:59+08:00 ] ::1 /LunWen/main/index.php/Admin/User/yzm.html
INFO: [ app_init ] --START--
INFO: Run Behavior\BuildLiteBehavior [ RunTime:0.000101s ]
INFO: [ app_init ] --END-- [ RunTime:0.002487s ]
INFO: [ app_begin ] --START--
INFO: Run Behavior\ReadHtmlCacheBehavior [ RunTime:0.000786s ]
INFO: [ app_begin ] --END-- [ RunTime:0.001000s ]
INFO: [ app_end ] --START--
INFO: Run Behavior\ShowPageTraceBehavior [ RunTime:0.000808s ]
INFO: [ app_end ] --END-- [ RunTime:0.000985s ]

[ 2018-12-17T16:24:00+08:00 ] ::1 /LunWen/main/index.php/Admin/User/yzm.html
INFO: [ app_init ] --START--
INFO: Run Behavior\BuildLiteBehavior [ RunTime:0.000045s ]
INFO: [ app_init ] --END-- [ RunTime:0.000823s ]
INFO: [ app_begin ] --START--
INFO: Run Behavior\ReadHtmlCacheBehavior [ RunTime:0.000894s ]
INFO: [ app_begin ] --END-- [ RunTime:0.001097s ]
INFO: [ app_end ] --START--
INFO: Run Behavior\ShowPageTraceBehavior [ RunTime:0.001127s ]
INFO: [ app_end ] --END-- [ RunTime:0.001319s ]

[ 2018-12-17T16:24:01+08:00 ] ::1 /LunWen/main/index.php/Admin/User/yzm.html
INFO: [ app_init ] --START--
INFO: Run Behavior\BuildLiteBehavior [ RunTime:0.000040s ]
INFO: [ app_init ] --END-- [ RunTime:0.000595s ]
INFO: [ app_begin ] --START--
INFO: Run Behavior\ReadHtmlCacheBehavior [ RunTime:0.001701s ]
INFO: [ app_begin ] --END-- [ RunTime:0.001928s ]
INFO: [ app_end ] --START--
INFO: Run Behavior\ShowPageTraceBehavior [ RunTime:0.000970s ]
INFO: [ app_end ] --END-- [ RunTime:0.001185s ]

[ 2018-12-17T16:24:02+08:00 ] ::1 /LunWen/main/index.php/Admin/User/yzm.html
INFO: [ app_init ] --START--
INFO: Run Behavior\BuildLiteBehavior [ RunTime:0.000035s ]
INFO: [ app_init ] --END-- [ RunTime:0.000654s ]
INFO: [ app_begin ] --START--
INFO: Run Behavior\ReadHtmlCacheBehavior [ RunTime:0.001292s ]
INFO: [ app_begin ] --END-- [ RunTime:0.001669s ]
INFO: [ app_end ] --START--
INFO: Run Behavior\ShowPageTraceBehavior [ RunTime:0.000690s ]
INFO: [ app_end ] --END-- [ RunTime:0.000840s ]

[ 2018-12-17T16:24:03+08:00 ] ::1 /LunWen/main/index.php/Admin/User/yzm.html
INFO: [ app_init ] --START--
INFO: Run Behavior\BuildLiteBehavior [ RunTime:0.000068s ]
INFO: [ app_init ] --END-- [ RunTime:0.001252s ]
INFO: [ app_begin ] --START--
INFO: Run Behavior\ReadHtmlCacheBehavior [ RunTime:0.000536s ]
INFO: [ app_begin ] --END-- [ RunTime:0.000642s ]
INFO: [ app_end ] --START--
INFO: Run Behavior\ShowPageTraceBehavior [ RunTime:0.000803s ]
INFO: [ app_end ] --END-- [ RunTime:0.001011s ]

[ 2018-12-17T16:24:05+08:00 ] ::1 /LunWen/main/index.php/Admin/User/yzm.html
INFO: [ app_init ] --START--
INFO: Run Behavior\BuildLiteBehavior [ RunTime:0.000038s ]
INFO: [ app_init ] --END-- [ RunTime:0.000829s ]
INFO: [ app_begin ] --START--
INFO: Run Behavior\ReadHtmlCacheBehavior [ RunTime:0.000812s ]
INFO: [ app_begin ] --END-- [ RunTime:0.001018s ]
INFO: [ app_end ] --START--
INFO: Run Behavior\ShowPageTraceBehavior [ RunTime:0.000921s ]
INFO: [ app_end ] --END-- [ RunTime:0.001123s ]

[ 2018-12-17T16:24:06+08:00 ] ::1 /LunWen/main/index.php/Admin/User/yzm.html
INFO: [ app_init ] --START--
INFO: Run Behavior\BuildLiteBehavior [ RunTime:0.000057s ]
INFO: [ app_init ] --END-- [ RunTime:0.001158s ]
INFO: [ app_begin ] --START--
INFO: Run Behavior\ReadHtmlCacheBehavior [ RunTime:0.001064s ]
INFO: [ app_begin ] --END-- [ RunTime:0.001306s ]
INFO: [ app_end ] --START--
INFO: Run Behavior\ShowPageTraceBehavior [ RunTime:0.000800s ]
INFO: [ app_end ] --END-- [ RunTime:0.000984s ]

[ 2018-12-17T16:24:07+08:00 ] ::1 /LunWen/main/index.php/Admin/User/yzm.html
INFO: [ app_init ] --START--
INFO: Run Behavior\BuildLiteBehavior [ RunTime:0.000038s ]
INFO: [ app_init ] --END-- [ RunTime:0.000663s ]
INFO: [ app_begin ] --START--
INFO: Run Behavior\ReadHtmlCacheBehavior [ RunTime:0.000502s ]
INFO: [ app_begin ] --END-- [ RunTime:0.000624s ]
INFO: [ app_end ] --START--
INFO: Run Behavior\ShowPageTraceBehavior [ RunTime:0.000869s ]
INFO: [ app_end ] --END-- [ RunTime:0.001038s ]

[ 2018-12-17T16:24:08+08:00 ] ::1 /LunWen/main/index.php/Admin/User/yzm.html
INFO: [ app_init ] --START--
INFO: Run Behavior\BuildLiteBehavior [ RunTime:0.000065s ]
INFO: [ app_init ] --END-- [ RunTime:0.000776s ]
INFO: [ app_begin ] --START--
INFO: Run Behavior\ReadHtmlCacheBehavior [ RunTime:0.000889s ]
INFO: [ app_begin ] --END-- [ RunTime:0.001269s ]
INFO: [ app_end ] --START--
INFO: Run Behavior\ShowPageTraceBehavior [ RunTime:0.001064s ]
INFO: [ app_end ] --END-- [ RunTime:0.001408s ]

[ 2018-12-17T16:24:09+08:00 ] ::1 /LunWen/main/index.php/Admin/User/yzm.html
INFO: [ app_init ] --START--
INFO: Run Behavior\BuildLiteBehavior [ RunTime:0.000037s ]
INFO: [ app_init ] --END-- [ RunTime:0.000916s ]
INFO: [ app_begin ] --START--
INFO: Run Behavior\ReadHtmlCacheBehavior [ RunTime:0.000510s ]
INFO: [ app_begin ] --END-- [ RunTime:0.000614s ]
INFO: [ app_end ] --START--
INFO: Run Behavior\ShowPageTraceBehavior [ RunTime:0.000561s ]
INFO: [ app_end ] --END-- [ RunTime:0.000684s ]

[ 2018-12-17T16:24:10+08:00 ] ::1 /LunWen/main/index.php/Admin/User/yzm.html
INFO: [ app_init ] --START--
INFO: Run Behavior\BuildLiteBehavior [ RunTime:0.000032s ]
INFO: [ app_init ] --END-- [ RunTime:0.000502s ]
INFO: [ app_begin ] --START--
INFO: Run Behavior\ReadHtmlCacheBehavior [ RunTime:0.000640s ]
INFO: [ app_begin ] --END-- [ RunTime:0.000799s ]
INFO: [ app_end ] --START--
INFO: Run Behavior\ShowPageTraceBehavior [ RunTime:0.000562s ]
INFO: [ app_end ] --END-- [ RunTime:0.000676s ]

[ 2018-12-17T16:24:11+08:00 ] ::1 /LunWen/main/index.php/Admin/User/yzm.html
INFO: [ app_init ] --START--
INFO: Run Behavior\BuildLiteBehavior [ RunTime:0.000036s ]
INFO: [ app_init ] --END-- [ RunTime:0.000607s ]
INFO: [ app_begin ] --START--
INFO: Run Behavior\ReadHtmlCacheBehavior [ RunTime:0.000780s ]
INFO: [ app_begin ] --END-- [ RunTime:0.000996s ]
INFO: [ app_end ] --START--
INFO: Run Behavior\ShowPageTraceBehavior [ RunTime:0.001626s ]
INFO: [ app_end ] --END-- [ RunTime:0.001980s ]

[ 2018-12-17T16:24:12+08:00 ] ::1 /LunWen/main/index.php/Admin/User/yzm.html
INFO: [ app_init ] --START--
INFO: Run Behavior\BuildLiteBehavior [ RunTime:0.000042s ]
INFO: [ app_init ] --END-- [ RunTime:0.000668s ]
INFO: [ app_begin ] --START--
INFO: Run Behavior\ReadHtmlCacheBehavior [ RunTime:0.012887s ]
INFO: [ app_begin ] --END-- [ RunTime:0.013121s ]
INFO: [ app_end ] --START--
INFO: Run Behavior\ShowPageTraceBehavior [ RunTime:0.003351s ]
INFO: [ app_end ] --END-- [ RunTime:0.003588s ]

[ 2018-12-17T16:24:12+08:00 ] ::1 /LunWen/main/index.php/Admin/User/yzm.html
INFO: [ app_init ] --START--
INFO: Run Behavior\BuildLiteBehavior [ RunTime:0.000038s ]
INFO: [ app_init ] --END-- [ RunTime:0.000623s ]
INFO: [ app_begin ] --START--
INFO: Run Behavior\ReadHtmlCacheBehavior [ RunTime:0.000774s ]
INFO: [ app_begin ] --END-- [ RunTime:0.000950s ]
INFO: [ app_end ] --START--
INFO: Run Behavior\ShowPageTraceBehavior [ RunTime:0.001106s ]
INFO: [ app_end ] --END-- [ RunTime:0.001405s ]

[ 2018-12-17T16:24:13+08:00 ] ::1 /LunWen/main/index.php/Admin/User/yzm.html
INFO: [ app_init ] --START--
INFO: Run Behavior\BuildLiteBehavior [ RunTime:0.000043s ]
INFO: [ app_init ] --END-- [ RunTime:0.000817s ]
INFO: [ app_begin ] --START--
INFO: Run Behavior\ReadHtmlCacheBehavior [ RunTime:0.000764s ]
INFO: [ app_begin ] --END-- [ RunTime:0.001211s ]
INFO: [ app_end ] --START--
INFO: Run Behavior\ShowPageTraceBehavior [ RunTime:0.000992s ]
INFO: [ app_end ] --END-- [ RunTime:0.001196s ]

[ 2018-12-17T16:28:24+08:00 ] ::1 /LunWen/main/index.php/Admin/User/yzm.html
INFO: [ app_init ] --START--
INFO: Run Behavior\BuildLiteBehavior [ RunTime:0.000040s ]
INFO: [ app_init ] --END-- [ RunTime:0.000723s ]
INFO: [ app_begin ] --START--
INFO: Run Behavior\ReadHtmlCacheBehavior [ RunTime:0.000917s ]
INFO: [ app_begin ] --END-- [ RunTime:0.001110s ]
INFO: [ app_end ] --START--
INFO: Run Behavior\ShowPageTraceBehavior [ RunTime:0.001500s ]
INFO: [ app_end ] --END-- [ RunTime:0.001726s ]

[ 2018-12-17T17:25:48+08:00 ] ::1 /LunWen/main/index.php/Admin/Index/index.html
INFO: [ app_init ] --START--
INFO: Run Behavior\BuildLiteBehavior [ RunTime:0.000045s ]
INFO: [ app_init ] --END-- [ RunTime:0.000649s ]
INFO: [ app_begin ] --START--
INFO: Run Behavior\ReadHtmlCacheBehavior [ RunTime:0.000530s ]
INFO: [ app_begin ] --END-- [ RunTime:0.000637s ]
SQL: SHOW COLUMNS FROM `user` [ RunTime:0.0012s ]
SQL: SELECT * FROM `user` WHERE ( username='' )  [ RunTime:0.0005s ]
INFO: [ view_parse ] --START--
INFO: [ template_filter ] --START--
INFO: Run Behavior\ContentReplaceBehavior [ RunTime:0.000071s ]
INFO: [ template_filter ] --END-- [ RunTime:0.000198s ]
NOTIC: [8] Undefined variable: message E:\wamp\www\LunWen\main\Runtime\Cache\Admin\b5ef08fa5e64640072374cae7edf8894.php 第 50 行.
INFO: Run Behavior\ParseTemplateBehavior [ RunTime:0.019583s ]
INFO: [ view_parse ] --END-- [ RunTime:0.019795s ]
INFO: [ view_filter ] --START--
INFO: Run Behavior\WriteHtmlCacheBehavior [ RunTime:0.000604s ]
INFO: [ view_filter ] --END-- [ RunTime:0.000815s ]

[ 2018-12-17T17:25:49+08:00 ] ::1 /LunWen/main/index.php/Admin/User/login
INFO: [ app_init ] --START--
INFO: Run Behavior\BuildLiteBehavior [ RunTime:0.000039s ]
INFO: [ app_init ] --END-- [ RunTime:0.000980s ]
INFO: [ app_begin ] --START--
INFO: Run Behavior\ReadHtmlCacheBehavior [ RunTime:0.000780s ]
INFO: [ app_begin ] --END-- [ RunTime:0.000950s ]
SQL: SHOW COLUMNS FROM `user` [ RunTime:0.0006s ]
SQL: UPDATE `user` SET `user_statu`='0',`sessionid`='' WHERE ( username='' ) [ RunTime:0.0004s ]
INFO: [ view_parse ] --START--
INFO: [ template_filter ] --START--
INFO: Run Behavior\ContentReplaceBehavior [ RunTime:0.000069s ]
INFO: [ template_filter ] --END-- [ RunTime:0.000196s ]
INFO: Run Behavior\ParseTemplateBehavior [ RunTime:0.018007s ]
INFO: [ view_parse ] --END-- [ RunTime:0.018126s ]
INFO: [ view_filter ] --START--
INFO: Run Behavior\WriteHtmlCacheBehavior [ RunTime:0.000483s ]
INFO: [ view_filter ] --END-- [ RunTime:0.000583s ]
INFO: [ app_end ] --START--
INFO: Run Behavior\ShowPageTraceBehavior [ RunTime:0.000825s ]
INFO: [ app_end ] --END-- [ RunTime:0.000955s ]

[ 2018-12-17T22:52:09+08:00 ] ::1 /LunWen/main/index.php/Admin/Lunwen/lunwen_list/page/2.html
INFO: [ app_init ] --START--
INFO: Run Behavior\BuildLiteBehavior [ RunTime:0.000023s ]
INFO: [ app_init ] --END-- [ RunTime:0.000424s ]
INFO: [ app_begin ] --START--
INFO: Run Behavior\ReadHtmlCacheBehavior [ RunTime:0.000618s ]
INFO: [ app_begin ] --END-- [ RunTime:0.000748s ]
SQL: SHOW COLUMNS FROM `user` [ RunTime:0.0006s ]
SQL: SELECT * FROM `user` WHERE ( username='' )  [ RunTime:0.0003s ]
INFO: [ view_parse ] --START--
INFO: [ template_filter ] --START--
INFO: Run Behavior\ContentReplaceBehavior [ RunTime:0.000057s ]
INFO: [ template_filter ] --END-- [ RunTime:0.000152s ]
NOTIC: [8] Undefined variable: message E:\wamp\www\LunWen\main\Runtime\Cache\Admin\b5ef08fa5e64640072374cae7edf8894.php 第 50 行.
INFO: Run Behavior\ParseTemplateBehavior [ RunTime:0.005836s ]
INFO: [ view_parse ] --END-- [ RunTime:0.005975s ]
INFO: [ view_filter ] --START--
INFO: Run Behavior\WriteHtmlCacheBehavior [ RunTime:0.000427s ]
INFO: [ view_filter ] --END-- [ RunTime:0.000541s ]

[ 2018-12-17T22:52:11+08:00 ] ::1 /LunWen/main/index.php/Admin/User/login
INFO: [ app_init ] --START--
INFO: Run Behavior\BuildLiteBehavior [ RunTime:0.000028s ]
INFO: [ app_init ] --END-- [ RunTime:0.001027s ]
INFO: [ app_begin ] --START--
INFO: Run Behavior\ReadHtmlCacheBehavior [ RunTime:0.000547s ]
INFO: [ app_begin ] --END-- [ RunTime:0.000650s ]
SQL: SHOW COLUMNS FROM `user` [ RunTime:0.0007s ]
SQL: UPDATE `user` SET `user_statu`='0',`sessionid`='' WHERE ( username='' ) [ RunTime:0.0003s ]
INFO: [ view_parse ] --START--
INFO: [ template_filter ] --START--
INFO: Run Behavior\ContentReplaceBehavior [ RunTime:0.000099s ]
INFO: [ template_filter ] --END-- [ RunTime:0.000238s ]
INFO: Run Behavior\ParseTemplateBehavior [ RunTime:0.009413s ]
INFO: [ view_parse ] --END-- [ RunTime:0.009517s ]
INFO: [ view_filter ] --START--
INFO: Run Behavior\WriteHtmlCacheBehavior [ RunTime:0.000399s ]
INFO: [ view_filter ] --END-- [ RunTime:0.000489s ]
INFO: [ app_end ] --START--
INFO: Run Behavior\ShowPageTraceBehavior [ RunTime:0.000517s ]
INFO: [ app_end ] --END-- [ RunTime:0.000608s ]

[ 2018-12-17T22:52:11+08:00 ] ::1 /LunWen/main/index.php/Admin/User/login
INFO: [ app_init ] --START--
INFO: Run Behavior\BuildLiteBehavior [ RunTime:0.000021s ]
INFO: [ app_init ] --END-- [ RunTime:0.000381s ]
INFO: [ app_begin ] --START--
INFO: Run Behavior\ReadHtmlCacheBehavior [ RunTime:0.000497s ]
INFO: [ app_begin ] --END-- [ RunTime:0.000593s ]
SQL: SHOW COLUMNS FROM `user` [ RunTime:0.0354s ]
SQL: UPDATE `user` SET `user_statu`='0',`sessionid`='' WHERE ( username='' ) [ RunTime:0.0003s ]
INFO: [ view_parse ] --START--
INFO: [ template_filter ] --START--
INFO: Run Behavior\ContentReplaceBehavior [ RunTime:0.000061s ]
INFO: [ template_filter ] --END-- [ RunTime:0.000170s ]
INFO: Run Behavior\ParseTemplateBehavior [ RunTime:0.006273s ]
INFO: [ view_parse ] --END-- [ RunTime:0.006373s ]
INFO: [ view_filter ] --START--
INFO: Run Behavior\WriteHtmlCacheBehavior [ RunTime:0.000331s ]
INFO: [ view_filter ] --END-- [ RunTime:0.000418s ]
INFO: [ app_end ] --START--
INFO: Run Behavior\ShowPageTraceBehavior [ RunTime:0.000472s ]
INFO: [ app_end ] --END-- [ RunTime:0.000561s ]

