[ 2018-12-12T19:31:00+08:00 ] ::1 /LunWen/main/index.php/Admin/Index/index
INFO: [ app_init ] --START--
INFO: Run Behavior\BuildLiteBehavior [ RunTime:0.000020s ]
INFO: [ app_init ] --END-- [ RunTime:0.000312s ]
INFO: [ app_begin ] --START--
INFO: Run Behavior\ReadHtmlCacheBehavior [ RunTime:0.000457s ]
INFO: [ app_begin ] --END-- [ RunTime:0.000624s ]
SQL: SHOW COLUMNS FROM `user` [ RunTime:0.0866s ]
SQL: SELECT * FROM `user` WHERE ( username='' )  [ RunTime:0.0004s ]
NOTIC: [8] Undefined offset: 0 E:\wamp\www\LunWen\main\Admin\Controller\IndexController.class.php 第 102 行.
INFO: [ view_parse ] --START--
INFO: [ template_filter ] --START--
INFO: Run Behavior\ContentReplaceBehavior [ RunTime:0.000100s ]
INFO: [ template_filter ] --END-- [ RunTime:0.000258s ]
NOTIC: [8] Undefined variable: message E:\wamp\www\LunWen\main\Runtime\Cache\Admin\b5ef08fa5e64640072374cae7edf8894.php 第 48 行.
INFO: Run Behavior\ParseTemplateBehavior [ RunTime:0.050923s ]
INFO: [ view_parse ] --END-- [ RunTime:0.051110s ]
INFO: [ view_filter ] --START--
INFO: Run Behavior\WriteHtmlCacheBehavior [ RunTime:0.000345s ]
INFO: [ view_filter ] --END-- [ RunTime:0.000523s ]

[ 2018-12-12T19:31:02+08:00 ] ::1 /LunWen/main/index.php/Admin/User/login
INFO: [ app_init ] --START--
INFO: Run Behavior\BuildLiteBehavior [ RunTime:0.000021s ]
INFO: [ app_init ] --END-- [ RunTime:0.000424s ]
INFO: [ app_begin ] --START--
INFO: Run Behavior\ReadHtmlCacheBehavior [ RunTime:0.000350s ]
INFO: [ app_begin ] --END-- [ RunTime:0.000448s ]
SQL: SHOW COLUMNS FROM `user` [ RunTime:0.0008s ]
SQL: UPDATE `user` SET `user_statu`='0',`sessionid`='' WHERE ( username='' ) [ RunTime:0.1168s ]
INFO: [ view_parse ] --START--
INFO: [ template_filter ] --START--
INFO: Run Behavior\ContentReplaceBehavior [ RunTime:0.000123s ]
INFO: [ template_filter ] --END-- [ RunTime:0.000320s ]
INFO: Run Behavior\ParseTemplateBehavior [ RunTime:0.024297s ]
INFO: [ view_parse ] --END-- [ RunTime:0.024457s ]
INFO: [ view_filter ] --START--
INFO: Run Behavior\WriteHtmlCacheBehavior [ RunTime:0.000304s ]
INFO: [ view_filter ] --END-- [ RunTime:0.000405s ]
INFO: [ app_end ] --START--
INFO: Run Behavior\ShowPageTraceBehavior [ RunTime:0.000363s ]
INFO: [ app_end ] --END-- [ RunTime:0.000459s ]

[ 2018-12-12T19:31:12+08:00 ] ::1 /LunWen/main/index.php/Admin/User/login.html
INFO: [ app_init ] --START--
INFO: Run Behavior\BuildLiteBehavior [ RunTime:0.000020s ]
INFO: [ app_init ] --END-- [ RunTime:0.000352s ]
INFO: [ app_begin ] --START--
INFO: Run Behavior\ReadHtmlCacheBehavior [ RunTime:0.000632s ]
INFO: [ app_begin ] --END-- [ RunTime:0.000809s ]
SQL: SHOW COLUMNS FROM `user` [ RunTime:0.0008s ]
SQL: UPDATE `user` SET `user_statu`='0',`sessionid`='' WHERE ( username='' ) [ RunTime:0.0003s ]
SQL: SELECT * FROM `user`  [ RunTime:0.0003s ]
SQL: UPDATE `user` SET `user_statu`='0' WHERE ( username='xubei' ) [ RunTime:0.0093s ]
SQL: UPDATE `user` SET `user_statu`='0' WHERE ( username='admin' ) [ RunTime:0.0002s ]
SQL: SELECT * FROM `user` WHERE `username` = 'xubei' LIMIT 1   [ RunTime:0.0003s ]
SQL: UPDATE `user` SET `user_id`='1',`username`='xubei',`password`='aee5bbf4847a770af48ca4b2deaf6e4e',`phone`='18579250335',`salt`='a(*lg*h^',`user_statu`='1',`start_time`='2018-12-12 19:31:12',`off_time`='2018-12-11 21:21:41',`host`='::1',`sessionid`='313692942677482' WHERE ( username='xubei' ) [ RunTime:0.0003s ]
INFO: [ view_parse ] --START--
INFO: [ template_filter ] --START--
INFO: Run Behavior\ContentReplaceBehavior [ RunTime:0.000062s ]
INFO: [ template_filter ] --END-- [ RunTime:0.000189s ]
INFO: Run Behavior\ParseTemplateBehavior [ RunTime:0.005586s ]
INFO: [ view_parse ] --END-- [ RunTime:0.005692s ]
INFO: [ view_filter ] --START--
INFO: Run Behavior\WriteHtmlCacheBehavior [ RunTime:0.000324s ]
INFO: [ view_filter ] --END-- [ RunTime:0.000415s ]
INFO: [ view_parse ] --START--
INFO: [ template_filter ] --START--
INFO: Run Behavior\ContentReplaceBehavior [ RunTime:0.000094s ]
INFO: [ template_filter ] --END-- [ RunTime:-0.003661s ]
INFO: Run Behavior\ParseTemplateBehavior [ RunTime:0.004172s ]
INFO: [ view_parse ] --END-- [ RunTime:-0.000760s ]
INFO: [ view_filter ] --START--
INFO: Run Behavior\WriteHtmlCacheBehavior [ RunTime:0.000063s ]
INFO: [ view_filter ] --END-- [ RunTime:-0.004747s ]
INFO: [ app_end ] --START--
INFO: Run Behavior\ShowPageTraceBehavior [ RunTime:0.000952s ]
INFO: [ app_end ] --END-- [ RunTime:0.001189s ]

[ 2018-12-12T19:31:15+08:00 ] ::1 /LunWen/main/index.php/Admin/Index/index.html
INFO: [ app_init ] --START--
INFO: Run Behavior\BuildLiteBehavior [ RunTime:0.000051s ]
INFO: [ app_init ] --END-- [ RunTime:0.000776s ]
INFO: [ app_begin ] --START--
INFO: Run Behavior\ReadHtmlCacheBehavior [ RunTime:0.000542s ]
INFO: [ app_begin ] --END-- [ RunTime:0.000744s ]
SQL: SHOW COLUMNS FROM `user` [ RunTime:0.0014s ]
SQL: SELECT * FROM `user` WHERE ( username='xubei' )  [ RunTime:0.0004s ]
SQL: SHOW COLUMNS FROM `lunwen` [ RunTime:0.2077s ]
SQL: SELECT * FROM `lunwen`  [ RunTime:0.0057s ]
SQL: SELECT * FROM `user`  [ RunTime:0.0004s ]
SQL: SHOW COLUMNS FROM `consumer` [ RunTime:0.0934s ]
SQL: SELECT * FROM `consumer`  [ RunTime:0.0003s ]
SQL: SHOW COLUMNS FROM `poplunwen` [ RunTime:0.1762s ]
SQL: SELECT * FROM `poplunwen` WHERE ( todaytime='2018-12-12' )  [ RunTime:0.0003s ]
SQL: SHOW COLUMNS FROM `sele` [ RunTime:0.2297s ]
SQL: SELECT * FROM `sele`  [ RunTime:0.0003s ]
INFO: [ view_parse ] --START--
INFO: [ template_filter ] --START--
INFO: Run Behavior\ContentReplaceBehavior [ RunTime:0.000137s ]
INFO: [ template_filter ] --END-- [ RunTime:0.000238s ]
INFO: Run Behavior\ParseTemplateBehavior [ RunTime:0.013228s ]
INFO: [ view_parse ] --END-- [ RunTime:0.013369s ]
INFO: [ view_filter ] --START--
INFO: Run Behavior\WriteHtmlCacheBehavior [ RunTime:0.000265s ]
INFO: [ view_filter ] --END-- [ RunTime:0.000353s ]
INFO: [ app_end ] --START--
INFO: Run Behavior\ShowPageTraceBehavior [ RunTime:0.000376s ]
INFO: [ app_end ] --END-- [ RunTime:0.000469s ]

[ 2018-12-12T19:31:15+08:00 ] ::1 /LunWen/main/index.php/Admin/Index/index.html
INFO: [ app_init ] --START--
INFO: Run Behavior\BuildLiteBehavior [ RunTime:0.000022s ]
INFO: [ app_init ] --END-- [ RunTime:0.000383s ]
INFO: [ app_begin ] --START--
INFO: Run Behavior\ReadHtmlCacheBehavior [ RunTime:0.000513s ]
INFO: [ app_begin ] --END-- [ RunTime:0.000634s ]
SQL: SHOW COLUMNS FROM `user` [ RunTime:0.0007s ]
SQL: SELECT * FROM `user` WHERE ( username='xubei' )  [ RunTime:0.0003s ]
SQL: SHOW COLUMNS FROM `lunwen` [ RunTime:0.0007s ]
SQL: SELECT * FROM `lunwen`  [ RunTime:0.0027s ]
SQL: SELECT * FROM `user`  [ RunTime:0.0002s ]
SQL: SHOW COLUMNS FROM `consumer` [ RunTime:0.0007s ]
SQL: SELECT * FROM `consumer`  [ RunTime:0.0002s ]
SQL: SHOW COLUMNS FROM `poplunwen` [ RunTime:0.0007s ]
SQL: SELECT * FROM `poplunwen` WHERE ( todaytime='2018-12-12' )  [ RunTime:0.0003s ]
SQL: SHOW COLUMNS FROM `sele` [ RunTime:0.0014s ]
SQL: SELECT * FROM `sele`  [ RunTime:0.0003s ]
INFO: [ view_parse ] --START--
INFO: [ template_filter ] --START--
INFO: Run Behavior\ContentReplaceBehavior [ RunTime:0.000179s ]
INFO: [ template_filter ] --END-- [ RunTime:0.000360s ]
INFO: Run Behavior\ParseTemplateBehavior [ RunTime:0.019313s ]
INFO: [ view_parse ] --END-- [ RunTime:0.019456s ]
INFO: [ view_filter ] --START--
INFO: Run Behavior\WriteHtmlCacheBehavior [ RunTime:0.000353s ]
INFO: [ view_filter ] --END-- [ RunTime:0.000444s ]
INFO: [ app_end ] --START--
INFO: Run Behavior\ShowPageTraceBehavior [ RunTime:0.000558s ]
INFO: [ app_end ] --END-- [ RunTime:0.000717s ]

[ 2018-12-12T19:36:20+08:00 ] ::1 /LunWen/main/index.php/Admin/Index/getWeekData
INFO: [ app_init ] --START--
INFO: Run Behavior\BuildLiteBehavior [ RunTime:0.000054s ]
INFO: [ app_init ] --END-- [ RunTime:0.011762s ]
INFO: [ app_begin ] --START--
INFO: Run Behavior\ReadHtmlCacheBehavior [ RunTime:0.000813s ]
INFO: [ app_begin ] --END-- [ RunTime:0.000935s ]
INFO: [ app_end ] --START--
INFO: Run Behavior\ShowPageTraceBehavior [ RunTime:0.000475s ]
INFO: [ app_end ] --END-- [ RunTime:0.000618s ]

[ 2018-12-12T19:38:17+08:00 ] ::1 /LunWen/main/index.php/Admin/Index/getWeekData
INFO: [ app_init ] --START--
INFO: Run Behavior\BuildLiteBehavior [ RunTime:0.000045s ]
INFO: [ app_init ] --END-- [ RunTime:0.000560s ]
INFO: [ app_begin ] --START--
INFO: Run Behavior\ReadHtmlCacheBehavior [ RunTime:0.000823s ]
INFO: [ app_begin ] --END-- [ RunTime:0.001089s ]
INFO: [ app_end ] --START--
INFO: Run Behavior\ShowPageTraceBehavior [ RunTime:0.000775s ]
INFO: [ app_end ] --END-- [ RunTime:0.000978s ]

[ 2018-12-12T19:38:18+08:00 ] ::1 /LunWen/main/index.php/Admin/Index/getWeekData
INFO: [ app_init ] --START--
INFO: Run Behavior\BuildLiteBehavior [ RunTime:0.000055s ]
INFO: [ app_init ] --END-- [ RunTime:0.000634s ]
INFO: [ app_begin ] --START--
INFO: Run Behavior\ReadHtmlCacheBehavior [ RunTime:0.000627s ]
INFO: [ app_begin ] --END-- [ RunTime:0.000768s ]
INFO: [ app_end ] --START--
INFO: Run Behavior\ShowPageTraceBehavior [ RunTime:0.000369s ]
INFO: [ app_end ] --END-- [ RunTime:0.000473s ]

[ 2018-12-12T19:49:31+08:00 ] ::1 /LunWen/main/index.php/Admin/Index/sendFile
INFO: [ app_init ] --START--
INFO: Run Behavior\BuildLiteBehavior [ RunTime:0.000049s ]
INFO: [ app_init ] --END-- [ RunTime:0.000648s ]
INFO: [ app_begin ] --START--
INFO: Run Behavior\ReadHtmlCacheBehavior [ RunTime:0.000777s ]
INFO: [ app_begin ] --END-- [ RunTime:0.000975s ]
INFO: [ view_parse ] --START--
INFO: [ template_filter ] --START--
INFO: Run Behavior\ContentReplaceBehavior [ RunTime:0.000077s ]
INFO: [ template_filter ] --END-- [ RunTime:0.000197s ]
NOTIC: [8] Use of undefined constant Admin - assumed 'Admin' E:\wamp\www\LunWen\main\Runtime\Cache\Admin\66bec8286dff83a82bb5b6fc15acde93.php 第 15 行.
NOTIC: [8] Use of undefined constant Index - assumed 'Index' E:\wamp\www\LunWen\main\Runtime\Cache\Admin\66bec8286dff83a82bb5b6fc15acde93.php 第 15 行.
NOTIC: [2] Division by zero E:\wamp\www\LunWen\main\Runtime\Cache\Admin\66bec8286dff83a82bb5b6fc15acde93.php 第 15 行.
NOTIC: [8] Use of undefined constant sendFile - assumed 'sendFile' E:\wamp\www\LunWen\main\Runtime\Cache\Admin\66bec8286dff83a82bb5b6fc15acde93.php 第 15 行.
NOTIC: [2] Division by zero E:\wamp\www\LunWen\main\Runtime\Cache\Admin\66bec8286dff83a82bb5b6fc15acde93.php 第 15 行.
INFO: Run Behavior\ParseTemplateBehavior [ RunTime:0.151725s ]
INFO: [ view_parse ] --END-- [ RunTime:0.151862s ]
INFO: [ view_filter ] --START--
INFO: Run Behavior\WriteHtmlCacheBehavior [ RunTime:0.000510s ]
INFO: [ view_filter ] --END-- [ RunTime:0.000648s ]
INFO: [ app_end ] --START--
INFO: Run Behavior\ShowPageTraceBehavior [ RunTime:0.000465s ]
INFO: [ app_end ] --END-- [ RunTime:0.000554s ]

[ 2018-12-12T19:50:55+08:00 ] ::1 /LunWen/main/index.php/Admin/Index/Admin/User/logout
INFO: [ app_init ] --START--
INFO: Run Behavior\BuildLiteBehavior [ RunTime:0.000020s ]
INFO: [ app_init ] --END-- [ RunTime:0.000474s ]
INFO: [ app_begin ] --START--
INFO: Run Behavior\ReadHtmlCacheBehavior [ RunTime:0.000960s ]
INFO: [ app_begin ] --END-- [ RunTime:0.001092s ]

[ 2018-12-12T19:50:55+08:00 ] ::1 /LunWen/main/index.php/Admin/Index/index.html
INFO: [ app_init ] --START--
INFO: Run Behavior\BuildLiteBehavior [ RunTime:0.000022s ]
INFO: [ app_init ] --END-- [ RunTime:0.000459s ]
INFO: [ app_begin ] --START--
INFO: Run Behavior\ReadHtmlCacheBehavior [ RunTime:0.001050s ]
INFO: [ app_begin ] --END-- [ RunTime:0.001222s ]

[ 2018-12-12T19:50:55+08:00 ] ::1 /LunWen/main/index.php/Admin/Index/Admin/User/logout
INFO: [ app_init ] --START--
INFO: Run Behavior\BuildLiteBehavior [ RunTime:0.000020s ]
INFO: [ app_init ] --END-- [ RunTime:0.000433s ]
INFO: [ app_begin ] --START--
INFO: Run Behavior\ReadHtmlCacheBehavior [ RunTime:0.001124s ]
INFO: [ app_begin ] --END-- [ RunTime:0.001269s ]

[ 2018-12-12T19:51:09+08:00 ] ::1 /LunWen/main/index.php/Admin/Index/index.html
INFO: [ app_init ] --START--
INFO: Run Behavior\BuildLiteBehavior [ RunTime:0.000051s ]
INFO: [ app_init ] --END-- [ RunTime:0.001076s ]
INFO: [ app_begin ] --START--
INFO: Run Behavior\ReadHtmlCacheBehavior [ RunTime:0.001152s ]
INFO: [ app_begin ] --END-- [ RunTime:0.001416s ]
SQL: SHOW COLUMNS FROM `user` [ RunTime:0.0009s ]
SQL: SELECT * FROM `user` WHERE ( username='xubei' )  [ RunTime:0.0003s ]
SQL: SHOW COLUMNS FROM `lunwen` [ RunTime:0.0007s ]
SQL: SELECT * FROM `lunwen`  [ RunTime:0.0028s ]
SQL: SHOW COLUMNS FROM `lunwenbook` [ RunTime:0.0019s ]
SQL: SELECT * FROM `lunwenbook`  [ RunTime:0.0007s ]
SQL: SELECT * FROM `user`  [ RunTime:0.0002s ]
SQL: SHOW COLUMNS FROM `consumer` [ RunTime:0.0007s ]
SQL: SELECT * FROM `consumer`  [ RunTime:0.0001s ]
SQL: SHOW COLUMNS FROM `poplunwen` [ RunTime:0.0006s ]
SQL: SELECT * FROM `poplunwen` WHERE ( todaytime='2018-12-12' )  [ RunTime:0.0002s ]
SQL: SHOW COLUMNS FROM `sele` [ RunTime:0.0006s ]
SQL: SELECT * FROM `sele`  [ RunTime:0.0002s ]
INFO: [ view_parse ] --START--
INFO: [ template_filter ] --START--
INFO: Run Behavior\ContentReplaceBehavior [ RunTime:0.000129s ]
INFO: [ template_filter ] --END-- [ RunTime:0.000249s ]
INFO: Run Behavior\ParseTemplateBehavior [ RunTime:0.016878s ]
INFO: [ view_parse ] --END-- [ RunTime:0.017030s ]
INFO: [ view_filter ] --START--
INFO: Run Behavior\WriteHtmlCacheBehavior [ RunTime:0.000688s ]
INFO: [ view_filter ] --END-- [ RunTime:0.000782s ]
INFO: [ app_end ] --START--
INFO: Run Behavior\ShowPageTraceBehavior [ RunTime:0.000668s ]
INFO: [ app_end ] --END-- [ RunTime:0.000870s ]

[ 2018-12-12T19:51:10+08:00 ] ::1 /LunWen/main/index.php/Admin/Index/Admin/User/logout
INFO: [ app_init ] --START--
INFO: Run Behavior\BuildLiteBehavior [ RunTime:0.000021s ]
INFO: [ app_init ] --END-- [ RunTime:0.000393s ]
INFO: [ app_begin ] --START--
INFO: Run Behavior\ReadHtmlCacheBehavior [ RunTime:0.000947s ]
INFO: [ app_begin ] --END-- [ RunTime:0.001098s ]
ERR: 非法操作:Admin

[ 2018-12-12T19:51:10+08:00 ] ::1 /LunWen/main/index.php/Admin/Index/index.html
INFO: [ app_init ] --START--
INFO: Run Behavior\BuildLiteBehavior [ RunTime:0.000038s ]
INFO: [ app_init ] --END-- [ RunTime:0.000630s ]
INFO: [ app_begin ] --START--
INFO: Run Behavior\ReadHtmlCacheBehavior [ RunTime:0.000543s ]
INFO: [ app_begin ] --END-- [ RunTime:0.000656s ]
SQL: SHOW COLUMNS FROM `user` [ RunTime:0.0019s ]
SQL: SELECT * FROM `user` WHERE ( username='xubei' )  [ RunTime:0.0005s ]
SQL: SHOW COLUMNS FROM `lunwen` [ RunTime:0.0018s ]
SQL: SELECT * FROM `lunwen`  [ RunTime:0.0046s ]
SQL: SHOW COLUMNS FROM `lunwenbook` [ RunTime:0.0010s ]
SQL: SELECT * FROM `lunwenbook`  [ RunTime:0.0006s ]
SQL: SELECT * FROM `user`  [ RunTime:0.0002s ]
SQL: SHOW COLUMNS FROM `consumer` [ RunTime:0.0007s ]
SQL: SELECT * FROM `consumer`  [ RunTime:0.0002s ]
SQL: SHOW COLUMNS FROM `poplunwen` [ RunTime:0.0007s ]
SQL: SELECT * FROM `poplunwen` WHERE ( todaytime='2018-12-12' )  [ RunTime:0.0002s ]
SQL: SHOW COLUMNS FROM `sele` [ RunTime:0.0024s ]
SQL: SELECT * FROM `sele`  [ RunTime:0.0004s ]
INFO: [ view_parse ] --START--
INFO: [ template_filter ] --START--
INFO: Run Behavior\ContentReplaceBehavior [ RunTime:0.000114s ]
INFO: [ template_filter ] --END-- [ RunTime:0.000212s ]
INFO: Run Behavior\ParseTemplateBehavior [ RunTime:0.018778s ]
INFO: [ view_parse ] --END-- [ RunTime:0.018958s ]
INFO: [ view_filter ] --START--
INFO: Run Behavior\WriteHtmlCacheBehavior [ RunTime:0.000505s ]
INFO: [ view_filter ] --END-- [ RunTime:0.000597s ]
INFO: [ app_end ] --START--
INFO: Run Behavior\ShowPageTraceBehavior [ RunTime:0.000646s ]
INFO: [ app_end ] --END-- [ RunTime:0.000798s ]

[ 2018-12-12T19:51:10+08:00 ] ::1 /LunWen/main/index.php/Admin/Index/Admin/User/logout
INFO: [ app_init ] --START--
INFO: Run Behavior\BuildLiteBehavior [ RunTime:0.000021s ]
INFO: [ app_init ] --END-- [ RunTime:0.000561s ]
INFO: [ app_begin ] --START--
INFO: Run Behavior\ReadHtmlCacheBehavior [ RunTime:0.002694s ]
INFO: [ app_begin ] --END-- [ RunTime:0.002929s ]
ERR: 非法操作:Admin

[ 2018-12-12T19:51:10+08:00 ] ::1 /LunWen/main/index.php/Admin/Index/Admin/User/logout
INFO: [ app_init ] --START--
INFO: Run Behavior\BuildLiteBehavior [ RunTime:0.000023s ]
INFO: [ app_init ] --END-- [ RunTime:0.000479s ]
INFO: [ app_begin ] --START--
INFO: Run Behavior\ReadHtmlCacheBehavior [ RunTime:0.000648s ]
INFO: [ app_begin ] --END-- [ RunTime:0.000750s ]
ERR: 非法操作:Admin

[ 2018-12-12T19:51:10+08:00 ] ::1 /LunWen/main/index.php/Admin/Index/index.html
INFO: [ app_init ] --START--
INFO: Run Behavior\BuildLiteBehavior [ RunTime:0.000035s ]
INFO: [ app_init ] --END-- [ RunTime:0.000708s ]
INFO: [ app_begin ] --START--
INFO: Run Behavior\ReadHtmlCacheBehavior [ RunTime:0.001071s ]
INFO: [ app_begin ] --END-- [ RunTime:0.001337s ]
SQL: SHOW COLUMNS FROM `user` [ RunTime:0.0007s ]
SQL: SELECT * FROM `user` WHERE ( username='xubei' )  [ RunTime:0.0003s ]
SQL: SHOW COLUMNS FROM `lunwen` [ RunTime:0.0009s ]
SQL: SELECT * FROM `lunwen`  [ RunTime:0.0057s ]
SQL: SHOW COLUMNS FROM `lunwenbook` [ RunTime:0.0010s ]
SQL: SELECT * FROM `lunwenbook`  [ RunTime:0.0011s ]
SQL: SELECT * FROM `user`  [ RunTime:0.0003s ]
SQL: SHOW COLUMNS FROM `consumer` [ RunTime:0.0009s ]
SQL: SELECT * FROM `consumer`  [ RunTime:0.0002s ]
SQL: SHOW COLUMNS FROM `poplunwen` [ RunTime:0.0013s ]
SQL: SELECT * FROM `poplunwen` WHERE ( todaytime='2018-12-12' )  [ RunTime:0.0003s ]
SQL: SHOW COLUMNS FROM `sele` [ RunTime:0.0010s ]
SQL: SELECT * FROM `sele`  [ RunTime:0.0003s ]
INFO: [ view_parse ] --START--
INFO: [ template_filter ] --START--
INFO: Run Behavior\ContentReplaceBehavior [ RunTime:0.000146s ]
INFO: [ template_filter ] --END-- [ RunTime:0.000294s ]
INFO: Run Behavior\ParseTemplateBehavior [ RunTime:0.018762s ]
INFO: [ view_parse ] --END-- [ RunTime:0.018895s ]
INFO: [ view_filter ] --START--
INFO: Run Behavior\WriteHtmlCacheBehavior [ RunTime:0.000523s ]
INFO: [ view_filter ] --END-- [ RunTime:0.000613s ]
INFO: [ app_end ] --START--
INFO: Run Behavior\ShowPageTraceBehavior [ RunTime:0.000832s ]
INFO: [ app_end ] --END-- [ RunTime:0.000950s ]

[ 2018-12-12T19:51:10+08:00 ] ::1 /LunWen/main/index.php/Admin/Index/Admin/User/logout
INFO: [ app_init ] --START--
INFO: Run Behavior\BuildLiteBehavior [ RunTime:0.000021s ]
INFO: [ app_init ] --END-- [ RunTime:0.000390s ]
INFO: [ app_begin ] --START--
INFO: Run Behavior\ReadHtmlCacheBehavior [ RunTime:0.000523s ]
INFO: [ app_begin ] --END-- [ RunTime:0.000605s ]
ERR: 非法操作:Admin

[ 2018-12-12T19:51:11+08:00 ] ::1 /LunWen/main/index.php/Admin/Index/Admin/User/logout
INFO: [ app_init ] --START--
INFO: Run Behavior\BuildLiteBehavior [ RunTime:0.000026s ]
INFO: [ app_init ] --END-- [ RunTime:0.000675s ]
INFO: [ app_begin ] --START--
INFO: Run Behavior\ReadHtmlCacheBehavior [ RunTime:0.000623s ]
INFO: [ app_begin ] --END-- [ RunTime:0.000736s ]
ERR: 非法操作:Admin

[ 2018-12-12T19:51:11+08:00 ] ::1 /LunWen/main/index.php/Admin/Index/index.html
INFO: [ app_init ] --START--
INFO: Run Behavior\BuildLiteBehavior [ RunTime:0.000038s ]
INFO: [ app_init ] --END-- [ RunTime:0.000691s ]
INFO: [ app_begin ] --START--
INFO: Run Behavior\ReadHtmlCacheBehavior [ RunTime:0.000905s ]
INFO: [ app_begin ] --END-- [ RunTime:0.001128s ]
SQL: SHOW COLUMNS FROM `user` [ RunTime:0.0007s ]
SQL: SELECT * FROM `user` WHERE ( username='xubei' )  [ RunTime:0.0002s ]
SQL: SHOW COLUMNS FROM `lunwen` [ RunTime:0.0024s ]
SQL: SELECT * FROM `lunwen`  [ RunTime:0.0034s ]
SQL: SHOW COLUMNS FROM `lunwenbook` [ RunTime:0.0007s ]
SQL: SELECT * FROM `lunwenbook`  [ RunTime:0.0006s ]
SQL: SELECT * FROM `user`  [ RunTime:0.0002s ]
SQL: SHOW COLUMNS FROM `consumer` [ RunTime:0.0006s ]
SQL: SELECT * FROM `consumer`  [ RunTime:0.0001s ]
SQL: SHOW COLUMNS FROM `poplunwen` [ RunTime:0.0006s ]
SQL: SELECT * FROM `poplunwen` WHERE ( todaytime='2018-12-12' )  [ RunTime:0.0001s ]
SQL: SHOW COLUMNS FROM `sele` [ RunTime:0.0015s ]
SQL: SELECT * FROM `sele`  [ RunTime:0.0005s ]
INFO: [ view_parse ] --START--
INFO: [ template_filter ] --START--
INFO: Run Behavior\ContentReplaceBehavior [ RunTime:0.000165s ]
INFO: [ template_filter ] --END-- [ RunTime:0.000298s ]
INFO: Run Behavior\ParseTemplateBehavior [ RunTime:0.020523s ]
INFO: [ view_parse ] --END-- [ RunTime:0.020694s ]
INFO: [ view_filter ] --START--
INFO: Run Behavior\WriteHtmlCacheBehavior [ RunTime:0.000641s ]
INFO: [ view_filter ] --END-- [ RunTime:0.000737s ]
INFO: [ app_end ] --START--
INFO: Run Behavior\ShowPageTraceBehavior [ RunTime:0.000639s ]
INFO: [ app_end ] --END-- [ RunTime:0.000796s ]

[ 2018-12-12T19:51:11+08:00 ] ::1 /LunWen/main/index.php/Admin/Index/Admin/User/logout
INFO: [ app_init ] --START--
INFO: Run Behavior\BuildLiteBehavior [ RunTime:0.000022s ]
INFO: [ app_init ] --END-- [ RunTime:0.000409s ]
INFO: [ app_begin ] --START--
INFO: Run Behavior\ReadHtmlCacheBehavior [ RunTime:0.000671s ]
INFO: [ app_begin ] --END-- [ RunTime:0.000811s ]
ERR: 非法操作:Admin

[ 2018-12-12T19:53:05+08:00 ] ::1 /LunWen/main/index.php/Admin/Index/Admin/User/logout
INFO: [ app_init ] --START--
INFO: Run Behavior\BuildLiteBehavior [ RunTime:0.000021s ]
INFO: [ app_init ] --END-- [ RunTime:0.000424s ]
INFO: [ app_begin ] --START--
INFO: Run Behavior\ReadHtmlCacheBehavior [ RunTime:0.001169s ]
INFO: [ app_begin ] --END-- [ RunTime:0.001288s ]
ERR: 非法操作:Admin

[ 2018-12-12T19:53:05+08:00 ] ::1 /LunWen/main/index.php/Admin/Index/index.html
INFO: [ app_init ] --START--
INFO: Run Behavior\BuildLiteBehavior [ RunTime:0.000053s ]
INFO: [ app_init ] --END-- [ RunTime:0.000747s ]
INFO: [ app_begin ] --START--
INFO: Run Behavior\ReadHtmlCacheBehavior [ RunTime:0.001195s ]
INFO: [ app_begin ] --END-- [ RunTime:0.001434s ]
SQL: SHOW COLUMNS FROM `user` [ RunTime:0.0009s ]
SQL: SELECT * FROM `user` WHERE ( username='xubei' )  [ RunTime:0.0005s ]
SQL: SHOW COLUMNS FROM `lunwen` [ RunTime:0.0017s ]
SQL: SELECT * FROM `lunwen`  [ RunTime:0.0029s ]
SQL: SHOW COLUMNS FROM `lunwenbook` [ RunTime:0.0007s ]
SQL: SELECT * FROM `lunwenbook`  [ RunTime:0.0006s ]
SQL: SELECT * FROM `user`  [ RunTime:0.0002s ]
SQL: SHOW COLUMNS FROM `consumer` [ RunTime:0.0006s ]
SQL: SELECT * FROM `consumer`  [ RunTime:0.0002s ]
SQL: SHOW COLUMNS FROM `poplunwen` [ RunTime:0.0007s ]
SQL: SELECT * FROM `poplunwen` WHERE ( todaytime='2018-12-12' )  [ RunTime:0.0001s ]
SQL: SHOW COLUMNS FROM `sele` [ RunTime:0.0009s ]
SQL: SELECT * FROM `sele`  [ RunTime:0.0003s ]
INFO: [ view_parse ] --START--
INFO: [ template_filter ] --START--
INFO: Run Behavior\ContentReplaceBehavior [ RunTime:0.000164s ]
INFO: [ template_filter ] --END-- [ RunTime:0.000389s ]
INFO: Run Behavior\ParseTemplateBehavior [ RunTime:0.019238s ]
INFO: [ view_parse ] --END-- [ RunTime:0.019383s ]
INFO: [ view_filter ] --START--
INFO: Run Behavior\WriteHtmlCacheBehavior [ RunTime:0.000573s ]
INFO: [ view_filter ] --END-- [ RunTime:0.000663s ]
INFO: [ app_end ] --START--
INFO: Run Behavior\ShowPageTraceBehavior [ RunTime:0.000952s ]
INFO: [ app_end ] --END-- [ RunTime:0.001237s ]

[ 2018-12-12T19:53:05+08:00 ] ::1 /LunWen/main/index.php/Admin/Index/Admin/User/logout
INFO: [ app_init ] --START--
INFO: Run Behavior\BuildLiteBehavior [ RunTime:0.000020s ]
INFO: [ app_init ] --END-- [ RunTime:0.000353s ]
INFO: [ app_begin ] --START--
INFO: Run Behavior\ReadHtmlCacheBehavior [ RunTime:0.001039s ]
INFO: [ app_begin ] --END-- [ RunTime:0.001209s ]
ERR: 非法操作:Admin

[ 2018-12-12T19:53:06+08:00 ] ::1 /LunWen/main/index.php/Admin/Index/Admin/User/logout
INFO: [ app_init ] --START--
INFO: Run Behavior\BuildLiteBehavior [ RunTime:0.000021s ]
INFO: [ app_init ] --END-- [ RunTime:0.000355s ]
INFO: [ app_begin ] --START--
INFO: Run Behavior\ReadHtmlCacheBehavior [ RunTime:0.000649s ]
INFO: [ app_begin ] --END-- [ RunTime:0.000750s ]
ERR: 非法操作:Admin

[ 2018-12-12T19:53:06+08:00 ] ::1 /LunWen/main/index.php/Admin/Index/index.html
INFO: [ app_init ] --START--
INFO: Run Behavior\BuildLiteBehavior [ RunTime:0.000053s ]
INFO: [ app_init ] --END-- [ RunTime:0.000670s ]
INFO: [ app_begin ] --START--
INFO: Run Behavior\ReadHtmlCacheBehavior [ RunTime:0.000559s ]
INFO: [ app_begin ] --END-- [ RunTime:0.000673s ]
SQL: SHOW COLUMNS FROM `user` [ RunTime:0.0010s ]
SQL: SELECT * FROM `user` WHERE ( username='xubei' )  [ RunTime:0.0007s ]
SQL: SHOW COLUMNS FROM `lunwen` [ RunTime:0.0011s ]
SQL: SELECT * FROM `lunwen`  [ RunTime:0.0037s ]
SQL: SHOW COLUMNS FROM `lunwenbook` [ RunTime:0.0009s ]
SQL: SELECT * FROM `lunwenbook`  [ RunTime:0.0006s ]
SQL: SELECT * FROM `user`  [ RunTime:0.0002s ]
SQL: SHOW COLUMNS FROM `consumer` [ RunTime:0.0007s ]
SQL: SELECT * FROM `consumer`  [ RunTime:0.0002s ]
SQL: SHOW COLUMNS FROM `poplunwen` [ RunTime:0.0007s ]
SQL: SELECT * FROM `poplunwen` WHERE ( todaytime='2018-12-12' )  [ RunTime:0.0003s ]
SQL: SHOW COLUMNS FROM `sele` [ RunTime:0.0009s ]
SQL: SELECT * FROM `sele`  [ RunTime:0.0003s ]
INFO: [ view_parse ] --START--
INFO: [ template_filter ] --START--
INFO: Run Behavior\ContentReplaceBehavior [ RunTime:0.000128s ]
INFO: [ template_filter ] --END-- [ RunTime:0.000268s ]
INFO: Run Behavior\ParseTemplateBehavior [ RunTime:0.015205s ]
INFO: [ view_parse ] --END-- [ RunTime:0.015497s ]
INFO: [ view_filter ] --START--
INFO: Run Behavior\WriteHtmlCacheBehavior [ RunTime:0.000679s ]
INFO: [ view_filter ] --END-- [ RunTime:0.000824s ]
INFO: [ app_end ] --START--
INFO: Run Behavior\ShowPageTraceBehavior [ RunTime:0.000832s ]
INFO: [ app_end ] --END-- [ RunTime:0.001014s ]

[ 2018-12-12T19:53:06+08:00 ] ::1 /LunWen/main/index.php/Admin/Index/Admin/User/logout
INFO: [ app_init ] --START--
INFO: Run Behavior\BuildLiteBehavior [ RunTime:0.000021s ]
INFO: [ app_init ] --END-- [ RunTime:0.000476s ]
INFO: [ app_begin ] --START--
INFO: Run Behavior\ReadHtmlCacheBehavior [ RunTime:0.000975s ]
INFO: [ app_begin ] --END-- [ RunTime:0.001154s ]
ERR: 非法操作:Admin

[ 2018-12-12T20:52:40+08:00 ] ::1 /LunWen/main/index.php/Admin/Index/Admin/User/logout
INFO: [ app_init ] --START--
INFO: Run Behavior\BuildLiteBehavior [ RunTime:0.000021s ]
INFO: [ app_init ] --END-- [ RunTime:0.000407s ]
INFO: [ app_begin ] --START--
INFO: Run Behavior\ReadHtmlCacheBehavior [ RunTime:0.000646s ]
INFO: [ app_begin ] --END-- [ RunTime:0.000729s ]
ERR: 非法操作:Admin

[ 2018-12-12T20:52:40+08:00 ] ::1 /LunWen/main/index.php/Admin/Lunwen/borrow_list.html
INFO: [ app_init ] --START--
INFO: Run Behavior\BuildLiteBehavior [ RunTime:0.000047s ]
INFO: [ app_init ] --END-- [ RunTime:0.001167s ]
INFO: [ app_begin ] --START--
INFO: Run Behavior\ReadHtmlCacheBehavior [ RunTime:0.001501s ]
INFO: [ app_begin ] --END-- [ RunTime:0.001757s ]
SQL: SHOW COLUMNS FROM `user` [ RunTime:0.0011s ]
SQL: SELECT * FROM `user` WHERE ( username='xubei' )  [ RunTime:0.0004s ]
SQL: SHOW COLUMNS FROM `borrow` [ RunTime:0.0011s ]
SQL: SELECT * FROM `borrow`  [ RunTime:0.0009s ]
NOTIC: [8] Undefined index: page E:\wamp\www\LunWen\main\Admin\Controller\LunwenController.class.php 第 435 行.
NOTIC: [8] Undefined index: to E:\wamp\www\LunWen\main\Admin\Controller\LunwenController.class.php 第 438 行.
NOTIC: [8] Undefined index: to E:\wamp\www\LunWen\main\Admin\Controller\LunwenController.class.php 第 442 行.
SQL: SELECT * FROM `borrow` ORDER BY borrow_id LIMIT 0,5   [ RunTime:0.0004s ]
INFO: [ view_parse ] --START--
INFO: [ template_filter ] --START--
INFO: Run Behavior\ContentReplaceBehavior [ RunTime:0.000104s ]
INFO: [ template_filter ] --END-- [ RunTime:0.000211s ]
INFO: Run Behavior\ParseTemplateBehavior [ RunTime:0.042817s ]
INFO: [ view_parse ] --END-- [ RunTime:0.042993s ]
INFO: [ view_filter ] --START--
INFO: Run Behavior\WriteHtmlCacheBehavior [ RunTime:0.000678s ]
INFO: [ view_filter ] --END-- [ RunTime:0.000815s ]
INFO: [ app_end ] --START--
INFO: Run Behavior\ShowPageTraceBehavior [ RunTime:0.000884s ]
INFO: [ app_end ] --END-- [ RunTime:0.001063s ]

[ 2018-12-12T20:52:40+08:00 ] ::1 /LunWen/main/index.php/Admin/Index/Admin/User/logout
INFO: [ app_init ] --START--
INFO: Run Behavior\BuildLiteBehavior [ RunTime:0.000077s ]
INFO: [ app_init ] --END-- [ RunTime:0.001037s ]
INFO: [ app_begin ] --START--
INFO: Run Behavior\ReadHtmlCacheBehavior [ RunTime:0.000710s ]
INFO: [ app_begin ] --END-- [ RunTime:0.000800s ]
ERR: 非法操作:Admin

[ 2018-12-12T20:52:56+08:00 ] ::1 /LunWen/main/index.php/Admin/Lunwen/return_list.html
INFO: [ app_init ] --START--
INFO: Run Behavior\BuildLiteBehavior [ RunTime:0.000033s ]
INFO: [ app_init ] --END-- [ RunTime:0.000670s ]
INFO: [ app_begin ] --START--
INFO: Run Behavior\ReadHtmlCacheBehavior [ RunTime:0.000736s ]
INFO: [ app_begin ] --END-- [ RunTime:0.000846s ]
SQL: SHOW COLUMNS FROM `user` [ RunTime:0.0009s ]
SQL: SELECT * FROM `user` WHERE ( username='xubei' )  [ RunTime:0.0005s ]
SQL: SHOW COLUMNS FROM `returns` [ RunTime:0.0007s ]
SQL: SELECT * FROM `returns`  [ RunTime:0.0233s ]
NOTIC: [8] Undefined index: page E:\wamp\www\LunWen\main\Admin\Controller\LunwenController.class.php 第 501 行.
NOTIC: [8] Undefined index: to E:\wamp\www\LunWen\main\Admin\Controller\LunwenController.class.php 第 504 行.
NOTIC: [8] Undefined index: to E:\wamp\www\LunWen\main\Admin\Controller\LunwenController.class.php 第 508 行.
SQL: SELECT * FROM `returns` ORDER BY return_id LIMIT 0,5   [ RunTime:0.0003s ]
INFO: [ view_parse ] --START--
INFO: [ template_filter ] --START--
INFO: Run Behavior\ContentReplaceBehavior [ RunTime:0.000098s ]
INFO: [ template_filter ] --END-- [ RunTime:0.000203s ]
INFO: Run Behavior\ParseTemplateBehavior [ RunTime:0.153804s ]
INFO: [ view_parse ] --END-- [ RunTime:0.153914s ]
INFO: [ view_filter ] --START--
INFO: Run Behavior\WriteHtmlCacheBehavior [ RunTime:0.000550s ]
INFO: [ view_filter ] --END-- [ RunTime:0.000644s ]
INFO: [ app_end ] --START--
INFO: Run Behavior\ShowPageTraceBehavior [ RunTime:0.001029s ]
INFO: [ app_end ] --END-- [ RunTime:0.001221s ]

[ 2018-12-12T20:52:57+08:00 ] ::1 /LunWen/main/index.php/Admin/Lunwen/borrow_list.html
INFO: [ app_init ] --START--
INFO: Run Behavior\BuildLiteBehavior [ RunTime:0.000019s ]
INFO: [ app_init ] --END-- [ RunTime:0.000380s ]
INFO: [ app_begin ] --START--
INFO: Run Behavior\ReadHtmlCacheBehavior [ RunTime:0.000912s ]
INFO: [ app_begin ] --END-- [ RunTime:0.001116s ]
SQL: SHOW COLUMNS FROM `user` [ RunTime:0.0006s ]
SQL: SELECT * FROM `user` WHERE ( username='xubei' )  [ RunTime:0.0003s ]
SQL: SHOW COLUMNS FROM `borrow` [ RunTime:0.0007s ]
SQL: SELECT * FROM `borrow`  [ RunTime:0.0002s ]
NOTIC: [8] Undefined index: page E:\wamp\www\LunWen\main\Admin\Controller\LunwenController.class.php 第 435 行.
NOTIC: [8] Undefined index: to E:\wamp\www\LunWen\main\Admin\Controller\LunwenController.class.php 第 438 行.
NOTIC: [8] Undefined index: to E:\wamp\www\LunWen\main\Admin\Controller\LunwenController.class.php 第 442 行.
SQL: SELECT * FROM `borrow` ORDER BY borrow_id LIMIT 0,5   [ RunTime:0.0006s ]
INFO: [ view_parse ] --START--
INFO: [ template_filter ] --START--
INFO: Run Behavior\ContentReplaceBehavior [ RunTime:0.000204s ]
INFO: [ template_filter ] --END-- [ RunTime:0.000412s ]
INFO: Run Behavior\ParseTemplateBehavior [ RunTime:0.017422s ]
INFO: [ view_parse ] --END-- [ RunTime:0.017533s ]
INFO: [ view_filter ] --START--
INFO: Run Behavior\WriteHtmlCacheBehavior [ RunTime:0.000408s ]
INFO: [ view_filter ] --END-- [ RunTime:0.000505s ]
INFO: [ app_end ] --START--
INFO: Run Behavior\ShowPageTraceBehavior [ RunTime:0.001395s ]
INFO: [ app_end ] --END-- [ RunTime:0.001679s ]

[ 2018-12-12T21:31:23+08:00 ] ::1 /LunWen/main/index.php/Admin/Lunwen/borrow_list.html
INFO: [ app_init ] --START--
INFO: Run Behavior\BuildLiteBehavior [ RunTime:0.000023s ]
INFO: [ app_init ] --END-- [ RunTime:0.000430s ]
INFO: [ app_begin ] --START--
INFO: Run Behavior\ReadHtmlCacheBehavior [ RunTime:0.001131s ]
INFO: [ app_begin ] --END-- [ RunTime:0.001379s ]
SQL: SHOW COLUMNS FROM `user` [ RunTime:0.0032s ]
SQL: SELECT * FROM `user` WHERE ( username='xubei' )  [ RunTime:0.0006s ]
SQL: SHOW COLUMNS FROM `borrow` [ RunTime:0.0009s ]
SQL: SELECT * FROM `borrow`  [ RunTime:0.0002s ]
NOTIC: [8] Undefined index: page E:\wamp\www\LunWen\main\Admin\Controller\LunwenController.class.php 第 437 行.
NOTIC: [8] Undefined index: to E:\wamp\www\LunWen\main\Admin\Controller\LunwenController.class.php 第 440 行.
NOTIC: [8] Undefined index: to E:\wamp\www\LunWen\main\Admin\Controller\LunwenController.class.php 第 444 行.
SQL: SELECT * FROM `borrow` ORDER BY borrow_id LIMIT 0,5   [ RunTime:0.0002s ]
INFO: [ view_parse ] --START--
INFO: [ template_filter ] --START--
INFO: Run Behavior\ContentReplaceBehavior [ RunTime:0.000150s ]
INFO: [ template_filter ] --END-- [ RunTime:0.000271s ]
INFO: Run Behavior\ParseTemplateBehavior [ RunTime:0.075531s ]
INFO: [ view_parse ] --END-- [ RunTime:0.075637s ]
INFO: [ view_filter ] --START--
INFO: Run Behavior\WriteHtmlCacheBehavior [ RunTime:0.034618s ]
INFO: [ view_filter ] --END-- [ RunTime:0.034723s ]
INFO: [ app_end ] --START--
INFO: Run Behavior\ShowPageTraceBehavior [ RunTime:0.014965s ]
INFO: [ app_end ] --END-- [ RunTime:0.015141s ]

[ 2018-12-12T21:31:26+08:00 ] ::1 /LunWen/main/index.php/Admin/Lunwen/upload_message.html
INFO: [ app_init ] --START--
INFO: Run Behavior\BuildLiteBehavior [ RunTime:0.000021s ]
INFO: [ app_init ] --END-- [ RunTime:0.000374s ]
INFO: [ app_begin ] --START--
INFO: Run Behavior\ReadHtmlCacheBehavior [ RunTime:0.000502s ]
INFO: [ app_begin ] --END-- [ RunTime:0.000605s ]
SQL: SHOW COLUMNS FROM `user` [ RunTime:0.0009s ]
SQL: SELECT * FROM `user` WHERE ( username='xubei' )  [ RunTime:0.0005s ]
INFO: [ view_parse ] --START--
INFO: [ template_filter ] --START--
INFO: Run Behavior\ContentReplaceBehavior [ RunTime:0.000190s ]
INFO: [ template_filter ] --END-- [ RunTime:0.000348s ]
INFO: Run Behavior\ParseTemplateBehavior [ RunTime:0.060920s ]
INFO: [ view_parse ] --END-- [ RunTime:0.061031s ]
INFO: [ view_filter ] --START--
INFO: Run Behavior\WriteHtmlCacheBehavior [ RunTime:0.000366s ]
INFO: [ view_filter ] --END-- [ RunTime:0.000463s ]
INFO: [ app_end ] --START--
INFO: Run Behavior\ShowPageTraceBehavior [ RunTime:0.000877s ]
INFO: [ app_end ] --END-- [ RunTime:0.001013s ]

[ 2018-12-12T21:31:27+08:00 ] ::1 /LunWen/main/index.php/Admin/Data/getRank
INFO: [ app_init ] --START--
INFO: Run Behavior\BuildLiteBehavior [ RunTime:0.000046s ]
INFO: [ app_init ] --END-- [ RunTime:0.001237s ]
INFO: [ app_begin ] --START--
INFO: Run Behavior\ReadHtmlCacheBehavior [ RunTime:0.000855s ]
INFO: [ app_begin ] --END-- [ RunTime:0.001073s ]
SQL: SHOW COLUMNS FROM `rank` [ RunTime:0.0236s ]
SQL: SHOW COLUMNS FROM `sele` [ RunTime:0.0012s ]
SQL: SELECT * FROM `rank`  [ RunTime:0.0264s ]
SQL: SELECT * FROM `sele`  [ RunTime:0.0003s ]
INFO: [ app_end ] --START--
INFO: Run Behavior\ShowPageTraceBehavior [ RunTime:0.000939s ]
INFO: [ app_end ] --END-- [ RunTime:0.001108s ]

[ 2018-12-12T21:32:08+08:00 ] ::1 /LunWen/main/index.php/Admin/Lunwen/upload_message.html
INFO: [ app_init ] --START--
INFO: Run Behavior\BuildLiteBehavior [ RunTime:0.000042s ]
INFO: [ app_init ] --END-- [ RunTime:0.000545s ]
INFO: [ app_begin ] --START--
INFO: Run Behavior\ReadHtmlCacheBehavior [ RunTime:0.000800s ]
INFO: [ app_begin ] --END-- [ RunTime:0.001007s ]
SQL: SHOW COLUMNS FROM `user` [ RunTime:0.0013s ]
SQL: SELECT * FROM `user` WHERE ( username='xubei' )  [ RunTime:0.0004s ]
NOTIC: [2] call_user_func() expects parameter 1 to be a valid callback, no array or string given E:\wamp\www\LunWen\ThinkPHP\Library\Think\Upload.class.php 第 170 行.
SQL: SHOW COLUMNS FROM `lunwen` [ RunTime:0.0012s ]
ERR: 不存在的字体文件：./1.ttf

[ 2018-12-12T21:46:58+08:00 ] ::1 /LunWen/main/index.php/Admin/Data/getRank
INFO: [ app_init ] --START--
INFO: Run Behavior\BuildLiteBehavior [ RunTime:0.000050s ]
INFO: [ app_init ] --END-- [ RunTime:0.000820s ]
INFO: [ app_begin ] --START--
INFO: Run Behavior\ReadHtmlCacheBehavior [ RunTime:0.001161s ]
INFO: [ app_begin ] --END-- [ RunTime:0.001341s ]
SQL: SHOW COLUMNS FROM `rank` [ RunTime:0.0007s ]
SQL: SHOW COLUMNS FROM `sele` [ RunTime:0.0013s ]
SQL: SELECT * FROM `rank`  [ RunTime:0.0003s ]
SQL: SELECT * FROM `sele`  [ RunTime:0.0003s ]
INFO: [ app_end ] --START--
INFO: Run Behavior\ShowPageTraceBehavior [ RunTime:0.000975s ]
INFO: [ app_end ] --END-- [ RunTime:0.001099s ]

[ 2018-12-12T21:47:04+08:00 ] ::1 /LunWen/main/index.php/Admin/Lunwen/upload_message.html
INFO: [ app_init ] --START--
INFO: Run Behavior\BuildLiteBehavior [ RunTime:0.000020s ]
INFO: [ app_init ] --END-- [ RunTime:0.000441s ]
INFO: [ app_begin ] --START--
INFO: Run Behavior\ReadHtmlCacheBehavior [ RunTime:0.000739s ]
INFO: [ app_begin ] --END-- [ RunTime:0.000886s ]
SQL: SHOW COLUMNS FROM `user` [ RunTime:0.0006s ]
SQL: SELECT * FROM `user` WHERE ( username='xubei' )  [ RunTime:0.0003s ]
INFO: [ view_parse ] --START--
INFO: [ template_filter ] --START--
INFO: Run Behavior\ContentReplaceBehavior [ RunTime:0.000134s ]
INFO: [ template_filter ] --END-- [ RunTime:0.000303s ]
INFO: Run Behavior\ParseTemplateBehavior [ RunTime:0.015046s ]
INFO: [ view_parse ] --END-- [ RunTime:0.015157s ]
INFO: [ view_filter ] --START--
INFO: Run Behavior\WriteHtmlCacheBehavior [ RunTime:0.000705s ]
INFO: [ view_filter ] --END-- [ RunTime:0.000840s ]
INFO: [ app_end ] --START--
INFO: Run Behavior\ShowPageTraceBehavior [ RunTime:0.006055s ]
INFO: [ app_end ] --END-- [ RunTime:0.006252s ]

[ 2018-12-12T21:47:04+08:00 ] ::1 /LunWen/main/index.php/Admin/Data/getRank
INFO: [ app_init ] --START--
INFO: Run Behavior\BuildLiteBehavior [ RunTime:0.000039s ]
INFO: [ app_init ] --END-- [ RunTime:0.000809s ]
INFO: [ app_begin ] --START--
INFO: Run Behavior\ReadHtmlCacheBehavior [ RunTime:0.000927s ]
INFO: [ app_begin ] --END-- [ RunTime:0.001265s ]
SQL: SHOW COLUMNS FROM `rank` [ RunTime:0.0007s ]
SQL: SHOW COLUMNS FROM `sele` [ RunTime:0.0008s ]
SQL: SELECT * FROM `rank`  [ RunTime:0.0004s ]
SQL: SELECT * FROM `sele`  [ RunTime:0.0004s ]
INFO: [ app_end ] --START--
INFO: Run Behavior\ShowPageTraceBehavior [ RunTime:0.001357s ]
INFO: [ app_end ] --END-- [ RunTime:0.001817s ]

[ 2018-12-12T21:47:22+08:00 ] ::1 /LunWen/main/index.php/Admin/Lunwen/upload_message.html
INFO: [ app_init ] --START--
INFO: Run Behavior\BuildLiteBehavior [ RunTime:0.000041s ]
INFO: [ app_init ] --END-- [ RunTime:0.000485s ]
INFO: [ app_begin ] --START--
INFO: Run Behavior\ReadHtmlCacheBehavior [ RunTime:0.000475s ]
INFO: [ app_begin ] --END-- [ RunTime:0.000574s ]
SQL: SHOW COLUMNS FROM `user` [ RunTime:0.0005s ]
SQL: SELECT * FROM `user` WHERE ( username='xubei' )  [ RunTime:0.0004s ]
NOTIC: [2] call_user_func() expects parameter 1 to be a valid callback, no array or string given E:\wamp\www\LunWen\ThinkPHP\Library\Think\Upload.class.php 第 170 行.
SQL: SHOW COLUMNS FROM `lunwen` [ RunTime:0.0010s ]
ERR: 不存在的字体文件：./1.ttf

[ 2018-12-12T21:47:38+08:00 ] ::1 /LunWen/main/index.php/Admin/Data/getRank
INFO: [ app_init ] --START--
INFO: Run Behavior\BuildLiteBehavior [ RunTime:0.000023s ]
INFO: [ app_init ] --END-- [ RunTime:0.000427s ]
INFO: [ app_begin ] --START--
INFO: Run Behavior\ReadHtmlCacheBehavior [ RunTime:0.001214s ]
INFO: [ app_begin ] --END-- [ RunTime:0.001381s ]
SQL: SHOW COLUMNS FROM `rank` [ RunTime:0.0010s ]
SQL: SHOW COLUMNS FROM `sele` [ RunTime:0.0009s ]
SQL: SELECT * FROM `rank`  [ RunTime:0.0003s ]
SQL: SELECT * FROM `sele`  [ RunTime:0.0003s ]
INFO: [ app_end ] --START--
INFO: Run Behavior\ShowPageTraceBehavior [ RunTime:0.000708s ]
INFO: [ app_end ] --END-- [ RunTime:0.000859s ]

[ 2018-12-12T22:56:23+08:00 ] ::1 /LunWen/main/index.php/Admin/Lunwen/upload_img.html
INFO: [ app_init ] --START--
INFO: Run Behavior\BuildLiteBehavior [ RunTime:0.000024s ]
INFO: [ app_init ] --END-- [ RunTime:0.000536s ]
INFO: [ app_begin ] --START--
INFO: Run Behavior\ReadHtmlCacheBehavior [ RunTime:0.001236s ]
INFO: [ app_begin ] --END-- [ RunTime:0.001536s ]
SQL: SHOW COLUMNS FROM `user` [ RunTime:0.0013s ]
SQL: SELECT * FROM `user` WHERE ( username='xubei' )  [ RunTime:0.0004s ]
INFO: [ view_parse ] --START--
INFO: [ template_filter ] --START--
INFO: Run Behavior\ContentReplaceBehavior [ RunTime:0.000109s ]
INFO: [ template_filter ] --END-- [ RunTime:0.000241s ]
INFO: Run Behavior\ParseTemplateBehavior [ RunTime:0.189753s ]
INFO: [ view_parse ] --END-- [ RunTime:0.189960s ]
INFO: [ view_filter ] --START--
INFO: Run Behavior\WriteHtmlCacheBehavior [ RunTime:0.001889s ]
INFO: [ view_filter ] --END-- [ RunTime:0.002345s ]
INFO: [ app_end ] --START--
INFO: Run Behavior\ShowPageTraceBehavior [ RunTime:0.001075s ]
INFO: [ app_end ] --END-- [ RunTime:0.001313s ]

[ 2018-12-12T22:56:26+08:00 ] ::1 /LunWen/main/index.php/Admin/Data/getImgCount?id=51
INFO: [ app_init ] --START--
INFO: Run Behavior\BuildLiteBehavior [ RunTime:0.000046s ]
INFO: [ app_init ] --END-- [ RunTime:0.000878s ]
INFO: [ app_begin ] --START--
INFO: Run Behavior\ReadHtmlCacheBehavior [ RunTime:0.001769s ]
INFO: [ app_begin ] --END-- [ RunTime:0.002000s ]
SQL: SHOW COLUMNS FROM `lunwen` [ RunTime:0.0007s ]
SQL: SELECT * FROM `lunwen` WHERE ( lunwen_id='51' )  [ RunTime:0.0004s ]
INFO: [ app_end ] --START--
INFO: Run Behavior\ShowPageTraceBehavior [ RunTime:0.000977s ]
INFO: [ app_end ] --END-- [ RunTime:0.001213s ]

[ 2018-12-12T22:56:41+08:00 ] ::1 /LunWen/main/index.php/Admin/Lunwen/upload_img.html
INFO: [ app_init ] --START--
INFO: Run Behavior\BuildLiteBehavior [ RunTime:0.000051s ]
INFO: [ app_init ] --END-- [ RunTime:0.000623s ]
INFO: [ app_begin ] --START--
INFO: Run Behavior\ReadHtmlCacheBehavior [ RunTime:0.000611s ]
INFO: [ app_begin ] --END-- [ RunTime:0.000714s ]
SQL: SHOW COLUMNS FROM `user` [ RunTime:0.0010s ]
SQL: SELECT * FROM `user` WHERE ( username='xubei' )  [ RunTime:0.0003s ]
NOTIC: [2] call_user_func() expects parameter 1 to be a valid callback, no array or string given E:\wamp\www\LunWen\ThinkPHP\Library\Think\Upload.class.php 第 170 行.
NOTIC: [2] call_user_func() expects parameter 1 to be a valid callback, no array or string given E:\wamp\www\LunWen\ThinkPHP\Library\Think\Upload.class.php 第 170 行.
NOTIC: [2] call_user_func() expects parameter 1 to be a valid callback, no array or string given E:\wamp\www\LunWen\ThinkPHP\Library\Think\Upload.class.php 第 170 行.
NOTIC: [2] call_user_func() expects parameter 1 to be a valid callback, no array or string given E:\wamp\www\LunWen\ThinkPHP\Library\Think\Upload.class.php 第 170 行.
NOTIC: [2] call_user_func() expects parameter 1 to be a valid callback, no array or string given E:\wamp\www\LunWen\ThinkPHP\Library\Think\Upload.class.php 第 170 行.
SQL: SHOW COLUMNS FROM `lunwen` [ RunTime:0.0010s ]
SQL: SELECT * FROM `lunwen` WHERE ( lunwen_id='51' )  [ RunTime:0.0004s ]
NOTIC: [2] mkdir(): No such file or directory E:\wamp\www\LunWen\main\Admin\Controller\LunwenController.class.php 第 127 行.
NOTIC: [2] imagejpeg(./Upload/2018-12-12/4049cf9f6a45a938af9725f29e4ff192/thumb/5c1121a99ce33.png): failed to open stream: No such file or directory E:\wamp\www\LunWen\ThinkPHP\Library\Think\Image\Driver\Gd.class.php 第 94 行.
NOTIC: [2] mkdir(): No such file or directory E:\wamp\www\LunWen\main\Admin\Controller\LunwenController.class.php 第 127 行.
NOTIC: [2] imagejpeg(./Upload/2018-12-12/4049cf9f6a45a938af9725f29e4ff192/thumb/5c1121a99dab9.png): failed to open stream: No such file or directory E:\wamp\www\LunWen\ThinkPHP\Library\Think\Image\Driver\Gd.class.php 第 94 行.
NOTIC: [2] mkdir(): No such file or directory E:\wamp\www\LunWen\main\Admin\Controller\LunwenController.class.php 第 127 行.
NOTIC: [2] imagejpeg(./Upload/2018-12-12/4049cf9f6a45a938af9725f29e4ff192/thumb/5c1121a99ebcd.png): failed to open stream: No such file or directory E:\wamp\www\LunWen\ThinkPHP\Library\Think\Image\Driver\Gd.class.php 第 94 行.
NOTIC: [2] mkdir(): No such file or directory E:\wamp\www\LunWen\main\Admin\Controller\LunwenController.class.php 第 127 行.
NOTIC: [2] imagejpeg(./Upload/2018-12-12/4049cf9f6a45a938af9725f29e4ff192/thumb/5c1121a99fe80.png): failed to open stream: No such file or directory E:\wamp\www\LunWen\ThinkPHP\Library\Think\Image\Driver\Gd.class.php 第 94 行.
NOTIC: [2] mkdir(): No such file or directory E:\wamp\www\LunWen\main\Admin\Controller\LunwenController.class.php 第 127 行.
NOTIC: [2] imagejpeg(./Upload/2018-12-12/4049cf9f6a45a938af9725f29e4ff192/thumb/5c1121a9a0943.png): failed to open stream: No such file or directory E:\wamp\www\LunWen\ThinkPHP\Library\Think\Image\Driver\Gd.class.php 第 94 行.
SQL: UPDATE `lunwen` SET `thumb_img`='[\".\\/Upload\\/2018-12-12\\/4049cf9f6a45a938af9725f29e4ff192\\/thumb\\/5c1121a99ce33.png\",\".\\/Upload\\/2018-12-12\\/4049cf9f6a45a938af9725f29e4ff192\\/thumb\\/5c1121a99dab9.png\",\".\\/Upload\\/2018-12-12\\/4049cf9f6a45a938af9725f29e4ff192\\/thumb\\/5c1121a99ebcd.png\",\".\\/Upload\\/2018-12-12\\/4049cf9f6a45a938af9725f29e4ff192\\/thumb\\/5c1121a99fe80.png\",\".\\/Upload\\/2018-12-12\\/4049cf9f6a45a938af9725f29e4ff192\\/thumb\\/5c1121a9a0943.png\"]' WHERE ( lunwen_id='51' ) [ RunTime:0.0283s ]

[ 2018-12-12T22:58:13+08:00 ] ::1 /LunWen/main/index.php/Admin/Lunwen/upload_img.html
INFO: [ app_init ] --START--
INFO: Run Behavior\BuildLiteBehavior [ RunTime:0.000023s ]
INFO: [ app_init ] --END-- [ RunTime:0.000640s ]
INFO: [ app_begin ] --START--
INFO: Run Behavior\ReadHtmlCacheBehavior [ RunTime:0.000650s ]
INFO: [ app_begin ] --END-- [ RunTime:0.000782s ]
SQL: SHOW COLUMNS FROM `user` [ RunTime:0.0012s ]
SQL: SELECT * FROM `user` WHERE ( username='xubei' )  [ RunTime:0.0004s ]
INFO: [ view_parse ] --START--
INFO: [ template_filter ] --START--
INFO: Run Behavior\ContentReplaceBehavior [ RunTime:0.000103s ]
INFO: [ template_filter ] --END-- [ RunTime:0.000222s ]
INFO: Run Behavior\ParseTemplateBehavior [ RunTime:0.014203s ]
INFO: [ view_parse ] --END-- [ RunTime:0.014341s ]
INFO: [ view_filter ] --START--
INFO: Run Behavior\WriteHtmlCacheBehavior [ RunTime:0.000535s ]
INFO: [ view_filter ] --END-- [ RunTime:0.000639s ]
INFO: [ app_end ] --START--
INFO: Run Behavior\ShowPageTraceBehavior [ RunTime:0.001069s ]
INFO: [ app_end ] --END-- [ RunTime:0.001288s ]

[ 2018-12-12T22:58:18+08:00 ] ::1 /LunWen/main/index.php/Admin/Lunwen/search.html
INFO: [ app_init ] --START--
INFO: Run Behavior\BuildLiteBehavior [ RunTime:0.000045s ]
INFO: [ app_init ] --END-- [ RunTime:0.000763s ]
INFO: [ app_begin ] --START--
INFO: Run Behavior\ReadHtmlCacheBehavior [ RunTime:0.001225s ]
INFO: [ app_begin ] --END-- [ RunTime:0.001759s ]
SQL: SHOW COLUMNS FROM `user` [ RunTime:0.0007s ]
SQL: SELECT * FROM `user` WHERE ( username='xubei' )  [ RunTime:0.0003s ]
INFO: [ view_parse ] --START--
INFO: [ template_filter ] --START--
INFO: Run Behavior\ContentReplaceBehavior [ RunTime:0.000198s ]
INFO: [ template_filter ] --END-- [ RunTime:0.000490s ]
NOTIC: [8] Undefined variable: tishi E:\wamp\www\LunWen\main\Runtime\Cache\Admin\47beaad8941de6285e2103b15a2837af.php 第 204 行.
NOTIC: [8] Undefined variable: lunwenlist E:\wamp\www\LunWen\main\Runtime\Cache\Admin\47beaad8941de6285e2103b15a2837af.php 第 205 行.
NOTIC: [8] Undefined variable: lunwenlist E:\wamp\www\LunWen\main\Runtime\Cache\Admin\47beaad8941de6285e2103b15a2837af.php 第 210 行.
INFO: Run Behavior\ParseTemplateBehavior [ RunTime:0.058191s ]
INFO: [ view_parse ] --END-- [ RunTime:0.058430s ]
INFO: [ view_filter ] --START--
INFO: Run Behavior\WriteHtmlCacheBehavior [ RunTime:0.000794s ]
INFO: [ view_filter ] --END-- [ RunTime:0.000957s ]
INFO: [ app_end ] --START--
INFO: Run Behavior\ShowPageTraceBehavior [ RunTime:0.003440s ]
INFO: [ app_end ] --END-- [ RunTime:0.003986s ]

[ 2018-12-12T22:58:22+08:00 ] ::1 /LunWen/main/index.php/Admin/Lunwen/search.html
INFO: [ app_init ] --START--
INFO: Run Behavior\BuildLiteBehavior [ RunTime:0.000022s ]
INFO: [ app_init ] --END-- [ RunTime:0.000452s ]
INFO: [ app_begin ] --START--
INFO: Run Behavior\ReadHtmlCacheBehavior [ RunTime:0.001316s ]
INFO: [ app_begin ] --END-- [ RunTime:0.001603s ]
SQL: SHOW COLUMNS FROM `user` [ RunTime:0.0009s ]
SQL: SELECT * FROM `user` WHERE ( username='xubei' )  [ RunTime:0.0005s ]
SQL: SHOW COLUMNS FROM `lunwen` [ RunTime:0.0007s ]
SQL: SELECT * FROM `lunwen` WHERE ( lunwen_title like '%51%' )  [ RunTime:0.0310s ]
SQL: SELECT * FROM `lunwen` WHERE ( lunwen_id='51' )  [ RunTime:0.0004s ]
INFO: [ view_parse ] --START--
INFO: [ template_filter ] --START--
INFO: Run Behavior\ContentReplaceBehavior [ RunTime:0.000103s ]
INFO: [ template_filter ] --END-- [ RunTime:0.000210s ]
NOTIC: [8] Undefined variable: tishi E:\wamp\www\LunWen\main\Runtime\Cache\Admin\47beaad8941de6285e2103b15a2837af.php 第 204 行.
INFO: Run Behavior\ParseTemplateBehavior [ RunTime:0.017380s ]
INFO: [ view_parse ] --END-- [ RunTime:0.017486s ]
INFO: [ view_filter ] --START--
INFO: Run Behavior\WriteHtmlCacheBehavior [ RunTime:0.000596s ]
INFO: [ view_filter ] --END-- [ RunTime:0.000708s ]
INFO: [ app_end ] --START--
INFO: Run Behavior\ShowPageTraceBehavior [ RunTime:0.001711s ]
INFO: [ app_end ] --END-- [ RunTime:0.001937s ]

[ 2018-12-12T23:02:47+08:00 ] ::1 /LunWen/main/index.php/Admin/Lunwen/search.html
INFO: [ app_init ] --START--
INFO: Run Behavior\BuildLiteBehavior [ RunTime:0.000031s ]
INFO: [ app_init ] --END-- [ RunTime:0.000508s ]
INFO: [ app_begin ] --START--
INFO: Run Behavior\ReadHtmlCacheBehavior [ RunTime:0.001034s ]
INFO: [ app_begin ] --END-- [ RunTime:0.001187s ]
SQL: SHOW COLUMNS FROM `user` [ RunTime:0.0008s ]
SQL: SELECT * FROM `user` WHERE ( username='xubei' )  [ RunTime:0.0003s ]
SQL: SHOW COLUMNS FROM `lunwen` [ RunTime:0.0006s ]
SQL: SELECT * FROM `lunwen` WHERE ( lunwen_title like '%51%' )  [ RunTime:0.0004s ]
SQL: SELECT * FROM `lunwen` WHERE ( lunwen_id='51' )  [ RunTime:0.0003s ]
INFO: [ view_parse ] --START--
INFO: [ template_filter ] --START--
INFO: Run Behavior\ContentReplaceBehavior [ RunTime:0.000131s ]
INFO: [ template_filter ] --END-- [ RunTime:0.000242s ]
NOTIC: [8] Undefined variable: tishi E:\wamp\www\LunWen\main\Runtime\Cache\Admin\47beaad8941de6285e2103b15a2837af.php 第 204 行.
INFO: Run Behavior\ParseTemplateBehavior [ RunTime:0.020212s ]
INFO: [ view_parse ] --END-- [ RunTime:0.020453s ]
INFO: [ view_filter ] --START--
INFO: Run Behavior\WriteHtmlCacheBehavior [ RunTime:0.000656s ]
INFO: [ view_filter ] --END-- [ RunTime:0.000860s ]
INFO: [ app_end ] --START--
INFO: Run Behavior\ShowPageTraceBehavior [ RunTime:0.000937s ]
INFO: [ app_end ] --END-- [ RunTime:0.001156s ]

[ 2018-12-12T23:02:51+08:00 ] ::1 /LunWen/main/index.php/Admin/Lunwen/search.html
INFO: [ app_init ] --START--
INFO: Run Behavior\BuildLiteBehavior [ RunTime:0.000033s ]
INFO: [ app_init ] --END-- [ RunTime:0.000452s ]
INFO: [ app_begin ] --START--
INFO: Run Behavior\ReadHtmlCacheBehavior [ RunTime:0.000526s ]
INFO: [ app_begin ] --END-- [ RunTime:0.000634s ]
SQL: SHOW COLUMNS FROM `user` [ RunTime:0.0005s ]
SQL: SELECT * FROM `user` WHERE ( username='xubei' )  [ RunTime:0.0005s ]
SQL: SHOW COLUMNS FROM `lunwen` [ RunTime:0.0012s ]
SQL: SELECT * FROM `lunwen` WHERE ( lunwen_title like '%51%' )  [ RunTime:0.0005s ]
SQL: SELECT * FROM `lunwen` WHERE ( lunwen_id='51' )  [ RunTime:0.0003s ]
INFO: [ view_parse ] --START--
INFO: [ template_filter ] --START--
INFO: Run Behavior\ContentReplaceBehavior [ RunTime:0.000098s ]
INFO: [ template_filter ] --END-- [ RunTime:0.000198s ]
NOTIC: [8] Undefined variable: tishi E:\wamp\www\LunWen\main\Runtime\Cache\Admin\47beaad8941de6285e2103b15a2837af.php 第 204 行.
INFO: Run Behavior\ParseTemplateBehavior [ RunTime:0.019483s ]
INFO: [ view_parse ] --END-- [ RunTime:0.019586s ]
INFO: [ view_filter ] --START--
INFO: Run Behavior\WriteHtmlCacheBehavior [ RunTime:0.000486s ]
INFO: [ view_filter ] --END-- [ RunTime:0.000574s ]
INFO: [ app_end ] --START--
INFO: Run Behavior\ShowPageTraceBehavior [ RunTime:0.000696s ]
INFO: [ app_end ] --END-- [ RunTime:0.000876s ]

[ 2018-12-12T23:03:19+08:00 ] ::1 /LunWen/main/index.php/Admin/Lunwen/search.html
INFO: [ app_init ] --START--
INFO: Run Behavior\BuildLiteBehavior [ RunTime:0.000022s ]
INFO: [ app_init ] --END-- [ RunTime:0.000436s ]
INFO: [ app_begin ] --START--
INFO: Run Behavior\ReadHtmlCacheBehavior [ RunTime:0.000672s ]
INFO: [ app_begin ] --END-- [ RunTime:0.000794s ]
SQL: SHOW COLUMNS FROM `user` [ RunTime:0.0007s ]
SQL: SELECT * FROM `user` WHERE ( username='xubei' )  [ RunTime:0.0004s ]
SQL: SHOW COLUMNS FROM `lunwen` [ RunTime:0.0011s ]
SQL: SELECT * FROM `lunwen` WHERE ( lunwen_title like '%51%' )  [ RunTime:0.0006s ]
SQL: SELECT * FROM `lunwen` WHERE ( lunwen_id='51' )  [ RunTime:0.0003s ]
INFO: [ view_parse ] --START--
INFO: [ template_filter ] --START--
INFO: Run Behavior\ContentReplaceBehavior [ RunTime:0.000198s ]
INFO: [ template_filter ] --END-- [ RunTime:0.000365s ]
NOTIC: [8] Undefined variable: tishi E:\wamp\www\LunWen\main\Runtime\Cache\Admin\47beaad8941de6285e2103b15a2837af.php 第 204 行.
INFO: Run Behavior\ParseTemplateBehavior [ RunTime:0.018567s ]
INFO: [ view_parse ] --END-- [ RunTime:0.018697s ]
INFO: [ view_filter ] --START--
INFO: Run Behavior\WriteHtmlCacheBehavior [ RunTime:0.000455s ]
INFO: [ view_filter ] --END-- [ RunTime:0.000543s ]
INFO: [ app_end ] --START--
INFO: Run Behavior\ShowPageTraceBehavior [ RunTime:0.000717s ]
INFO: [ app_end ] --END-- [ RunTime:0.000877s ]

[ 2018-12-12T23:04:17+08:00 ] ::1 /LunWen/main/index.php/Admin/Lunwen/upload_img.html
INFO: [ app_init ] --START--
INFO: Run Behavior\BuildLiteBehavior [ RunTime:0.000021s ]
INFO: [ app_init ] --END-- [ RunTime:0.000391s ]
INFO: [ app_begin ] --START--
INFO: Run Behavior\ReadHtmlCacheBehavior [ RunTime:0.000791s ]
INFO: [ app_begin ] --END-- [ RunTime:0.000959s ]
SQL: SHOW COLUMNS FROM `user` [ RunTime:0.0010s ]
SQL: SELECT * FROM `user` WHERE ( username='xubei' )  [ RunTime:0.0005s ]
INFO: [ view_parse ] --START--
INFO: [ template_filter ] --START--
INFO: Run Behavior\ContentReplaceBehavior [ RunTime:0.000104s ]
INFO: [ template_filter ] --END-- [ RunTime:0.000207s ]
INFO: Run Behavior\ParseTemplateBehavior [ RunTime:0.015036s ]
INFO: [ view_parse ] --END-- [ RunTime:0.015381s ]
INFO: [ view_filter ] --START--
INFO: Run Behavior\WriteHtmlCacheBehavior [ RunTime:0.000858s ]
INFO: [ view_filter ] --END-- [ RunTime:0.001035s ]
INFO: [ app_end ] --START--
INFO: Run Behavior\ShowPageTraceBehavior [ RunTime:0.000883s ]
INFO: [ app_end ] --END-- [ RunTime:0.001064s ]

[ 2018-12-12T23:04:18+08:00 ] ::1 /LunWen/main/index.php/Admin/Lunwen/upload_message.html
INFO: [ app_init ] --START--
INFO: Run Behavior\BuildLiteBehavior [ RunTime:0.000037s ]
INFO: [ app_init ] --END-- [ RunTime:0.000381s ]
INFO: [ app_begin ] --START--
INFO: Run Behavior\ReadHtmlCacheBehavior [ RunTime:0.000535s ]
INFO: [ app_begin ] --END-- [ RunTime:0.000636s ]
SQL: SHOW COLUMNS FROM `user` [ RunTime:0.0006s ]
SQL: SELECT * FROM `user` WHERE ( username='xubei' )  [ RunTime:0.0003s ]
INFO: [ view_parse ] --START--
INFO: [ template_filter ] --START--
INFO: Run Behavior\ContentReplaceBehavior [ RunTime:0.000415s ]
INFO: [ template_filter ] --END-- [ RunTime:0.000641s ]
INFO: Run Behavior\ParseTemplateBehavior [ RunTime:0.015011s ]
INFO: [ view_parse ] --END-- [ RunTime:0.015125s ]
INFO: [ view_filter ] --START--
INFO: Run Behavior\WriteHtmlCacheBehavior [ RunTime:0.000584s ]
INFO: [ view_filter ] --END-- [ RunTime:0.000676s ]
INFO: [ app_end ] --START--
INFO: Run Behavior\ShowPageTraceBehavior [ RunTime:0.000839s ]
INFO: [ app_end ] --END-- [ RunTime:0.001026s ]

[ 2018-12-12T23:04:18+08:00 ] ::1 /LunWen/main/index.php/Admin/Data/getRank
INFO: [ app_init ] --START--
INFO: Run Behavior\BuildLiteBehavior [ RunTime:0.000049s ]
INFO: [ app_init ] --END-- [ RunTime:0.000879s ]
INFO: [ app_begin ] --START--
INFO: Run Behavior\ReadHtmlCacheBehavior [ RunTime:0.000995s ]
INFO: [ app_begin ] --END-- [ RunTime:0.001180s ]
SQL: SHOW COLUMNS FROM `rank` [ RunTime:0.0006s ]
SQL: SHOW COLUMNS FROM `sele` [ RunTime:0.0008s ]
SQL: SELECT * FROM `rank`  [ RunTime:0.0005s ]
SQL: SELECT * FROM `sele`  [ RunTime:0.0004s ]
INFO: [ app_end ] --START--
INFO: Run Behavior\ShowPageTraceBehavior [ RunTime:0.000958s ]
INFO: [ app_end ] --END-- [ RunTime:0.001135s ]

[ 2018-12-12T23:04:35+08:00 ] ::1 /LunWen/main/index.php/Admin/Lunwen/upload_message.html
INFO: [ app_init ] --START--
INFO: Run Behavior\BuildLiteBehavior [ RunTime:0.000067s ]
INFO: [ app_init ] --END-- [ RunTime:0.001418s ]
INFO: [ app_begin ] --START--
INFO: Run Behavior\ReadHtmlCacheBehavior [ RunTime:0.000801s ]
INFO: [ app_begin ] --END-- [ RunTime:0.000975s ]
SQL: SHOW COLUMNS FROM `user` [ RunTime:0.0009s ]
SQL: SELECT * FROM `user` WHERE ( username='xubei' )  [ RunTime:0.0003s ]
NOTIC: [2] call_user_func() expects parameter 1 to be a valid callback, no array or string given E:\wamp\www\LunWen\ThinkPHP\Library\Think\Upload.class.php 第 170 行.
SQL: SHOW COLUMNS FROM `lunwen` [ RunTime:0.0008s ]
SQL: INSERT INTO `lunwen` (`lunwen_title`,`writer`,`sex`,`major`,`rank_type`,`lunwen_rank`,`biaoji`,`addtime`,`filepath`,`lunwen_img`) VALUES ('人工智能是未来趋势','徐贝','男','计算机科学与技术','科学技术','计算机科学与技术','普通','2018-12-08','aa54aae5d5de54be6e1d181dc84fefbf','./Upload/2018-12-12/aa54aae5d5de54be6e1d181dc84fefbf/5c1123827281b.png') [ RunTime:0.0003s ]

[ 2018-12-12T23:05:03+08:00 ] ::1 /LunWen/main/index.php/Admin/Lunwen/upload_img.html
INFO: [ app_init ] --START--
INFO: Run Behavior\BuildLiteBehavior [ RunTime:0.000049s ]
INFO: [ app_init ] --END-- [ RunTime:0.000776s ]
INFO: [ app_begin ] --START--
INFO: Run Behavior\ReadHtmlCacheBehavior [ RunTime:0.000858s ]
INFO: [ app_begin ] --END-- [ RunTime:0.001060s ]
SQL: SHOW COLUMNS FROM `user` [ RunTime:0.0007s ]
SQL: SELECT * FROM `user` WHERE ( username='xubei' )  [ RunTime:0.0004s ]
INFO: [ view_parse ] --START--
INFO: [ template_filter ] --START--
INFO: Run Behavior\ContentReplaceBehavior [ RunTime:0.000109s ]
INFO: [ template_filter ] --END-- [ RunTime:0.000219s ]
INFO: Run Behavior\ParseTemplateBehavior [ RunTime:0.019356s ]
INFO: [ view_parse ] --END-- [ RunTime:0.019497s ]
INFO: [ view_filter ] --START--
INFO: Run Behavior\WriteHtmlCacheBehavior [ RunTime:0.000464s ]
INFO: [ view_filter ] --END-- [ RunTime:0.000558s ]
INFO: [ app_end ] --START--
INFO: Run Behavior\ShowPageTraceBehavior [ RunTime:0.000654s ]
INFO: [ app_end ] --END-- [ RunTime:0.000815s ]

[ 2018-12-12T23:05:06+08:00 ] ::1 /LunWen/main/index.php/Admin/Data/getImgCount?id=52
INFO: [ app_init ] --START--
INFO: Run Behavior\BuildLiteBehavior [ RunTime:0.000035s ]
INFO: [ app_init ] --END-- [ RunTime:0.000806s ]
INFO: [ app_begin ] --START--
INFO: Run Behavior\ReadHtmlCacheBehavior [ RunTime:0.000740s ]
INFO: [ app_begin ] --END-- [ RunTime:0.001023s ]
SQL: SHOW COLUMNS FROM `lunwen` [ RunTime:0.0010s ]
SQL: SELECT * FROM `lunwen` WHERE ( lunwen_id='52' )  [ RunTime:0.0005s ]
INFO: [ app_end ] --START--
INFO: Run Behavior\ShowPageTraceBehavior [ RunTime:0.000982s ]
INFO: [ app_end ] --END-- [ RunTime:0.001108s ]

[ 2018-12-12T23:05:23+08:00 ] ::1 /LunWen/main/index.php/Admin/Lunwen/upload_img.html
INFO: [ app_init ] --START--
INFO: Run Behavior\BuildLiteBehavior [ RunTime:0.000022s ]
INFO: [ app_init ] --END-- [ RunTime:0.000479s ]
INFO: [ app_begin ] --START--
INFO: Run Behavior\ReadHtmlCacheBehavior [ RunTime:0.000987s ]
INFO: [ app_begin ] --END-- [ RunTime:0.001140s ]
SQL: SHOW COLUMNS FROM `user` [ RunTime:0.0006s ]
SQL: SELECT * FROM `user` WHERE ( username='xubei' )  [ RunTime:0.0003s ]
NOTIC: [2] call_user_func() expects parameter 1 to be a valid callback, no array or string given E:\wamp\www\LunWen\ThinkPHP\Library\Think\Upload.class.php 第 170 行.
NOTIC: [2] call_user_func() expects parameter 1 to be a valid callback, no array or string given E:\wamp\www\LunWen\ThinkPHP\Library\Think\Upload.class.php 第 170 行.
NOTIC: [2] call_user_func() expects parameter 1 to be a valid callback, no array or string given E:\wamp\www\LunWen\ThinkPHP\Library\Think\Upload.class.php 第 170 行.
NOTIC: [2] call_user_func() expects parameter 1 to be a valid callback, no array or string given E:\wamp\www\LunWen\ThinkPHP\Library\Think\Upload.class.php 第 170 行.
NOTIC: [2] call_user_func() expects parameter 1 to be a valid callback, no array or string given E:\wamp\www\LunWen\ThinkPHP\Library\Think\Upload.class.php 第 170 行.
SQL: SHOW COLUMNS FROM `lunwen` [ RunTime:0.0008s ]
SQL: SELECT * FROM `lunwen` WHERE ( lunwen_id='52' )  [ RunTime:0.0004s ]
SQL: UPDATE `lunwen` SET `thumb_img`='[\".\\/Upload\\/2018-12-12\\/aa54aae5d5de54be6e1d181dc84fefbf\\/thumb\\/5c1123b1be680.png\",\".\\/Upload\\/2018-12-12\\/aa54aae5d5de54be6e1d181dc84fefbf\\/thumb\\/5c1123b1c0020.png\",\".\\/Upload\\/2018-12-12\\/aa54aae5d5de54be6e1d181dc84fefbf\\/thumb\\/5c1123b1c124b.png\",\".\\/Upload\\/2018-12-12\\/aa54aae5d5de54be6e1d181dc84fefbf\\/thumb\\/5c1123b1c2b05.png\",\".\\/Upload\\/2018-12-12\\/aa54aae5d5de54be6e1d181dc84fefbf\\/thumb\\/5c1123b1c4b60.png\"]' WHERE ( lunwen_id='52' ) [ RunTime:0.0004s ]

[ 2018-12-12T23:06:37+08:00 ] ::1 /LunWen/main/index.php/Admin/Lunwen/upload_lunwenBook.html
INFO: [ app_init ] --START--
INFO: Run Behavior\BuildLiteBehavior [ RunTime:0.000023s ]
INFO: [ app_init ] --END-- [ RunTime:0.000405s ]
INFO: [ app_begin ] --START--
INFO: Run Behavior\ReadHtmlCacheBehavior [ RunTime:0.000626s ]
INFO: [ app_begin ] --END-- [ RunTime:0.000758s ]
SQL: SHOW COLUMNS FROM `user` [ RunTime:0.0007s ]
SQL: SELECT * FROM `user` WHERE ( username='xubei' )  [ RunTime:0.0007s ]
INFO: [ view_parse ] --START--
INFO: [ template_filter ] --START--
INFO: Run Behavior\ContentReplaceBehavior [ RunTime:0.000099s ]
INFO: [ template_filter ] --END-- [ RunTime:0.000200s ]
INFO: Run Behavior\ParseTemplateBehavior [ RunTime:0.045629s ]
INFO: [ view_parse ] --END-- [ RunTime:0.045736s ]
INFO: [ view_filter ] --START--
INFO: Run Behavior\WriteHtmlCacheBehavior [ RunTime:0.000471s ]
INFO: [ view_filter ] --END-- [ RunTime:0.000585s ]
INFO: [ app_end ] --START--
INFO: Run Behavior\ShowPageTraceBehavior [ RunTime:0.001092s ]
INFO: [ app_end ] --END-- [ RunTime:0.001338s ]

[ 2018-12-12T23:09:12+08:00 ] ::1 /LunWen/main/index.php/Admin/Index/index.html
INFO: [ app_init ] --START--
INFO: Run Behavior\BuildLiteBehavior [ RunTime:0.000047s ]
INFO: [ app_init ] --END-- [ RunTime:0.000641s ]
INFO: [ app_begin ] --START--
INFO: Run Behavior\ReadHtmlCacheBehavior [ RunTime:0.001241s ]
INFO: [ app_begin ] --END-- [ RunTime:0.001468s ]
SQL: SHOW COLUMNS FROM `user` [ RunTime:0.0008s ]
SQL: SELECT * FROM `user` WHERE ( username='xubei' )  [ RunTime:0.0006s ]
SQL: SHOW COLUMNS FROM `lunwen` [ RunTime:0.0010s ]
SQL: SELECT * FROM `lunwen`  [ RunTime:0.0038s ]
SQL: SHOW COLUMNS FROM `lunwenbook` [ RunTime:0.0008s ]
SQL: SELECT * FROM `lunwenbook`  [ RunTime:0.0015s ]
SQL: SELECT * FROM `user`  [ RunTime:0.0003s ]
SQL: SHOW COLUMNS FROM `consumer` [ RunTime:0.0009s ]
SQL: SELECT * FROM `consumer`  [ RunTime:0.0004s ]
SQL: SHOW COLUMNS FROM `poplunwen` [ RunTime:0.0007s ]
SQL: SELECT * FROM `poplunwen` WHERE ( todaytime='2018-12-12' )  [ RunTime:0.0003s ]
SQL: SHOW COLUMNS FROM `sele` [ RunTime:0.0005s ]
SQL: SELECT * FROM `sele`  [ RunTime:0.0003s ]
INFO: [ view_parse ] --START--
INFO: [ template_filter ] --START--
INFO: Run Behavior\ContentReplaceBehavior [ RunTime:0.000170s ]
INFO: [ template_filter ] --END-- [ RunTime:0.000294s ]
INFO: Run Behavior\ParseTemplateBehavior [ RunTime:0.016814s ]
INFO: [ view_parse ] --END-- [ RunTime:0.016926s ]
INFO: [ view_filter ] --START--
INFO: Run Behavior\WriteHtmlCacheBehavior [ RunTime:0.000531s ]
INFO: [ view_filter ] --END-- [ RunTime:0.000650s ]
INFO: [ app_end ] --START--
INFO: Run Behavior\ShowPageTraceBehavior [ RunTime:0.001455s ]
INFO: [ app_end ] --END-- [ RunTime:0.002068s ]

[ 2018-12-12T23:17:07+08:00 ] ::1 /LunWen/main/index.php/Admin/Data/likeClick?id=1
INFO: [ app_init ] --START--
INFO: Run Behavior\BuildLiteBehavior [ RunTime:0.000071s ]
INFO: [ app_init ] --END-- [ RunTime:0.000782s ]
INFO: [ app_begin ] --START--
INFO: Run Behavior\ReadHtmlCacheBehavior [ RunTime:0.001624s ]
INFO: [ app_begin ] --END-- [ RunTime:0.001849s ]

[ 2018-12-12T23:17:30+08:00 ] ::1 /LunWen/main/index.php/Admin/Data/likeClick?id=1
INFO: [ app_init ] --START--
INFO: Run Behavior\BuildLiteBehavior [ RunTime:0.000036s ]
INFO: [ app_init ] --END-- [ RunTime:0.000475s ]
INFO: [ app_begin ] --START--
INFO: Run Behavior\ReadHtmlCacheBehavior [ RunTime:0.001205s ]
INFO: [ app_begin ] --END-- [ RunTime:0.001400s ]
SQL: SHOW COLUMNS FROM `lunwenbook` [ RunTime:0.0008s ]
SQL: SELECT * FROM `lunwenbook` WHERE ( book_id='1' )  [ RunTime:0.0005s ]

[ 2018-12-12T23:18:24+08:00 ] ::1 /LunWen/main/index.php/Admin/Data/likeClick?id=1
INFO: [ app_init ] --START--
INFO: Run Behavior\BuildLiteBehavior [ RunTime:0.000031s ]
INFO: [ app_init ] --END-- [ RunTime:0.000586s ]
INFO: [ app_begin ] --START--
INFO: Run Behavior\ReadHtmlCacheBehavior [ RunTime:0.000598s ]
INFO: [ app_begin ] --END-- [ RunTime:0.000774s ]
SQL: SHOW COLUMNS FROM `lunwen` [ RunTime:0.0008s ]
SQL: SELECT * FROM `lunwen` WHERE ( lunwen_id='1' )  [ RunTime:0.0003s ]

[ 2018-12-12T23:19:35+08:00 ] ::1 /LunWen/main/index.php/Admin/Data/likeClick?id=1
INFO: [ app_init ] --START--
INFO: Run Behavior\BuildLiteBehavior [ RunTime:0.000021s ]
INFO: [ app_init ] --END-- [ RunTime:0.000454s ]
INFO: [ app_begin ] --START--
INFO: Run Behavior\ReadHtmlCacheBehavior [ RunTime:0.000946s ]
INFO: [ app_begin ] --END-- [ RunTime:0.001092s ]
SQL: SHOW COLUMNS FROM `lunwen` [ RunTime:0.0013s ]
SQL: SELECT * FROM `lunwen` WHERE ( lunwen_id='1' )  [ RunTime:0.0008s ]

[ 2018-12-12T23:20:10+08:00 ] ::1 /LunWen/main/index.php/Admin/Data/likeClick?id=1
INFO: [ app_init ] --START--
INFO: Run Behavior\BuildLiteBehavior [ RunTime:0.000020s ]
INFO: [ app_init ] --END-- [ RunTime:0.000381s ]
INFO: [ app_begin ] --START--
INFO: Run Behavior\ReadHtmlCacheBehavior [ RunTime:0.000513s ]
INFO: [ app_begin ] --END-- [ RunTime:0.000647s ]
SQL: SHOW COLUMNS FROM `lunwen` [ RunTime:0.0010s ]
SQL: SELECT * FROM `lunwen` WHERE ( lunwen_id='1' )  [ RunTime:0.0004s ]

[ 2018-12-12T23:20:11+08:00 ] ::1 /LunWen/main/index.php/Admin/Data/likeClick?id=1
INFO: [ app_init ] --START--
INFO: Run Behavior\BuildLiteBehavior [ RunTime:0.000027s ]
INFO: [ app_init ] --END-- [ RunTime:0.000842s ]
INFO: [ app_begin ] --START--
INFO: Run Behavior\ReadHtmlCacheBehavior [ RunTime:0.000880s ]
INFO: [ app_begin ] --END-- [ RunTime:0.001117s ]
SQL: SHOW COLUMNS FROM `lunwen` [ RunTime:0.0011s ]
SQL: SELECT * FROM `lunwen` WHERE ( lunwen_id='1' )  [ RunTime:0.0008s ]

[ 2018-12-12T23:20:11+08:00 ] ::1 /LunWen/main/index.php/Admin/Data/likeClick?id=1
INFO: [ app_init ] --START--
INFO: Run Behavior\BuildLiteBehavior [ RunTime:0.000022s ]
INFO: [ app_init ] --END-- [ RunTime:0.000411s ]
INFO: [ app_begin ] --START--
INFO: Run Behavior\ReadHtmlCacheBehavior [ RunTime:0.000536s ]
INFO: [ app_begin ] --END-- [ RunTime:0.000665s ]
SQL: SHOW COLUMNS FROM `lunwen` [ RunTime:0.0013s ]
SQL: SELECT * FROM `lunwen` WHERE ( lunwen_id='1' )  [ RunTime:0.0006s ]

[ 2018-12-12T23:20:11+08:00 ] ::1 /LunWen/main/index.php/Admin/Data/likeClick?id=1
INFO: [ app_init ] --START--
INFO: Run Behavior\BuildLiteBehavior [ RunTime:0.000047s ]
INFO: [ app_init ] --END-- [ RunTime:0.000745s ]
INFO: [ app_begin ] --START--
INFO: Run Behavior\ReadHtmlCacheBehavior [ RunTime:0.000647s ]
INFO: [ app_begin ] --END-- [ RunTime:0.000810s ]
SQL: SHOW COLUMNS FROM `lunwen` [ RunTime:0.0008s ]
SQL: SELECT * FROM `lunwen` WHERE ( lunwen_id='1' )  [ RunTime:0.0006s ]

[ 2018-12-12T23:20:11+08:00 ] ::1 /LunWen/main/index.php/Admin/Data/likeClick?id=1
INFO: [ app_init ] --START--
INFO: Run Behavior\BuildLiteBehavior [ RunTime:0.000021s ]
INFO: [ app_init ] --END-- [ RunTime:0.000400s ]
INFO: [ app_begin ] --START--
INFO: Run Behavior\ReadHtmlCacheBehavior [ RunTime:0.000859s ]
INFO: [ app_begin ] --END-- [ RunTime:0.001100s ]
SQL: SHOW COLUMNS FROM `lunwen` [ RunTime:0.0008s ]
SQL: SELECT * FROM `lunwen` WHERE ( lunwen_id='1' )  [ RunTime:0.0004s ]

[ 2018-12-12T23:36:32+08:00 ] ::1 /LunWen/main/index.php/Admin/Index/Admin/User/logout
INFO: [ app_init ] --START--
INFO: Run Behavior\BuildLiteBehavior [ RunTime:0.000043s ]
INFO: [ app_init ] --END-- [ RunTime:0.001328s ]
INFO: [ app_begin ] --START--
INFO: Run Behavior\ReadHtmlCacheBehavior [ RunTime:0.000567s ]
INFO: [ app_begin ] --END-- [ RunTime:0.000654s ]
ERR: 非法操作:Admin

[ 2018-12-12T23:36:32+08:00 ] ::1 /LunWen/main/index.php/Admin/Index/index.html
INFO: [ app_init ] --START--
INFO: Run Behavior\BuildLiteBehavior [ RunTime:0.000029s ]
INFO: [ app_init ] --END-- [ RunTime:0.000656s ]
INFO: [ app_begin ] --START--
INFO: Run Behavior\ReadHtmlCacheBehavior [ RunTime:0.000559s ]
INFO: [ app_begin ] --END-- [ RunTime:0.000673s ]
SQL: SHOW COLUMNS FROM `user` [ RunTime:0.0011s ]
SQL: SELECT * FROM `user` WHERE ( username='xubei' )  [ RunTime:0.0006s ]
SQL: SHOW COLUMNS FROM `lunwen` [ RunTime:0.0009s ]
SQL: SELECT * FROM `lunwen`  [ RunTime:0.0034s ]
SQL: SHOW COLUMNS FROM `lunwenbook` [ RunTime:0.0006s ]
SQL: SELECT * FROM `lunwenbook`  [ RunTime:0.0011s ]
SQL: SELECT * FROM `user`  [ RunTime:0.0004s ]
SQL: SHOW COLUMNS FROM `consumer` [ RunTime:0.0006s ]
SQL: SELECT * FROM `consumer`  [ RunTime:0.0003s ]
SQL: SHOW COLUMNS FROM `poplunwen` [ RunTime:0.0006s ]
SQL: SELECT * FROM `poplunwen` WHERE ( todaytime='2018-12-12' )  [ RunTime:0.0003s ]
SQL: SHOW COLUMNS FROM `sele` [ RunTime:0.0006s ]
SQL: SELECT * FROM `sele`  [ RunTime:0.0003s ]
INFO: [ view_parse ] --START--
INFO: [ template_filter ] --START--
INFO: Run Behavior\ContentReplaceBehavior [ RunTime:0.000120s ]
INFO: [ template_filter ] --END-- [ RunTime:0.000260s ]
INFO: Run Behavior\ParseTemplateBehavior [ RunTime:0.016975s ]
INFO: [ view_parse ] --END-- [ RunTime:0.017077s ]
INFO: [ view_filter ] --START--
INFO: Run Behavior\WriteHtmlCacheBehavior [ RunTime:0.000384s ]
INFO: [ view_filter ] --END-- [ RunTime:0.000540s ]
INFO: [ app_end ] --START--
INFO: Run Behavior\ShowPageTraceBehavior [ RunTime:0.000776s ]
INFO: [ app_end ] --END-- [ RunTime:0.000963s ]

[ 2018-12-12T23:36:32+08:00 ] ::1 /LunWen/main/index.php/Admin/Index/Admin/User/logout
INFO: [ app_init ] --START--
INFO: Run Behavior\BuildLiteBehavior [ RunTime:0.000021s ]
INFO: [ app_init ] --END-- [ RunTime:0.000367s ]
INFO: [ app_begin ] --START--
INFO: Run Behavior\ReadHtmlCacheBehavior [ RunTime:0.000600s ]
INFO: [ app_begin ] --END-- [ RunTime:0.000691s ]
ERR: 非法操作:Admin

[ 2018-12-12T23:37:32+08:00 ] ::1 /LunWen/main/index.php/Admin/Index/Admin/User/logout
INFO: [ app_init ] --START--
INFO: Run Behavior\BuildLiteBehavior [ RunTime:0.000020s ]
INFO: [ app_init ] --END-- [ RunTime:0.000357s ]
INFO: [ app_begin ] --START--
INFO: Run Behavior\ReadHtmlCacheBehavior [ RunTime:0.000497s ]
INFO: [ app_begin ] --END-- [ RunTime:0.000577s ]
ERR: 非法操作:Admin

[ 2018-12-12T23:37:32+08:00 ] ::1 /LunWen/main/index.php/Admin/Index/index.html
INFO: [ app_init ] --START--
INFO: Run Behavior\BuildLiteBehavior [ RunTime:0.000044s ]
INFO: [ app_init ] --END-- [ RunTime:0.000581s ]
INFO: [ app_begin ] --START--
INFO: Run Behavior\ReadHtmlCacheBehavior [ RunTime:0.000649s ]
INFO: [ app_begin ] --END-- [ RunTime:0.000819s ]
SQL: SHOW COLUMNS FROM `user` [ RunTime:0.0013s ]
SQL: SELECT * FROM `user` WHERE ( username='xubei' )  [ RunTime:0.0007s ]
SQL: SHOW COLUMNS FROM `lunwen` [ RunTime:0.0006s ]
SQL: SELECT * FROM `lunwen`  [ RunTime:0.0027s ]
SQL: SHOW COLUMNS FROM `lunwenbook` [ RunTime:0.0010s ]
SQL: SELECT * FROM `lunwenbook`  [ RunTime:0.0011s ]
SQL: SELECT * FROM `user`  [ RunTime:0.0002s ]
SQL: SHOW COLUMNS FROM `consumer` [ RunTime:0.0008s ]
SQL: SELECT * FROM `consumer`  [ RunTime:0.0002s ]
SQL: SHOW COLUMNS FROM `poplunwen` [ RunTime:0.0007s ]
SQL: SELECT * FROM `poplunwen` WHERE ( todaytime='2018-12-12' )  [ RunTime:0.0002s ]
SQL: SHOW COLUMNS FROM `sele` [ RunTime:0.0005s ]
SQL: SELECT * FROM `sele`  [ RunTime:0.0003s ]
INFO: [ view_parse ] --START--
INFO: [ template_filter ] --START--
INFO: Run Behavior\ContentReplaceBehavior [ RunTime:0.000179s ]
INFO: [ template_filter ] --END-- [ RunTime:0.000339s ]
INFO: Run Behavior\ParseTemplateBehavior [ RunTime:0.015110s ]
INFO: [ view_parse ] --END-- [ RunTime:0.015223s ]
INFO: [ view_filter ] --START--
INFO: Run Behavior\WriteHtmlCacheBehavior [ RunTime:0.000660s ]
INFO: [ view_filter ] --END-- [ RunTime:0.000896s ]
INFO: [ app_end ] --START--
INFO: Run Behavior\ShowPageTraceBehavior [ RunTime:0.001773s ]
INFO: [ app_end ] --END-- [ RunTime:0.002015s ]

[ 2018-12-12T23:37:32+08:00 ] ::1 /LunWen/main/index.php/Admin/Index/Admin/User/logout
INFO: [ app_init ] --START--
INFO: Run Behavior\BuildLiteBehavior [ RunTime:0.000023s ]
INFO: [ app_init ] --END-- [ RunTime:0.000556s ]
INFO: [ app_begin ] --START--
INFO: Run Behavior\ReadHtmlCacheBehavior [ RunTime:0.000546s ]
INFO: [ app_begin ] --END-- [ RunTime:0.000633s ]
ERR: 非法操作:Admin

[ 2018-12-12T23:37:36+08:00 ] ::1 /LunWen/main/index.php/Admin/Index/Admin/User/logout
INFO: [ app_init ] --START--
INFO: Run Behavior\BuildLiteBehavior [ RunTime:0.000021s ]
INFO: [ app_init ] --END-- [ RunTime:0.000364s ]
INFO: [ app_begin ] --START--
INFO: Run Behavior\ReadHtmlCacheBehavior [ RunTime:0.000799s ]
INFO: [ app_begin ] --END-- [ RunTime:0.000946s ]
ERR: 非法操作:Admin

[ 2018-12-12T23:37:36+08:00 ] ::1 /LunWen/main/index.php/Admin/Index/index.html
INFO: [ app_init ] --START--
INFO: Run Behavior\BuildLiteBehavior [ RunTime:0.000019s ]
INFO: [ app_init ] --END-- [ RunTime:0.000348s ]
INFO: [ app_begin ] --START--
INFO: Run Behavior\ReadHtmlCacheBehavior [ RunTime:0.001099s ]
INFO: [ app_begin ] --END-- [ RunTime:0.001473s ]
SQL: SHOW COLUMNS FROM `user` [ RunTime:0.0007s ]
SQL: SELECT * FROM `user` WHERE ( username='xubei' )  [ RunTime:0.0005s ]
SQL: SHOW COLUMNS FROM `lunwen` [ RunTime:0.0008s ]
SQL: SELECT * FROM `lunwen`  [ RunTime:0.0031s ]
SQL: SHOW COLUMNS FROM `lunwenbook` [ RunTime:0.0009s ]
SQL: SELECT * FROM `lunwenbook`  [ RunTime:0.0006s ]
SQL: SELECT * FROM `user`  [ RunTime:0.0003s ]
SQL: SHOW COLUMNS FROM `consumer` [ RunTime:0.0015s ]
SQL: SELECT * FROM `consumer`  [ RunTime:0.0002s ]
SQL: SHOW COLUMNS FROM `poplunwen` [ RunTime:0.0010s ]
SQL: SELECT * FROM `poplunwen` WHERE ( todaytime='2018-12-12' )  [ RunTime:0.0003s ]
SQL: SHOW COLUMNS FROM `sele` [ RunTime:0.0006s ]
SQL: SELECT * FROM `sele`  [ RunTime:0.0003s ]
INFO: [ view_parse ] --START--
INFO: [ template_filter ] --START--
INFO: Run Behavior\ContentReplaceBehavior [ RunTime:0.000120s ]
INFO: [ template_filter ] --END-- [ RunTime:0.000222s ]
INFO: Run Behavior\ParseTemplateBehavior [ RunTime:0.017473s ]
INFO: [ view_parse ] --END-- [ RunTime:0.017595s ]
INFO: [ view_filter ] --START--
INFO: Run Behavior\WriteHtmlCacheBehavior [ RunTime:0.000463s ]
INFO: [ view_filter ] --END-- [ RunTime:0.000563s ]
INFO: [ app_end ] --START--
INFO: Run Behavior\ShowPageTraceBehavior [ RunTime:0.000638s ]
INFO: [ app_end ] --END-- [ RunTime:0.000813s ]

[ 2018-12-12T23:37:36+08:00 ] ::1 /LunWen/main/index.php/Admin/Index/Admin/User/logout
INFO: [ app_init ] --START--
INFO: Run Behavior\BuildLiteBehavior [ RunTime:0.000020s ]
INFO: [ app_init ] --END-- [ RunTime:0.000367s ]
INFO: [ app_begin ] --START--
INFO: Run Behavior\ReadHtmlCacheBehavior [ RunTime:0.000965s ]
INFO: [ app_begin ] --END-- [ RunTime:0.001097s ]
ERR: 非法操作:Admin

[ 2018-12-12T23:38:26+08:00 ] ::1 /LunWen/main/index.php/Admin/Index/getWeekData
INFO: [ app_init ] --START--
INFO: Run Behavior\BuildLiteBehavior [ RunTime:0.000023s ]
INFO: [ app_init ] --END-- [ RunTime:0.000560s ]
INFO: [ app_begin ] --START--
INFO: Run Behavior\ReadHtmlCacheBehavior [ RunTime:0.000511s ]
INFO: [ app_begin ] --END-- [ RunTime:0.000615s ]
INFO: [ app_end ] --START--
INFO: Run Behavior\ShowPageTraceBehavior [ RunTime:0.000510s ]
INFO: [ app_end ] --END-- [ RunTime:0.000608s ]

[ 2018-12-12T23:38:27+08:00 ] ::1 /LunWen/main/index.php/Admin/Index/getWeekData
INFO: [ app_init ] --START--
INFO: Run Behavior\BuildLiteBehavior [ RunTime:0.000020s ]
INFO: [ app_init ] --END-- [ RunTime:0.000363s ]
INFO: [ app_begin ] --START--
INFO: Run Behavior\ReadHtmlCacheBehavior [ RunTime:0.000462s ]
INFO: [ app_begin ] --END-- [ RunTime:0.000557s ]
INFO: [ app_end ] --START--
INFO: Run Behavior\ShowPageTraceBehavior [ RunTime:0.000496s ]
INFO: [ app_end ] --END-- [ RunTime:0.000593s ]

[ 2018-12-12T23:48:34+08:00 ] ::1 /LunWen/main/index.php/Admin/Index/getWeekData
INFO: [ app_init ] --START--
INFO: Run Behavior\BuildLiteBehavior [ RunTime:0.000021s ]
INFO: [ app_init ] --END-- [ RunTime:0.000375s ]
INFO: [ app_begin ] --START--
INFO: Run Behavior\ReadHtmlCacheBehavior [ RunTime:0.000522s ]
INFO: [ app_begin ] --END-- [ RunTime:0.000639s ]
ERR: 非法操作:getWeekData

[ 2018-12-12T23:48:42+08:00 ] ::1 /LunWen/main/index.php/Admin/Data/getWeekData
INFO: [ app_init ] --START--
INFO: Run Behavior\BuildLiteBehavior [ RunTime:0.000035s ]
INFO: [ app_init ] --END-- [ RunTime:0.000631s ]
INFO: [ app_begin ] --START--
INFO: Run Behavior\ReadHtmlCacheBehavior [ RunTime:0.001094s ]
INFO: [ app_begin ] --END-- [ RunTime:0.001374s ]
INFO: [ app_end ] --START--
INFO: Run Behavior\ShowPageTraceBehavior [ RunTime:0.000823s ]
INFO: [ app_end ] --END-- [ RunTime:0.001003s ]

[ 2018-12-12T23:50:13+08:00 ] ::1 /LunWen/main/index.php/Admin/Data/getWeekData
INFO: [ app_init ] --START--
INFO: Run Behavior\BuildLiteBehavior [ RunTime:0.000023s ]
INFO: [ app_init ] --END-- [ RunTime:0.000495s ]
INFO: [ app_begin ] --START--
INFO: Run Behavior\ReadHtmlCacheBehavior [ RunTime:0.000510s ]
INFO: [ app_begin ] --END-- [ RunTime:0.000607s ]
INFO: [ app_end ] --START--
INFO: Run Behavior\ShowPageTraceBehavior [ RunTime:0.000533s ]
INFO: [ app_end ] --END-- [ RunTime:0.000636s ]

[ 2018-12-12T23:50:15+08:00 ] ::1 /LunWen/main/index.php/Admin/Data/getWeekData
INFO: [ app_init ] --START--
INFO: Run Behavior\BuildLiteBehavior [ RunTime:0.000049s ]
INFO: [ app_init ] --END-- [ RunTime:0.000587s ]
INFO: [ app_begin ] --START--
INFO: Run Behavior\ReadHtmlCacheBehavior [ RunTime:0.000546s ]
INFO: [ app_begin ] --END-- [ RunTime:0.000648s ]
INFO: [ app_end ] --START--
INFO: Run Behavior\ShowPageTraceBehavior [ RunTime:0.000561s ]
INFO: [ app_end ] --END-- [ RunTime:0.000666s ]

[ 2018-12-12T23:50:56+08:00 ] ::1 /LunWen/main/index.php/Admin/Data/getWeekData
INFO: [ app_init ] --START--
INFO: Run Behavior\BuildLiteBehavior [ RunTime:0.000043s ]
INFO: [ app_init ] --END-- [ RunTime:0.000644s ]
INFO: [ app_begin ] --START--
INFO: Run Behavior\ReadHtmlCacheBehavior [ RunTime:0.000795s ]
INFO: [ app_begin ] --END-- [ RunTime:0.001037s ]
INFO: [ app_end ] --START--
INFO: Run Behavior\ShowPageTraceBehavior [ RunTime:0.000919s ]
INFO: [ app_end ] --END-- [ RunTime:0.001146s ]

[ 2018-12-12T23:50:57+08:00 ] ::1 /LunWen/main/index.php/Admin/Data/getWeekData
INFO: [ app_init ] --START--
INFO: Run Behavior\BuildLiteBehavior [ RunTime:0.000036s ]
INFO: [ app_init ] --END-- [ RunTime:0.000700s ]
INFO: [ app_begin ] --START--
INFO: Run Behavior\ReadHtmlCacheBehavior [ RunTime:0.000734s ]
INFO: [ app_begin ] --END-- [ RunTime:0.000938s ]
INFO: [ app_end ] --START--
INFO: Run Behavior\ShowPageTraceBehavior [ RunTime:0.000663s ]
INFO: [ app_end ] --END-- [ RunTime:0.000830s ]

[ 2018-12-12T23:50:58+08:00 ] ::1 /LunWen/main/index.php/Admin/Data/getWeekData
INFO: [ app_init ] --START--
INFO: Run Behavior\BuildLiteBehavior [ RunTime:0.000029s ]
INFO: [ app_init ] --END-- [ RunTime:0.000591s ]
INFO: [ app_begin ] --START--
INFO: Run Behavior\ReadHtmlCacheBehavior [ RunTime:0.000764s ]
INFO: [ app_begin ] --END-- [ RunTime:0.000978s ]
INFO: [ app_end ] --START--
INFO: Run Behavior\ShowPageTraceBehavior [ RunTime:0.001086s ]
INFO: [ app_end ] --END-- [ RunTime:0.001286s ]

[ 2018-12-12T23:50:58+08:00 ] ::1 /LunWen/main/index.php/Admin/Data/getWeekData
INFO: [ app_init ] --START--
INFO: Run Behavior\BuildLiteBehavior [ RunTime:0.000048s ]
INFO: [ app_init ] --END-- [ RunTime:0.000757s ]
INFO: [ app_begin ] --START--
INFO: Run Behavior\ReadHtmlCacheBehavior [ RunTime:0.001236s ]
INFO: [ app_begin ] --END-- [ RunTime:0.001556s ]
INFO: [ app_end ] --START--
INFO: Run Behavior\ShowPageTraceBehavior [ RunTime:0.000690s ]
INFO: [ app_end ] --END-- [ RunTime:0.000858s ]

[ 2018-12-12T23:50:58+08:00 ] ::1 /LunWen/main/index.php/Admin/Data/getWeekData
INFO: [ app_init ] --START--
INFO: Run Behavior\BuildLiteBehavior [ RunTime:0.000035s ]
INFO: [ app_init ] --END-- [ RunTime:0.000552s ]
INFO: [ app_begin ] --START--
INFO: Run Behavior\ReadHtmlCacheBehavior [ RunTime:0.000812s ]
INFO: [ app_begin ] --END-- [ RunTime:0.001001s ]
INFO: [ app_end ] --START--
INFO: Run Behavior\ShowPageTraceBehavior [ RunTime:0.000813s ]
INFO: [ app_end ] --END-- [ RunTime:0.000985s ]

[ 2018-12-12T23:50:58+08:00 ] ::1 /LunWen/main/index.php/Admin/Data/getWeekData
INFO: [ app_init ] --START--
INFO: Run Behavior\BuildLiteBehavior [ RunTime:0.000033s ]
INFO: [ app_init ] --END-- [ RunTime:0.000554s ]
INFO: [ app_begin ] --START--
INFO: Run Behavior\ReadHtmlCacheBehavior [ RunTime:0.000919s ]
INFO: [ app_begin ] --END-- [ RunTime:0.001166s ]
INFO: [ app_end ] --START--
INFO: Run Behavior\ShowPageTraceBehavior [ RunTime:0.000501s ]
INFO: [ app_end ] --END-- [ RunTime:0.000636s ]

[ 2018-12-12T23:50:59+08:00 ] ::1 /LunWen/main/index.php/Admin/Data/getWeekData
INFO: [ app_init ] --START--
INFO: Run Behavior\BuildLiteBehavior [ RunTime:0.000022s ]
INFO: [ app_init ] --END-- [ RunTime:0.000369s ]
INFO: [ app_begin ] --START--
INFO: Run Behavior\ReadHtmlCacheBehavior [ RunTime:0.000506s ]
INFO: [ app_begin ] --END-- [ RunTime:0.000609s ]
INFO: [ app_end ] --START--
INFO: Run Behavior\ShowPageTraceBehavior [ RunTime:0.000696s ]
INFO: [ app_end ] --END-- [ RunTime:0.000830s ]

[ 2018-12-12T23:50:59+08:00 ] ::1 /LunWen/main/index.php/Admin/Data/getWeekData
INFO: [ app_init ] --START--
INFO: Run Behavior\BuildLiteBehavior [ RunTime:0.000041s ]
INFO: [ app_init ] --END-- [ RunTime:0.000751s ]
INFO: [ app_begin ] --START--
INFO: Run Behavior\ReadHtmlCacheBehavior [ RunTime:0.001297s ]
INFO: [ app_begin ] --END-- [ RunTime:0.001539s ]
INFO: [ app_end ] --START--
INFO: Run Behavior\ShowPageTraceBehavior [ RunTime:0.000570s ]
INFO: [ app_end ] --END-- [ RunTime:0.000689s ]

[ 2018-12-12T23:51:00+08:00 ] ::1 /LunWen/main/index.php/Admin/Data/getWeekData
INFO: [ app_init ] --START--
INFO: Run Behavior\BuildLiteBehavior [ RunTime:0.000035s ]
INFO: [ app_init ] --END-- [ RunTime:0.000399s ]
INFO: [ app_begin ] --START--
INFO: Run Behavior\ReadHtmlCacheBehavior [ RunTime:0.000482s ]
INFO: [ app_begin ] --END-- [ RunTime:0.000578s ]
INFO: [ app_end ] --START--
INFO: Run Behavior\ShowPageTraceBehavior [ RunTime:0.000594s ]
INFO: [ app_end ] --END-- [ RunTime:0.000719s ]

[ 2018-12-12T23:51:00+08:00 ] ::1 /LunWen/main/index.php/Admin/Data/getWeekData
INFO: [ app_init ] --START--
INFO: Run Behavior\BuildLiteBehavior [ RunTime:0.000035s ]
INFO: [ app_init ] --END-- [ RunTime:0.000740s ]
INFO: [ app_begin ] --START--
INFO: Run Behavior\ReadHtmlCacheBehavior [ RunTime:0.000527s ]
INFO: [ app_begin ] --END-- [ RunTime:0.000626s ]
INFO: [ app_end ] --START--
INFO: Run Behavior\ShowPageTraceBehavior [ RunTime:0.001638s ]
INFO: [ app_end ] --END-- [ RunTime:0.001926s ]

[ 2018-12-12T23:51:00+08:00 ] ::1 /LunWen/main/index.php/Admin/Data/getWeekData
INFO: [ app_init ] --START--
INFO: Run Behavior\BuildLiteBehavior [ RunTime:0.000049s ]
INFO: [ app_init ] --END-- [ RunTime:0.000936s ]
INFO: [ app_begin ] --START--
INFO: Run Behavior\ReadHtmlCacheBehavior [ RunTime:0.000596s ]
INFO: [ app_begin ] --END-- [ RunTime:0.000725s ]
INFO: [ app_end ] --START--
INFO: Run Behavior\ShowPageTraceBehavior [ RunTime:0.000788s ]
INFO: [ app_end ] --END-- [ RunTime:0.000986s ]

[ 2018-12-12T23:51:19+08:00 ] ::1 /LunWen/main/index.php/Admin/Data/getWeekData
INFO: [ app_init ] --START--
INFO: Run Behavior\BuildLiteBehavior [ RunTime:0.000044s ]
INFO: [ app_init ] --END-- [ RunTime:0.000617s ]
INFO: [ app_begin ] --START--
INFO: Run Behavior\ReadHtmlCacheBehavior [ RunTime:0.000927s ]
INFO: [ app_begin ] --END-- [ RunTime:0.001127s ]
INFO: [ app_end ] --START--
INFO: Run Behavior\ShowPageTraceBehavior [ RunTime:0.001050s ]
INFO: [ app_end ] --END-- [ RunTime:0.001235s ]

[ 2018-12-12T23:51:19+08:00 ] ::1 /LunWen/main/index.php/Admin/Data/getWeekData
INFO: [ app_init ] --START--
INFO: Run Behavior\BuildLiteBehavior [ RunTime:0.000048s ]
INFO: [ app_init ] --END-- [ RunTime:0.000891s ]
INFO: [ app_begin ] --START--
INFO: Run Behavior\ReadHtmlCacheBehavior [ RunTime:0.000545s ]
INFO: [ app_begin ] --END-- [ RunTime:0.000664s ]
INFO: [ app_end ] --START--
INFO: Run Behavior\ShowPageTraceBehavior [ RunTime:0.000831s ]
INFO: [ app_end ] --END-- [ RunTime:0.001049s ]

[ 2018-12-12T23:51:20+08:00 ] ::1 /LunWen/main/index.php/Admin/Data/getWeekData
INFO: [ app_init ] --START--
INFO: Run Behavior\BuildLiteBehavior [ RunTime:0.000022s ]
INFO: [ app_init ] --END-- [ RunTime:0.000439s ]
INFO: [ app_begin ] --START--
INFO: Run Behavior\ReadHtmlCacheBehavior [ RunTime:0.000536s ]
INFO: [ app_begin ] --END-- [ RunTime:0.000638s ]
INFO: [ app_end ] --START--
INFO: Run Behavior\ShowPageTraceBehavior [ RunTime:0.001908s ]
INFO: [ app_end ] --END-- [ RunTime:0.002157s ]

[ 2018-12-12T23:51:20+08:00 ] ::1 /LunWen/main/index.php/Admin/Data/getWeekData
INFO: [ app_init ] --START--
INFO: Run Behavior\BuildLiteBehavior [ RunTime:0.000048s ]
INFO: [ app_init ] --END-- [ RunTime:0.000807s ]
INFO: [ app_begin ] --START--
INFO: Run Behavior\ReadHtmlCacheBehavior [ RunTime:0.000837s ]
INFO: [ app_begin ] --END-- [ RunTime:0.001001s ]
INFO: [ app_end ] --START--
INFO: Run Behavior\ShowPageTraceBehavior [ RunTime:0.000987s ]
INFO: [ app_end ] --END-- [ RunTime:0.001240s ]

[ 2018-12-12T23:51:20+08:00 ] ::1 /LunWen/main/index.php/Admin/Data/getWeekData
INFO: [ app_init ] --START--
INFO: Run Behavior\BuildLiteBehavior [ RunTime:0.000023s ]
INFO: [ app_init ] --END-- [ RunTime:0.000391s ]
INFO: [ app_begin ] --START--
INFO: Run Behavior\ReadHtmlCacheBehavior [ RunTime:0.000569s ]
INFO: [ app_begin ] --END-- [ RunTime:0.000738s ]
INFO: [ app_end ] --START--
INFO: Run Behavior\ShowPageTraceBehavior [ RunTime:0.000909s ]
INFO: [ app_end ] --END-- [ RunTime:0.001099s ]

[ 2018-12-12T23:51:21+08:00 ] ::1 /LunWen/main/index.php/Admin/Data/getWeekData
INFO: [ app_init ] --START--
INFO: Run Behavior\BuildLiteBehavior [ RunTime:0.000045s ]
INFO: [ app_init ] --END-- [ RunTime:0.000749s ]
INFO: [ app_begin ] --START--
INFO: Run Behavior\ReadHtmlCacheBehavior [ RunTime:0.000959s ]
INFO: [ app_begin ] --END-- [ RunTime:0.001230s ]
INFO: [ app_end ] --START--
INFO: Run Behavior\ShowPageTraceBehavior [ RunTime:0.000709s ]
INFO: [ app_end ] --END-- [ RunTime:0.000893s ]

[ 2018-12-12T23:51:21+08:00 ] ::1 /LunWen/main/index.php/Admin/Data/getWeekData
INFO: [ app_init ] --START--
INFO: Run Behavior\BuildLiteBehavior [ RunTime:0.000021s ]
INFO: [ app_init ] --END-- [ RunTime:0.000392s ]
INFO: [ app_begin ] --START--
INFO: Run Behavior\ReadHtmlCacheBehavior [ RunTime:0.000825s ]
INFO: [ app_begin ] --END-- [ RunTime:0.000945s ]
INFO: [ app_end ] --START--
INFO: Run Behavior\ShowPageTraceBehavior [ RunTime:0.001065s ]
INFO: [ app_end ] --END-- [ RunTime:0.001466s ]

[ 2018-12-12T23:51:21+08:00 ] ::1 /LunWen/main/index.php/Admin/Data/getWeekData
INFO: [ app_init ] --START--
INFO: Run Behavior\BuildLiteBehavior [ RunTime:0.000023s ]
INFO: [ app_init ] --END-- [ RunTime:0.000396s ]
INFO: [ app_begin ] --START--
INFO: Run Behavior\ReadHtmlCacheBehavior [ RunTime:0.000543s ]
INFO: [ app_begin ] --END-- [ RunTime:0.000648s ]
INFO: [ app_end ] --START--
INFO: Run Behavior\ShowPageTraceBehavior [ RunTime:0.000590s ]
INFO: [ app_end ] --END-- [ RunTime:0.000699s ]

[ 2018-12-12T23:52:20+08:00 ] ::1 /LunWen/main/index.php/Admin/Data/getWeekData
INFO: [ app_init ] --START--
INFO: Run Behavior\BuildLiteBehavior [ RunTime:0.000022s ]
INFO: [ app_init ] --END-- [ RunTime:0.000602s ]
INFO: [ app_begin ] --START--
INFO: Run Behavior\ReadHtmlCacheBehavior [ RunTime:0.000522s ]
INFO: [ app_begin ] --END-- [ RunTime:0.000673s ]
INFO: [ app_end ] --START--
INFO: Run Behavior\ShowPageTraceBehavior [ RunTime:0.001520s ]
INFO: [ app_end ] --END-- [ RunTime:0.001758s ]

[ 2018-12-12T23:52:22+08:00 ] ::1 /LunWen/main/index.php/Admin/Data/getWeekData
INFO: [ app_init ] --START--
INFO: Run Behavior\BuildLiteBehavior [ RunTime:0.000022s ]
INFO: [ app_init ] --END-- [ RunTime:0.000384s ]
INFO: [ app_begin ] --START--
INFO: Run Behavior\ReadHtmlCacheBehavior [ RunTime:0.000484s ]
INFO: [ app_begin ] --END-- [ RunTime:0.000581s ]
INFO: [ app_end ] --START--
INFO: Run Behavior\ShowPageTraceBehavior [ RunTime:0.001096s ]
INFO: [ app_end ] --END-- [ RunTime:0.001520s ]

[ 2018-12-12T23:52:22+08:00 ] ::1 /LunWen/main/index.php/Admin/Data/getWeekData
INFO: [ app_init ] --START--
INFO: Run Behavior\BuildLiteBehavior [ RunTime:0.000034s ]
INFO: [ app_init ] --END-- [ RunTime:0.000502s ]
INFO: [ app_begin ] --START--
INFO: Run Behavior\ReadHtmlCacheBehavior [ RunTime:0.001000s ]
INFO: [ app_begin ] --END-- [ RunTime:0.001385s ]
INFO: [ app_end ] --START--
INFO: Run Behavior\ShowPageTraceBehavior [ RunTime:0.000611s ]
INFO: [ app_end ] --END-- [ RunTime:0.000722s ]

[ 2018-12-12T23:52:23+08:00 ] ::1 /LunWen/main/index.php/Admin/Data/getWeekData
INFO: [ app_init ] --START--
INFO: Run Behavior\BuildLiteBehavior [ RunTime:0.000034s ]
INFO: [ app_init ] --END-- [ RunTime:0.000762s ]
INFO: [ app_begin ] --START--
INFO: Run Behavior\ReadHtmlCacheBehavior [ RunTime:0.001057s ]
INFO: [ app_begin ] --END-- [ RunTime:0.001314s ]
INFO: [ app_end ] --START--
INFO: Run Behavior\ShowPageTraceBehavior [ RunTime:0.000487s ]
INFO: [ app_end ] --END-- [ RunTime:0.000590s ]

[ 2018-12-12T23:52:23+08:00 ] ::1 /LunWen/main/index.php/Admin/Data/getWeekData
INFO: [ app_init ] --START--
INFO: Run Behavior\BuildLiteBehavior [ RunTime:0.000021s ]
INFO: [ app_init ] --END-- [ RunTime:0.000349s ]
INFO: [ app_begin ] --START--
INFO: Run Behavior\ReadHtmlCacheBehavior [ RunTime:0.000842s ]
INFO: [ app_begin ] --END-- [ RunTime:0.001105s ]
INFO: [ app_end ] --START--
INFO: Run Behavior\ShowPageTraceBehavior [ RunTime:0.000760s ]
INFO: [ app_end ] --END-- [ RunTime:0.000935s ]

