[ 2019-03-21T17:37:35+08:00 ] ::1 /LunWen/main/index.php/admin
INFO: [ app_init ] --START--
INFO: Run Behavior\BuildLiteBehavior [ RunTime:0.000017s ]
INFO: [ app_init ] --END-- [ RunTime:0.000411s ]
INFO: [ app_begin ] --START--
INFO: Run Behavior\ReadHtmlCacheBehavior [ RunTime:0.000744s ]
INFO: [ app_begin ] --END-- [ RunTime:0.001011s ]
INFO: [ view_parse ] --START--
INFO: [ template_filter ] --START--
INFO: Run Behavior\ContentReplaceBehavior [ RunTime:0.000039s ]
INFO: [ template_filter ] --END-- [ RunTime:0.000101s ]
NOTIC: [8] Undefined variable: message D:\wamp64\www\LunWen\main\Runtime\Cache\Admin\b5ef08fa5e64640072374cae7edf8894.php 第 51 行.
INFO: Run Behavior\ParseTemplateBehavior [ RunTime:0.005343s ]
INFO: [ view_parse ] --END-- [ RunTime:0.005440s ]
INFO: [ view_filter ] --START--
INFO: Run Behavior\WriteHtmlCacheBehavior [ RunTime:0.000281s ]
INFO: [ view_filter ] --END-- [ RunTime:0.000330s ]

[ 2019-03-21T17:37:37+08:00 ] ::1 /LunWen/main/index.php/Admin/login
INFO: [ app_init ] --START--
INFO: Run Behavior\BuildLiteBehavior [ RunTime:0.000014s ]
INFO: [ app_init ] --END-- [ RunTime:0.000300s ]
INFO: [ app_begin ] --START--
INFO: Run Behavior\ReadHtmlCacheBehavior [ RunTime:0.000306s ]
INFO: [ app_begin ] --END-- [ RunTime:0.000361s ]
SQL: SHOW COLUMNS FROM `user` [ RunTime:0.0026s ]
SQL: UPDATE `user` SET `user_statu`='0',`sessionid`='' WHERE ( username='' ) [ RunTime:0.0010s ]
INFO: [ view_parse ] --START--
INFO: [ template_filter ] --START--
INFO: Run Behavior\ContentReplaceBehavior [ RunTime:0.000044s ]
INFO: [ template_filter ] --END-- [ RunTime:0.000104s ]
INFO: Run Behavior\ParseTemplateBehavior [ RunTime:0.004438s ]
INFO: [ view_parse ] --END-- [ RunTime:0.004505s ]
INFO: [ view_filter ] --START--
INFO: Run Behavior\WriteHtmlCacheBehavior [ RunTime:0.000197s ]
INFO: [ view_filter ] --END-- [ RunTime:0.000247s ]
INFO: [ app_end ] --START--
INFO: Run Behavior\ShowPageTraceBehavior [ RunTime:0.000483s ]
INFO: [ app_end ] --END-- [ RunTime:0.000534s ]

[ 2019-03-21T17:37:50+08:00 ] ::1 /LunWen/main/index.php/Admin/login.html
INFO: [ app_init ] --START--
INFO: Run Behavior\BuildLiteBehavior [ RunTime:0.000014s ]
INFO: [ app_init ] --END-- [ RunTime:0.000318s ]
INFO: [ app_begin ] --START--
INFO: Run Behavior\ReadHtmlCacheBehavior [ RunTime:0.000971s ]
INFO: [ app_begin ] --END-- [ RunTime:0.001063s ]
SQL: SHOW COLUMNS FROM `user` [ RunTime:0.0011s ]
SQL: UPDATE `user` SET `user_statu`='0',`sessionid`='' WHERE ( username='' ) [ RunTime:0.0003s ]
SQL: SHOW COLUMNS FROM `school` [ RunTime:0.0034s ]
SQL: SELECT * FROM `school` WHERE ( school_name='景德镇陶瓷大学科技艺术学院' )  [ RunTime:0.0008s ]
SQL: SELECT * FROM `user`  [ RunTime:0.0004s ]
SQL: SELECT * FROM `user` WHERE `username` = '' AND `school_name` = '景德镇陶瓷大学科技艺术学院' LIMIT 1   [ RunTime:0.0003s ]
INFO: [ view_parse ] --START--
INFO: [ template_filter ] --START--
INFO: Run Behavior\ContentReplaceBehavior [ RunTime:0.000039s ]
INFO: [ template_filter ] --END-- [ RunTime:0.000098s ]
NOTIC: [8] Undefined variable: message D:\wamp64\www\LunWen\main\Runtime\Cache\Admin\b5ef08fa5e64640072374cae7edf8894.php 第 51 行.
INFO: Run Behavior\ParseTemplateBehavior [ RunTime:0.004849s ]
INFO: [ view_parse ] --END-- [ RunTime:0.004903s ]
INFO: [ view_filter ] --START--
INFO: Run Behavior\WriteHtmlCacheBehavior [ RunTime:0.000309s ]
INFO: [ view_filter ] --END-- [ RunTime:0.000358s ]

[ 2019-03-21T17:37:59+08:00 ] ::1 /LunWen/main/index.php/Admin/login.html
INFO: [ app_init ] --START--
INFO: Run Behavior\BuildLiteBehavior [ RunTime:0.000013s ]
INFO: [ app_init ] --END-- [ RunTime:0.000320s ]
INFO: [ app_begin ] --START--
INFO: Run Behavior\ReadHtmlCacheBehavior [ RunTime:0.000439s ]
INFO: [ app_begin ] --END-- [ RunTime:0.000495s ]
SQL: SHOW COLUMNS FROM `user` [ RunTime:0.0017s ]
SQL: UPDATE `user` SET `user_statu`='0',`sessionid`='' WHERE ( username='' ) [ RunTime:0.0004s ]
SQL: SHOW COLUMNS FROM `school` [ RunTime:0.0009s ]
SQL: SELECT * FROM `school` WHERE ( school_name='景德镇陶瓷大学科技艺术学院' )  [ RunTime:0.0003s ]
SQL: SELECT * FROM `user`  [ RunTime:0.0002s ]
SQL: SELECT * FROM `user` WHERE `username` = 'xubei' AND `school_name` = '景德镇陶瓷大学科技艺术学院' LIMIT 1   [ RunTime:0.0002s ]
SQL: UPDATE `user` SET `user_id`='1',`school_name`='景德镇陶瓷大学科技艺术学院',`username`='xubei',`password`='b189adf1860a70fedf7e5fb765333263',`phone`='18579250335',`salt`='(h)a&a(j',`user_statu`='1',`start_time`='2019-03-21 17:37:59',`off_time`=NULL,`host`='::1',`type`='1',`sessionid`='834483880478718' WHERE ( username='xubei' ) [ RunTime:0.0003s ]
INFO: [ view_parse ] --START--
INFO: [ template_filter ] --START--
INFO: Run Behavior\ContentReplaceBehavior [ RunTime:0.000038s ]
INFO: [ template_filter ] --END-- [ RunTime:0.000093s ]
INFO: Run Behavior\ParseTemplateBehavior [ RunTime:0.004602s ]
INFO: [ view_parse ] --END-- [ RunTime:0.004659s ]
INFO: [ view_filter ] --START--
INFO: Run Behavior\WriteHtmlCacheBehavior [ RunTime:0.000265s ]
INFO: [ view_filter ] --END-- [ RunTime:0.000316s ]
INFO: [ view_parse ] --START--
INFO: [ template_filter ] --START--
INFO: Run Behavior\ContentReplaceBehavior [ RunTime:0.000037s ]
INFO: [ template_filter ] --END-- [ RunTime:-0.002069s ]
INFO: Run Behavior\ParseTemplateBehavior [ RunTime:0.001817s ]
INFO: [ view_parse ] --END-- [ RunTime:-0.000561s ]
INFO: [ view_filter ] --START--
INFO: Run Behavior\WriteHtmlCacheBehavior [ RunTime:0.000021s ]
INFO: [ view_filter ] --END-- [ RunTime:-0.002148s ]
INFO: [ app_end ] --START--
INFO: Run Behavior\ShowPageTraceBehavior [ RunTime:0.000788s ]
INFO: [ app_end ] --END-- [ RunTime:0.000876s ]

[ 2019-03-21T17:38:00+08:00 ] ::1 /LunWen/main/index.php/Admin/index.html
INFO: [ app_init ] --START--
INFO: Run Behavior\BuildLiteBehavior [ RunTime:0.000014s ]
INFO: [ app_init ] --END-- [ RunTime:0.000277s ]
INFO: [ app_begin ] --START--
INFO: Run Behavior\ReadHtmlCacheBehavior [ RunTime:0.000328s ]
INFO: [ app_begin ] --END-- [ RunTime:0.000383s ]
SQL: SHOW COLUMNS FROM `user` [ RunTime:0.0008s ]
SQL: SELECT * FROM `user` WHERE ( username='xubei' )  [ RunTime:0.0003s ]
SQL: SHOW COLUMNS FROM `school` [ RunTime:0.0010s ]
SQL: SELECT * FROM `school` WHERE ( school_key='a0bef1cfbe3ac7c60122688bb57361d4' ) LIMIT 1   [ RunTime:0.0003s ]
SQL: SELECT * FROM `school`  [ RunTime:0.0002s ]
SQL: SHOW COLUMNS FROM `lunwen` [ RunTime:0.0029s ]
SQL: SELECT * FROM `lunwen` WHERE ( school_name='景德镇陶瓷大学科技艺术学院' )  [ RunTime:0.0003s ]
SQL: SHOW COLUMNS FROM `lunwenbook` [ RunTime:0.0020s ]
SQL: SELECT * FROM `lunwenbook` WHERE ( school_name='景德镇陶瓷大学科技艺术学院' )  [ RunTime:0.0002s ]
SQL: SELECT * FROM `user` WHERE ( school_name='景德镇陶瓷大学科技艺术学院' )  [ RunTime:0.0002s ]
SQL: SHOW COLUMNS FROM `consumer` [ RunTime:0.0022s ]
SQL: SELECT * FROM `consumer` WHERE ( school_name='景德镇陶瓷大学科技艺术学院' )  [ RunTime:0.0006s ]
SQL: SHOW COLUMNS FROM `poplunwen` [ RunTime:0.0023s ]
SQL: SELECT * FROM `poplunwen` WHERE ( school_name='景德镇陶瓷大学科技艺术学院' and todaytime='2019-03-21' )  [ RunTime:0.0002s ]
SQL: SHOW COLUMNS FROM `sele` [ RunTime:0.0021s ]
SQL: SELECT * FROM `sele` WHERE ( school_name='景德镇陶瓷大学科技艺术学院' )  [ RunTime:0.0006s ]
SQL: SHOW COLUMNS FROM `adminvist` [ RunTime:0.0022s ]
SQL: SELECT * FROM `adminvist` WHERE ( adminvist_ip='::1' and adminvist_time='2019-03-21' )  [ RunTime:0.0005s ]
SQL: INSERT INTO `adminvist` (`adminvist_ip`,`adminvist_time`) VALUES ('::1','2019-03-21') [ RunTime:0.0003s ]
SQL: SELECT * FROM `user` WHERE ( school_name='景德镇陶瓷大学科技艺术学院' and username='xubei' ) LIMIT 1   [ RunTime:0.0003s ]
INFO: [ view_parse ] --START--
INFO: [ template_filter ] --START--
INFO: Run Behavior\ContentReplaceBehavior [ RunTime:0.000139s ]
INFO: [ template_filter ] --END-- [ RunTime:0.000312s ]
INFO: Run Behavior\ParseTemplateBehavior [ RunTime:0.014935s ]
INFO: [ view_parse ] --END-- [ RunTime:0.015059s ]
INFO: [ view_filter ] --START--
INFO: Run Behavior\WriteHtmlCacheBehavior [ RunTime:0.000213s ]
INFO: [ view_filter ] --END-- [ RunTime:0.000263s ]
INFO: [ app_end ] --START--
INFO: Run Behavior\ShowPageTraceBehavior [ RunTime:0.000598s ]
INFO: [ app_end ] --END-- [ RunTime:0.000698s ]

[ 2019-03-21T17:38:01+08:00 ] ::1 /LunWen/main/index.php/Admin/Data/getWeekData
INFO: [ app_init ] --START--
INFO: Run Behavior\BuildLiteBehavior [ RunTime:0.000041s ]
INFO: [ app_init ] --END-- [ RunTime:0.000553s ]
INFO: [ app_begin ] --START--
INFO: Run Behavior\ReadHtmlCacheBehavior [ RunTime:0.000577s ]
INFO: [ app_begin ] --END-- [ RunTime:0.000675s ]
SQL: SHOW COLUMNS FROM `school` [ RunTime:0.0010s ]
SQL: SELECT * FROM `school`  [ RunTime:0.0003s ]
SQL: SHOW COLUMNS FROM `borrow` [ RunTime:0.0024s ]
SQL: SHOW COLUMNS FROM `likeclick` [ RunTime:0.0023s ]
SQL: SELECT * FROM `likeclick` WHERE ( click_date>=1552838400 and click_date<1552924800 and school_name='景德镇陶瓷大学科技艺术学院' )  [ RunTime:0.0003s ]
SQL: SELECT * FROM `borrow` WHERE ( borrow_time>=1552838400 and borrow_time<1552924800 and school_name='景德镇陶瓷大学科技艺术学院' )  [ RunTime:0.0002s ]
SQL: SHOW COLUMNS FROM `consumer` [ RunTime:0.0012s ]
SQL: SELECT * FROM `consumer` WHERE ( reg_time>=1552838400 and reg_time<1552924800 and school_name='景德镇陶瓷大学科技艺术学院' )  [ RunTime:0.0004s ]
SQL: SELECT * FROM `likeclick` WHERE ( click_date>=1552924800 and click_date<1553011200 and school_name='景德镇陶瓷大学科技艺术学院' )  [ RunTime:0.0003s ]
SQL: SELECT * FROM `borrow` WHERE ( borrow_time>=1552924800 and borrow_time<1553011200 and school_name='景德镇陶瓷大学科技艺术学院' )  [ RunTime:0.0002s ]
SQL: SELECT * FROM `consumer` WHERE ( reg_time>=1552924800 and reg_time<1553011200 and school_name='景德镇陶瓷大学科技艺术学院' )  [ RunTime:0.0003s ]
SQL: SELECT * FROM `likeclick` WHERE ( click_date>=1553011200 and click_date<1553097600 and school_name='景德镇陶瓷大学科技艺术学院' )  [ RunTime:0.0002s ]
SQL: SELECT * FROM `borrow` WHERE ( borrow_time>=1553011200 and borrow_time<1553097600 and school_name='景德镇陶瓷大学科技艺术学院' )  [ RunTime:0.0002s ]
SQL: SELECT * FROM `consumer` WHERE ( reg_time>=1553011200 and reg_time<1553097600 and school_name='景德镇陶瓷大学科技艺术学院' )  [ RunTime:0.0003s ]
SQL: SELECT * FROM `likeclick` WHERE ( click_date>=1553097600 and click_date<1553184000 and school_name='景德镇陶瓷大学科技艺术学院' )  [ RunTime:0.0002s ]
SQL: SELECT * FROM `borrow` WHERE ( borrow_time>=1553097600 and borrow_time<1553184000 and school_name='景德镇陶瓷大学科技艺术学院' )  [ RunTime:0.0002s ]
SQL: SELECT * FROM `consumer` WHERE ( reg_time>=1553097600 and reg_time<1553184000 and school_name='景德镇陶瓷大学科技艺术学院' )  [ RunTime:0.0002s ]
NOTIC: [8] Undefined offset: 5 D:\wamp64\www\LunWen\main\Admin\Controller\DataController.class.php 第 436 行.
NOTIC: [8] Undefined offset: 6 D:\wamp64\www\LunWen\main\Admin\Controller\DataController.class.php 第 436 行.
NOTIC: [8] Undefined offset: 7 D:\wamp64\www\LunWen\main\Admin\Controller\DataController.class.php 第 436 行.
INFO: [ app_end ] --START--
INFO: Run Behavior\ShowPageTraceBehavior [ RunTime:0.000880s ]
INFO: [ app_end ] --END-- [ RunTime:0.001028s ]

[ 2019-03-21T17:38:01+08:00 ] ::1 /LunWen/main/index.php/Admin/Data/getMonthData
INFO: [ app_init ] --START--
INFO: Run Behavior\BuildLiteBehavior [ RunTime:0.000037s ]
INFO: [ app_init ] --END-- [ RunTime:0.000586s ]
INFO: [ app_begin ] --START--
INFO: Run Behavior\ReadHtmlCacheBehavior [ RunTime:0.000617s ]
INFO: [ app_begin ] --END-- [ RunTime:0.000739s ]
SQL: SHOW COLUMNS FROM `school` [ RunTime:0.0011s ]
SQL: SELECT * FROM `school`  [ RunTime:0.0004s ]
SQL: SHOW COLUMNS FROM `poplunwen` [ RunTime:0.0011s ]
SQL: SELECT * FROM `poplunwen` WHERE ( todaytime>='2019-02-19' and todaytime<='2019-03-21' and school_name='景德镇陶瓷大学科技艺术学院' )  [ RunTime:0.0003s ]
SQL: SHOW COLUMNS FROM `sele` [ RunTime:0.0009s ]
SQL: SELECT * FROM `sele` WHERE ( school_name='景德镇陶瓷大学科技艺术学院' )  [ RunTime:0.0004s ]
NOTIC: [2] Division by zero D:\wamp64\www\LunWen\main\Admin\Controller\DataController.class.php 第 494 行.
NOTIC: [2] Division by zero D:\wamp64\www\LunWen\main\Admin\Controller\DataController.class.php 第 494 行.
NOTIC: [2] Division by zero D:\wamp64\www\LunWen\main\Admin\Controller\DataController.class.php 第 494 行.
NOTIC: [2] Division by zero D:\wamp64\www\LunWen\main\Admin\Controller\DataController.class.php 第 494 行.
NOTIC: [8] Undefined index: 其他 D:\wamp64\www\LunWen\main\Admin\Controller\DataController.class.php 第 499 行.
NOTIC: [2] Division by zero D:\wamp64\www\LunWen\main\Admin\Controller\DataController.class.php 第 494 行.
NOTIC: [2] Division by zero D:\wamp64\www\LunWen\main\Admin\Controller\DataController.class.php 第 494 行.
NOTIC: [2] Division by zero D:\wamp64\www\LunWen\main\Admin\Controller\DataController.class.php 第 494 行.
NOTIC: [2] Division by zero D:\wamp64\www\LunWen\main\Admin\Controller\DataController.class.php 第 494 行.
NOTIC: [2] Division by zero D:\wamp64\www\LunWen\main\Admin\Controller\DataController.class.php 第 494 行.
INFO: [ app_end ] --START--
INFO: Run Behavior\ShowPageTraceBehavior [ RunTime:0.000661s ]
INFO: [ app_end ] --END-- [ RunTime:0.000788s ]

[ 2019-03-21T17:38:09+08:00 ] ::1 /LunWen/main/index.php/Admin/sendMessage.html
INFO: [ app_init ] --START--
INFO: Run Behavior\BuildLiteBehavior [ RunTime:0.000015s ]
INFO: [ app_init ] --END-- [ RunTime:0.000288s ]
INFO: [ app_begin ] --START--
INFO: Run Behavior\ReadHtmlCacheBehavior [ RunTime:0.000345s ]
INFO: [ app_begin ] --END-- [ RunTime:0.000403s ]
SQL: SHOW COLUMNS FROM `user` [ RunTime:0.0008s ]
SQL: SELECT * FROM `user` WHERE ( username='xubei' )  [ RunTime:0.0003s ]
SQL: SHOW COLUMNS FROM `school` [ RunTime:0.0007s ]
SQL: SELECT * FROM `school` WHERE ( school_key='a0bef1cfbe3ac7c60122688bb57361d4' ) LIMIT 1   [ RunTime:0.0002s ]
SQL: SELECT * FROM `school`  [ RunTime:0.0002s ]
SQL: SHOW COLUMNS FROM `message` [ RunTime:0.0027s ]
SQL: SELECT * FROM `message` WHERE ( school_name='景德镇陶瓷大学科技艺术学院' )  [ RunTime:0.0003s ]
INFO: [ view_parse ] --START--
INFO: [ template_filter ] --START--
INFO: Run Behavior\ContentReplaceBehavior [ RunTime:0.000135s ]
INFO: [ template_filter ] --END-- [ RunTime:0.000252s ]
INFO: Run Behavior\ParseTemplateBehavior [ RunTime:0.009378s ]
INFO: [ view_parse ] --END-- [ RunTime:0.009441s ]
INFO: [ view_filter ] --START--
INFO: Run Behavior\WriteHtmlCacheBehavior [ RunTime:0.000198s ]
INFO: [ view_filter ] --END-- [ RunTime:0.000247s ]
INFO: [ app_end ] --START--
INFO: Run Behavior\ShowPageTraceBehavior [ RunTime:0.000381s ]
INFO: [ app_end ] --END-- [ RunTime:0.000435s ]

[ 2019-03-21T17:38:09+08:00 ] ::1 /LunWen/main/index.php/Admin/Data/getWeekData
INFO: [ app_init ] --START--
INFO: Run Behavior\BuildLiteBehavior [ RunTime:0.000013s ]
INFO: [ app_init ] --END-- [ RunTime:0.000275s ]
INFO: [ app_begin ] --START--
INFO: Run Behavior\ReadHtmlCacheBehavior [ RunTime:0.000298s ]
INFO: [ app_begin ] --END-- [ RunTime:0.000344s ]
SQL: SHOW COLUMNS FROM `school` [ RunTime:0.0008s ]
SQL: SELECT * FROM `school`  [ RunTime:0.0003s ]
SQL: SHOW COLUMNS FROM `borrow` [ RunTime:0.0008s ]
SQL: SHOW COLUMNS FROM `likeclick` [ RunTime:0.0006s ]
SQL: SELECT * FROM `likeclick` WHERE ( click_date>=1552838400 and click_date<1552924800 and school_name='景德镇陶瓷大学科技艺术学院' )  [ RunTime:0.0002s ]
SQL: SELECT * FROM `borrow` WHERE ( borrow_time>=1552838400 and borrow_time<1552924800 and school_name='景德镇陶瓷大学科技艺术学院' )  [ RunTime:0.0002s ]
SQL: SHOW COLUMNS FROM `consumer` [ RunTime:0.0006s ]
SQL: SELECT * FROM `consumer` WHERE ( reg_time>=1552838400 and reg_time<1552924800 and school_name='景德镇陶瓷大学科技艺术学院' )  [ RunTime:0.0002s ]
SQL: SELECT * FROM `likeclick` WHERE ( click_date>=1552924800 and click_date<1553011200 and school_name='景德镇陶瓷大学科技艺术学院' )  [ RunTime:0.0002s ]
SQL: SELECT * FROM `borrow` WHERE ( borrow_time>=1552924800 and borrow_time<1553011200 and school_name='景德镇陶瓷大学科技艺术学院' )  [ RunTime:0.0002s ]
SQL: SELECT * FROM `consumer` WHERE ( reg_time>=1552924800 and reg_time<1553011200 and school_name='景德镇陶瓷大学科技艺术学院' )  [ RunTime:0.0002s ]
SQL: SELECT * FROM `likeclick` WHERE ( click_date>=1553011200 and click_date<1553097600 and school_name='景德镇陶瓷大学科技艺术学院' )  [ RunTime:0.0002s ]
SQL: SELECT * FROM `borrow` WHERE ( borrow_time>=1553011200 and borrow_time<1553097600 and school_name='景德镇陶瓷大学科技艺术学院' )  [ RunTime:0.0002s ]
SQL: SELECT * FROM `consumer` WHERE ( reg_time>=1553011200 and reg_time<1553097600 and school_name='景德镇陶瓷大学科技艺术学院' )  [ RunTime:0.0002s ]
SQL: SELECT * FROM `likeclick` WHERE ( click_date>=1553097600 and click_date<1553184000 and school_name='景德镇陶瓷大学科技艺术学院' )  [ RunTime:0.0001s ]
SQL: SELECT * FROM `borrow` WHERE ( borrow_time>=1553097600 and borrow_time<1553184000 and school_name='景德镇陶瓷大学科技艺术学院' )  [ RunTime:0.0002s ]
SQL: SELECT * FROM `consumer` WHERE ( reg_time>=1553097600 and reg_time<1553184000 and school_name='景德镇陶瓷大学科技艺术学院' )  [ RunTime:0.0002s ]
NOTIC: [8] Undefined offset: 5 D:\wamp64\www\LunWen\main\Admin\Controller\DataController.class.php 第 436 行.
NOTIC: [8] Undefined offset: 6 D:\wamp64\www\LunWen\main\Admin\Controller\DataController.class.php 第 436 行.
NOTIC: [8] Undefined offset: 7 D:\wamp64\www\LunWen\main\Admin\Controller\DataController.class.php 第 436 行.
INFO: [ app_end ] --START--
INFO: Run Behavior\ShowPageTraceBehavior [ RunTime:0.000554s ]
INFO: [ app_end ] --END-- [ RunTime:0.000624s ]

[ 2019-03-21T17:38:09+08:00 ] ::1 /LunWen/main/index.php/Admin/Data/getMonthData
INFO: [ app_init ] --START--
INFO: Run Behavior\BuildLiteBehavior [ RunTime:0.000014s ]
INFO: [ app_init ] --END-- [ RunTime:0.000269s ]
INFO: [ app_begin ] --START--
INFO: Run Behavior\ReadHtmlCacheBehavior [ RunTime:0.000299s ]
INFO: [ app_begin ] --END-- [ RunTime:0.000345s ]
SQL: SHOW COLUMNS FROM `school` [ RunTime:0.0010s ]
SQL: SELECT * FROM `school`  [ RunTime:0.0003s ]
SQL: SHOW COLUMNS FROM `poplunwen` [ RunTime:0.0008s ]
SQL: SELECT * FROM `poplunwen` WHERE ( todaytime>='2019-02-19' and todaytime<='2019-03-21' and school_name='景德镇陶瓷大学科技艺术学院' )  [ RunTime:0.0002s ]
SQL: SHOW COLUMNS FROM `sele` [ RunTime:0.0006s ]
SQL: SELECT * FROM `sele` WHERE ( school_name='景德镇陶瓷大学科技艺术学院' )  [ RunTime:0.0002s ]
NOTIC: [2] Division by zero D:\wamp64\www\LunWen\main\Admin\Controller\DataController.class.php 第 494 行.
NOTIC: [2] Division by zero D:\wamp64\www\LunWen\main\Admin\Controller\DataController.class.php 第 494 行.
NOTIC: [2] Division by zero D:\wamp64\www\LunWen\main\Admin\Controller\DataController.class.php 第 494 行.
NOTIC: [2] Division by zero D:\wamp64\www\LunWen\main\Admin\Controller\DataController.class.php 第 494 行.
NOTIC: [8] Undefined index: 其他 D:\wamp64\www\LunWen\main\Admin\Controller\DataController.class.php 第 499 行.
NOTIC: [2] Division by zero D:\wamp64\www\LunWen\main\Admin\Controller\DataController.class.php 第 494 行.
NOTIC: [2] Division by zero D:\wamp64\www\LunWen\main\Admin\Controller\DataController.class.php 第 494 行.
NOTIC: [2] Division by zero D:\wamp64\www\LunWen\main\Admin\Controller\DataController.class.php 第 494 行.
NOTIC: [2] Division by zero D:\wamp64\www\LunWen\main\Admin\Controller\DataController.class.php 第 494 行.
NOTIC: [2] Division by zero D:\wamp64\www\LunWen\main\Admin\Controller\DataController.class.php 第 494 行.
INFO: [ app_end ] --START--
INFO: Run Behavior\ShowPageTraceBehavior [ RunTime:0.004521s ]
INFO: [ app_end ] --END-- [ RunTime:0.004638s ]

