[ 2018-12-21T12:45:53+08:00 ] ::1 /LunWen/main/index.php/Data/getWeekData
INFO: [ app_init ] --START--
INFO: Run Behavior\BuildLiteBehavior [ RunTime:0.000035s ]
INFO: [ app_init ] --END-- [ RunTime:0.000553s ]
ERR: 无法加载模块:Data

[ 2018-12-21T12:45:53+08:00 ] ::1 /LunWen/main/index.php/Data/getMonthData
INFO: [ app_init ] --START--
INFO: Run Behavior\BuildLiteBehavior [ RunTime:0.000020s ]
INFO: [ app_init ] --END-- [ RunTime:0.000347s ]
ERR: 无法加载模块:Data

[ 2018-12-21T12:49:38+08:00 ] ::1 /LunWen/main/index.php/Data/getWeekData
INFO: [ app_init ] --START--
INFO: Run Behavior\BuildLiteBehavior [ RunTime:0.000020s ]
INFO: [ app_init ] --END-- [ RunTime:0.000345s ]
ERR: 无法加载模块:Data

[ 2018-12-21T12:49:38+08:00 ] ::1 /LunWen/main/index.php/Data/getMonthData
INFO: [ app_init ] --START--
INFO: Run Behavior\BuildLiteBehavior [ RunTime:0.000019s ]
INFO: [ app_init ] --END-- [ RunTime:0.000362s ]
ERR: 无法加载模块:Data

[ 2018-12-21T12:49:39+08:00 ] ::1 /LunWen/main/index.php/Data/getWeekData
INFO: [ app_init ] --START--
INFO: Run Behavior\BuildLiteBehavior [ RunTime:0.000020s ]
INFO: [ app_init ] --END-- [ RunTime:0.000344s ]
ERR: 无法加载模块:Data

[ 2018-12-21T12:49:39+08:00 ] ::1 /LunWen/main/index.php/Data/getMonthData
INFO: [ app_init ] --START--
INFO: Run Behavior\BuildLiteBehavior [ RunTime:0.000020s ]
INFO: [ app_init ] --END-- [ RunTime:0.000356s ]
ERR: 无法加载模块:Data

[ 2018-12-21T12:49:50+08:00 ] ::1 /LunWen/main/index.php/Data/getWeekData
INFO: [ app_init ] --START--
INFO: Run Behavior\BuildLiteBehavior [ RunTime:0.000021s ]
INFO: [ app_init ] --END-- [ RunTime:0.000412s ]
ERR: 无法加载模块:Data

[ 2018-12-21T12:49:50+08:00 ] ::1 /LunWen/main/index.php/Data/getMonthData
INFO: [ app_init ] --START--
INFO: Run Behavior\BuildLiteBehavior [ RunTime:0.000020s ]
INFO: [ app_init ] --END-- [ RunTime:0.000360s ]
ERR: 无法加载模块:Data

[ 2018-12-21T13:08:50+08:00 ] ::1 /LunWen/main/index.php/Data/getWeekData
INFO: [ app_init ] --START--
INFO: Run Behavior\BuildLiteBehavior [ RunTime:0.000025s ]
INFO: [ app_init ] --END-- [ RunTime:0.000684s ]
ERR: 无法加载模块:Data

[ 2018-12-21T13:08:50+08:00 ] ::1 /LunWen/main/index.php/Data/getMonthData
INFO: [ app_init ] --START--
INFO: Run Behavior\BuildLiteBehavior [ RunTime:0.000033s ]
INFO: [ app_init ] --END-- [ RunTime:0.000544s ]
ERR: 无法加载模块:Data

[ 2018-12-21T13:08:58+08:00 ] ::1 /LunWen/main/index.php/Data/getWeekData
INFO: [ app_init ] --START--
INFO: Run Behavior\BuildLiteBehavior [ RunTime:0.000021s ]
INFO: [ app_init ] --END-- [ RunTime:0.000380s ]
ERR: 无法加载模块:Data

[ 2018-12-21T13:08:58+08:00 ] ::1 /LunWen/main/index.php/Data/getMonthData
INFO: [ app_init ] --START--
INFO: Run Behavior\BuildLiteBehavior [ RunTime:0.000019s ]
INFO: [ app_init ] --END-- [ RunTime:0.000351s ]
ERR: 无法加载模块:Data

[ 2018-12-21T13:08:58+08:00 ] ::1 /LunWen/main/index.php/Data/getWeekData
INFO: [ app_init ] --START--
INFO: Run Behavior\BuildLiteBehavior [ RunTime:0.000021s ]
INFO: [ app_init ] --END-- [ RunTime:0.000387s ]
ERR: 无法加载模块:Data

[ 2018-12-21T13:08:58+08:00 ] ::1 /LunWen/main/index.php/Data/getMonthData
INFO: [ app_init ] --START--
INFO: Run Behavior\BuildLiteBehavior [ RunTime:0.000022s ]
INFO: [ app_init ] --END-- [ RunTime:0.000393s ]
ERR: 无法加载模块:Data

[ 2018-12-21T13:08:59+08:00 ] ::1 /LunWen/main/index.php/Data/getWeekData
INFO: [ app_init ] --START--
INFO: Run Behavior\BuildLiteBehavior [ RunTime:0.000022s ]
INFO: [ app_init ] --END-- [ RunTime:0.000366s ]
ERR: 无法加载模块:Data

[ 2018-12-21T13:08:59+08:00 ] ::1 /LunWen/main/index.php/Data/getMonthData
INFO: [ app_init ] --START--
INFO: Run Behavior\BuildLiteBehavior [ RunTime:0.000019s ]
INFO: [ app_init ] --END-- [ RunTime:0.000400s ]
ERR: 无法加载模块:Data

[ 2018-12-21T13:09:12+08:00 ] ::1 /LunWen/main/index.php/Data/getWeekData
INFO: [ app_init ] --START--
INFO: Run Behavior\BuildLiteBehavior [ RunTime:0.000022s ]
INFO: [ app_init ] --END-- [ RunTime:0.000541s ]
ERR: 无法加载模块:Data

[ 2018-12-21T13:09:12+08:00 ] ::1 /LunWen/main/index.php/Data/getMonthData
INFO: [ app_init ] --START--
INFO: Run Behavior\BuildLiteBehavior [ RunTime:0.000045s ]
INFO: [ app_init ] --END-- [ RunTime:0.000534s ]
ERR: 无法加载模块:Data

[ 2018-12-21T13:10:12+08:00 ] ::1 /LunWen/main/index.php/Data/getWeekData
INFO: [ app_init ] --START--
INFO: Run Behavior\BuildLiteBehavior [ RunTime:0.000021s ]
INFO: [ app_init ] --END-- [ RunTime:0.000357s ]
ERR: 无法加载模块:Data

[ 2018-12-21T13:10:12+08:00 ] ::1 /LunWen/main/index.php/Data/getMonthData
INFO: [ app_init ] --START--
INFO: Run Behavior\BuildLiteBehavior [ RunTime:0.000109s ]
INFO: [ app_init ] --END-- [ RunTime:0.001732s ]
ERR: 无法加载模块:Data

[ 2018-12-21T13:19:08+08:00 ] ::1 /LunWen/main/index.php/Data/getWeekData
INFO: [ app_init ] --START--
INFO: Run Behavior\BuildLiteBehavior [ RunTime:0.000039s ]
INFO: [ app_init ] --END-- [ RunTime:0.000683s ]
ERR: 无法加载模块:Data

[ 2018-12-21T13:19:08+08:00 ] ::1 /LunWen/main/index.php/Data/getMonthData
INFO: [ app_init ] --START--
INFO: Run Behavior\BuildLiteBehavior [ RunTime:0.000021s ]
INFO: [ app_init ] --END-- [ RunTime:0.000345s ]
ERR: 无法加载模块:Data

[ 2018-12-21T13:21:55+08:00 ] ::1 /LunWen/main/index.php/Data/getWeekData
INFO: [ app_init ] --START--
INFO: Run Behavior\BuildLiteBehavior [ RunTime:0.000019s ]
INFO: [ app_init ] --END-- [ RunTime:0.000360s ]
ERR: 无法加载模块:Data

[ 2018-12-21T13:21:55+08:00 ] ::1 /LunWen/main/index.php/Data/getMonthData
INFO: [ app_init ] --START--
INFO: Run Behavior\BuildLiteBehavior [ RunTime:0.000021s ]
INFO: [ app_init ] --END-- [ RunTime:0.000373s ]
ERR: 无法加载模块:Data

[ 2018-12-21T13:39:31+08:00 ] ::1 /LunWen/main/index.php/Data/getWeekData
INFO: [ app_init ] --START--
INFO: Run Behavior\BuildLiteBehavior [ RunTime:0.000051s ]
INFO: [ app_init ] --END-- [ RunTime:0.000787s ]
ERR: 无法加载模块:Data

[ 2018-12-21T13:39:31+08:00 ] ::1 /LunWen/main/index.php/Data/getMonthData
INFO: [ app_init ] --START--
INFO: Run Behavior\BuildLiteBehavior [ RunTime:0.000021s ]
INFO: [ app_init ] --END-- [ RunTime:0.000365s ]
ERR: 无法加载模块:Data

[ 2018-12-21T13:41:10+08:00 ] ::1 /LunWen/main/index.php/Data/getWeekData
INFO: [ app_init ] --START--
INFO: Run Behavior\BuildLiteBehavior [ RunTime:0.000020s ]
INFO: [ app_init ] --END-- [ RunTime:0.000367s ]
ERR: 无法加载模块:Data

[ 2018-12-21T13:41:10+08:00 ] ::1 /LunWen/main/index.php/Data/getMonthData
INFO: [ app_init ] --START--
INFO: Run Behavior\BuildLiteBehavior [ RunTime:0.000022s ]
INFO: [ app_init ] --END-- [ RunTime:0.000384s ]
ERR: 无法加载模块:Data

[ 2018-12-21T13:41:11+08:00 ] ::1 /LunWen/main/index.php/Data/getWeekData
INFO: [ app_init ] --START--
INFO: Run Behavior\BuildLiteBehavior [ RunTime:0.000021s ]
INFO: [ app_init ] --END-- [ RunTime:0.000369s ]
ERR: 无法加载模块:Data

[ 2018-12-21T13:41:11+08:00 ] ::1 /LunWen/main/index.php/Data/getMonthData
INFO: [ app_init ] --START--
INFO: Run Behavior\BuildLiteBehavior [ RunTime:0.000019s ]
INFO: [ app_init ] --END-- [ RunTime:0.000344s ]
ERR: 无法加载模块:Data

[ 2018-12-21T13:41:14+08:00 ] ::1 /LunWen/main/index.php/Data/getWeekData
INFO: [ app_init ] --START--
INFO: Run Behavior\BuildLiteBehavior [ RunTime:0.000019s ]
INFO: [ app_init ] --END-- [ RunTime:0.000344s ]
ERR: 无法加载模块:Data

[ 2018-12-21T13:41:14+08:00 ] ::1 /LunWen/main/index.php/Data/getMonthData
INFO: [ app_init ] --START--
INFO: Run Behavior\BuildLiteBehavior [ RunTime:0.000020s ]
INFO: [ app_init ] --END-- [ RunTime:0.000348s ]
ERR: 无法加载模块:Data

[ 2018-12-21T13:41:34+08:00 ] ::1 /LunWen/main/index.php/Data/getWeekData
INFO: [ app_init ] --START--
INFO: Run Behavior\BuildLiteBehavior [ RunTime:0.000021s ]
INFO: [ app_init ] --END-- [ RunTime:0.000354s ]
ERR: 无法加载模块:Data

[ 2018-12-21T13:41:34+08:00 ] ::1 /LunWen/main/index.php/Data/getMonthData
INFO: [ app_init ] --START--
INFO: Run Behavior\BuildLiteBehavior [ RunTime:0.000020s ]
INFO: [ app_init ] --END-- [ RunTime:0.000368s ]
ERR: 无法加载模块:Data

[ 2018-12-21T13:41:35+08:00 ] ::1 /LunWen/main/index.php/Data/getWeekData
INFO: [ app_init ] --START--
INFO: Run Behavior\BuildLiteBehavior [ RunTime:0.000021s ]
INFO: [ app_init ] --END-- [ RunTime:0.000378s ]
ERR: 无法加载模块:Data

[ 2018-12-21T13:41:35+08:00 ] ::1 /LunWen/main/index.php/Data/getMonthData
INFO: [ app_init ] --START--
INFO: Run Behavior\BuildLiteBehavior [ RunTime:0.000021s ]
INFO: [ app_init ] --END-- [ RunTime:0.000392s ]
ERR: 无法加载模块:Data

[ 2018-12-21T14:46:51+08:00 ] ::1 /LunWen/main/index.php/Data/getWeekData
INFO: [ app_init ] --START--
INFO: Run Behavior\BuildLiteBehavior [ RunTime:0.000040s ]
INFO: [ app_init ] --END-- [ RunTime:0.000718s ]
ERR: 无法加载模块:Data

[ 2018-12-21T14:46:51+08:00 ] ::1 /LunWen/main/index.php/Data/getMonthData
INFO: [ app_init ] --START--
INFO: Run Behavior\BuildLiteBehavior [ RunTime:0.000021s ]
INFO: [ app_init ] --END-- [ RunTime:0.000387s ]
ERR: 无法加载模块:Data

[ 2018-12-21T14:47:03+08:00 ] ::1 /LunWen/main/index.php/Data/getWeekData
INFO: [ app_init ] --START--
INFO: Run Behavior\BuildLiteBehavior [ RunTime:0.000020s ]
INFO: [ app_init ] --END-- [ RunTime:0.000353s ]
ERR: 无法加载模块:Data

[ 2018-12-21T14:47:03+08:00 ] ::1 /LunWen/main/index.php/Data/getMonthData
INFO: [ app_init ] --START--
INFO: Run Behavior\BuildLiteBehavior [ RunTime:0.000020s ]
INFO: [ app_init ] --END-- [ RunTime:0.000354s ]
ERR: 无法加载模块:Data

[ 2018-12-21T17:27:57+08:00 ] ::1 /LunWen/main/index.php/Data/getWeekData
INFO: [ app_init ] --START--
INFO: Run Behavior\BuildLiteBehavior [ RunTime:0.000030s ]
INFO: [ app_init ] --END-- [ RunTime:0.000489s ]
ERR: 无法加载模块:Data

[ 2018-12-21T17:27:57+08:00 ] ::1 /LunWen/main/index.php/Data/getMonthData
INFO: [ app_init ] --START--
INFO: Run Behavior\BuildLiteBehavior [ RunTime:0.000023s ]
INFO: [ app_init ] --END-- [ RunTime:0.000406s ]
ERR: 无法加载模块:Data

[ 2018-12-21T17:28:12+08:00 ] ::1 /LunWen/main/index.php/Data/getRank?school=%E6%99%AF%E5%BE%B7%E9%95%87%E9%99%B6%E7%93%B7%E5%A4%A7%E5%AD%A6%E7%A7%91%E6%8A%80%E8%89%BA%E6%9C%AF%E5%AD%A6%E9%99%A2
INFO: [ app_init ] --START--
INFO: Run Behavior\BuildLiteBehavior [ RunTime:0.000033s ]
INFO: [ app_init ] --END-- [ RunTime:0.000560s ]
ERR: 无法加载模块:Data

[ 2018-12-21T17:29:47+08:00 ] ::1 /LunWen/main/index.php/Data/getRank?school=%E6%99%AF%E5%BE%B7%E9%95%87%E9%99%B6%E7%93%B7%E5%A4%A7%E5%AD%A6%E7%A7%91%E6%8A%80%E8%89%BA%E6%9C%AF%E5%AD%A6%E9%99%A2
INFO: [ app_init ] --START--
INFO: Run Behavior\BuildLiteBehavior [ RunTime:0.000040s ]
INFO: [ app_init ] --END-- [ RunTime:0.000671s ]
ERR: 无法加载模块:Data

[ 2018-12-21T17:30:01+08:00 ] ::1 /LunWen/main/index.php/Data/getRank?school=%E6%99%AF%E5%BE%B7%E9%95%87%E9%99%B6%E7%93%B7%E5%A4%A7%E5%AD%A6%E7%A7%91%E6%8A%80%E8%89%BA%E6%9C%AF%E5%AD%A6%E9%99%A2
INFO: [ app_init ] --START--
INFO: Run Behavior\BuildLiteBehavior [ RunTime:0.000036s ]
INFO: [ app_init ] --END-- [ RunTime:0.000574s ]
ERR: 无法加载模块:Data

[ 2018-12-21T17:30:03+08:00 ] ::1 /LunWen/main/index.php/Data/getRank?school=%E6%99%AF%E5%BE%B7%E9%95%87%E9%99%B6%E7%93%B7%E5%A4%A7%E5%AD%A6%E7%A7%91%E6%8A%80%E8%89%BA%E6%9C%AF%E5%AD%A6%E9%99%A2
INFO: [ app_init ] --START--
INFO: Run Behavior\BuildLiteBehavior [ RunTime:0.000035s ]
INFO: [ app_init ] --END-- [ RunTime:0.000566s ]
ERR: 无法加载模块:Data

[ 2018-12-21T17:30:11+08:00 ] ::1 /LunWen/main/index.php/Data/getRank?school=%E6%99%AF%E5%BE%B7%E9%95%87%E9%99%B6%E7%93%B7%E5%A4%A7%E5%AD%A6%E7%A7%91%E6%8A%80%E8%89%BA%E6%9C%AF%E5%AD%A6%E9%99%A2
INFO: [ app_init ] --START--
INFO: Run Behavior\BuildLiteBehavior [ RunTime:0.000033s ]
INFO: [ app_init ] --END-- [ RunTime:0.000543s ]
ERR: 无法加载模块:Data

[ 2018-12-21T17:43:57+08:00 ] ::1 /LunWen/main/index.php/Data/getRank?school=%E6%99%AF%E5%BE%B7%E9%95%87%E9%99%B6%E7%93%B7%E5%A4%A7%E5%AD%A6%E7%A7%91%E6%8A%80%E8%89%BA%E6%9C%AF%E5%AD%A6%E9%99%A2
INFO: [ app_init ] --START--
INFO: Run Behavior\BuildLiteBehavior [ RunTime:0.000040s ]
INFO: [ app_init ] --END-- [ RunTime:0.000483s ]
ERR: 无法加载模块:Data

[ 2018-12-21T17:44:00+08:00 ] ::1 /LunWen/main/index.php/Data/getWeekData
INFO: [ app_init ] --START--
INFO: Run Behavior\BuildLiteBehavior [ RunTime:0.000020s ]
INFO: [ app_init ] --END-- [ RunTime:0.000344s ]
ERR: 无法加载模块:Data

[ 2018-12-21T17:44:00+08:00 ] ::1 /LunWen/main/index.php/Data/getMonthData
INFO: [ app_init ] --START--
INFO: Run Behavior\BuildLiteBehavior [ RunTime:0.000034s ]
INFO: [ app_init ] --END-- [ RunTime:0.000636s ]
ERR: 无法加载模块:Data

[ 2018-12-21T17:44:07+08:00 ] ::1 /LunWen/main/index.php/Data/getRank?school=%E6%99%AF%E5%BE%B7%E9%95%87%E9%99%B6%E7%93%B7%E5%A4%A7%E5%AD%A6%E7%A7%91%E6%8A%80%E8%89%BA%E6%9C%AF%E5%AD%A6%E9%99%A2
INFO: [ app_init ] --START--
INFO: Run Behavior\BuildLiteBehavior [ RunTime:0.000036s ]
INFO: [ app_init ] --END-- [ RunTime:0.000656s ]
ERR: 无法加载模块:Data

[ 2018-12-21T17:44:35+08:00 ] ::1 /LunWen/main/index.php/Data/getRank?school=%E6%99%AF%E5%BE%B7%E9%95%87%E9%99%B6%E7%93%B7%E5%A4%A7%E5%AD%A6%E7%A7%91%E6%8A%80%E8%89%BA%E6%9C%AF%E5%AD%A6%E9%99%A2
INFO: [ app_init ] --START--
INFO: Run Behavior\BuildLiteBehavior [ RunTime:0.000037s ]
INFO: [ app_init ] --END-- [ RunTime:0.000730s ]
ERR: 无法加载模块:Data

[ 2018-12-21T17:45:02+08:00 ] ::1 /LunWen/main/index.php/Data/getRank?school=%E6%99%AF%E5%BE%B7%E9%95%87%E9%99%B6%E7%93%B7%E5%A4%A7%E5%AD%A6%E7%A7%91%E6%8A%80%E8%89%BA%E6%9C%AF%E5%AD%A6%E9%99%A2
INFO: [ app_init ] --START--
INFO: Run Behavior\BuildLiteBehavior [ RunTime:0.000040s ]
INFO: [ app_init ] --END-- [ RunTime:0.000851s ]
ERR: 无法加载模块:Data

[ 2018-12-21T17:46:07+08:00 ] ::1 /LunWen/main/index.php/Data/getRank?school=%E6%99%AF%E5%BE%B7%E9%95%87%E9%99%B6%E7%93%B7%E5%A4%A7%E5%AD%A6%E7%A7%91%E6%8A%80%E8%89%BA%E6%9C%AF%E5%AD%A6%E9%99%A2
INFO: [ app_init ] --START--
INFO: Run Behavior\BuildLiteBehavior [ RunTime:0.000034s ]
INFO: [ app_init ] --END-- [ RunTime:0.000545s ]
ERR: 无法加载模块:Data

[ 2018-12-21T17:46:32+08:00 ] ::1 /LunWen/main/index.php/Data/getRank?school=%E6%99%AF%E5%BE%B7%E9%95%87%E9%99%B6%E7%93%B7%E5%A4%A7%E5%AD%A6%E7%A7%91%E6%8A%80%E8%89%BA%E6%9C%AF%E5%AD%A6%E9%99%A2
INFO: [ app_init ] --START--
INFO: Run Behavior\BuildLiteBehavior [ RunTime:0.000035s ]
INFO: [ app_init ] --END-- [ RunTime:0.000578s ]
ERR: 无法加载模块:Data

[ 2018-12-21T17:47:08+08:00 ] ::1 /LunWen/main/index.php/Data/getRank?school=%E6%99%AF%E5%BE%B7%E9%95%87%E9%99%B6%E7%93%B7%E5%A4%A7%E5%AD%A6%E7%A7%91%E6%8A%80%E8%89%BA%E6%9C%AF%E5%AD%A6%E9%99%A2
INFO: [ app_init ] --START--
INFO: Run Behavior\BuildLiteBehavior [ RunTime:0.000065s ]
INFO: [ app_init ] --END-- [ RunTime:0.000712s ]
ERR: 无法加载模块:Data

[ 2018-12-21T17:48:16+08:00 ] ::1 /LunWen/main/index.php/Data/getRank?school=%E6%99%AF%E5%BE%B7%E9%95%87%E9%99%B6%E7%93%B7%E5%A4%A7%E5%AD%A6%E7%A7%91%E6%8A%80%E8%89%BA%E6%9C%AF%E5%AD%A6%E9%99%A2
INFO: [ app_init ] --START--
INFO: Run Behavior\BuildLiteBehavior [ RunTime:0.000032s ]
INFO: [ app_init ] --END-- [ RunTime:0.000558s ]
ERR: 无法加载模块:Data

[ 2018-12-21T17:48:43+08:00 ] ::1 /LunWen/main/index.php/Data/getRank?school=%E6%99%AF%E5%BE%B7%E9%95%87%E9%99%B6%E7%93%B7%E5%A4%A7%E5%AD%A6%E7%A7%91%E6%8A%80%E8%89%BA%E6%9C%AF%E5%AD%A6%E9%99%A2
INFO: [ app_init ] --START--
INFO: Run Behavior\BuildLiteBehavior [ RunTime:0.000033s ]
INFO: [ app_init ] --END-- [ RunTime:0.000596s ]
ERR: 无法加载模块:Data

[ 2018-12-21T17:49:04+08:00 ] ::1 /LunWen/main/index.php/Data/getRank?school=%E6%99%AF%E5%BE%B7%E9%95%87%E9%99%B6%E7%93%B7%E5%A4%A7%E5%AD%A6%E7%A7%91%E6%8A%80%E8%89%BA%E6%9C%AF%E5%AD%A6%E9%99%A2
INFO: [ app_init ] --START--
INFO: Run Behavior\BuildLiteBehavior [ RunTime:0.000022s ]
INFO: [ app_init ] --END-- [ RunTime:0.000407s ]
ERR: 无法加载模块:Data

[ 2018-12-21T17:50:51+08:00 ] ::1 /LunWen/main/index.php/Data/getWeekData
INFO: [ app_init ] --START--
INFO: Run Behavior\BuildLiteBehavior [ RunTime:0.000022s ]
INFO: [ app_init ] --END-- [ RunTime:0.000369s ]
ERR: 无法加载模块:Data

[ 2018-12-21T17:50:51+08:00 ] ::1 /LunWen/main/index.php/Data/getMonthData
INFO: [ app_init ] --START--
INFO: Run Behavior\BuildLiteBehavior [ RunTime:0.000036s ]
INFO: [ app_init ] --END-- [ RunTime:0.000505s ]
ERR: 无法加载模块:Data

[ 2018-12-21T17:51:39+08:00 ] ::1 /LunWen/main/index.php/Data/getRank?school=%E6%99%AF%E5%BE%B7%E9%95%87%E9%99%B6%E7%93%B7%E5%A4%A7%E5%AD%A6%E7%A7%91%E6%8A%80%E8%89%BA%E6%9C%AF%E5%AD%A6%E9%99%A2
INFO: [ app_init ] --START--
INFO: Run Behavior\BuildLiteBehavior [ RunTime:0.000035s ]
INFO: [ app_init ] --END-- [ RunTime:0.000543s ]
ERR: 无法加载模块:Data

[ 2018-12-21T17:51:56+08:00 ] ::1 /LunWen/main/index.php/Data/getRank?school=%E6%99%AF%E5%BE%B7%E9%95%87%E9%99%B6%E7%93%B7%E5%A4%A7%E5%AD%A6%E7%A7%91%E6%8A%80%E8%89%BA%E6%9C%AF%E5%AD%A6%E9%99%A2
INFO: [ app_init ] --START--
INFO: Run Behavior\BuildLiteBehavior [ RunTime:0.000044s ]
INFO: [ app_init ] --END-- [ RunTime:0.000647s ]
ERR: 无法加载模块:Data

[ 2018-12-21T17:52:52+08:00 ] ::1 /LunWen/main/index.php/Data/getRank?school=%E6%99%AF%E5%BE%B7%E9%95%87%E9%99%B6%E7%93%B7%E5%A4%A7%E5%AD%A6%E7%A7%91%E6%8A%80%E8%89%BA%E6%9C%AF%E5%AD%A6%E9%99%A2
INFO: [ app_init ] --START--
INFO: Run Behavior\BuildLiteBehavior [ RunTime:0.000036s ]
INFO: [ app_init ] --END-- [ RunTime:0.000578s ]
ERR: 无法加载模块:Data

[ 2018-12-21T17:53:32+08:00 ] ::1 /LunWen/main/index.php/Data/getWeekData
INFO: [ app_init ] --START--
INFO: Run Behavior\BuildLiteBehavior [ RunTime:0.000021s ]
INFO: [ app_init ] --END-- [ RunTime:0.000454s ]
ERR: 无法加载模块:Data

[ 2018-12-21T17:53:32+08:00 ] ::1 /LunWen/main/index.php/Data/getMonthData
INFO: [ app_init ] --START--
INFO: Run Behavior\BuildLiteBehavior [ RunTime:0.000022s ]
INFO: [ app_init ] --END-- [ RunTime:0.000399s ]
ERR: 无法加载模块:Data

[ 2018-12-21T17:53:52+08:00 ] ::1 /LunWen/main/index.php/Data/getWeekData
INFO: [ app_init ] --START--
INFO: Run Behavior\BuildLiteBehavior [ RunTime:0.000022s ]
INFO: [ app_init ] --END-- [ RunTime:0.000423s ]
ERR: 无法加载模块:Data

[ 2018-12-21T17:53:52+08:00 ] ::1 /LunWen/main/index.php/Data/getMonthData
INFO: [ app_init ] --START--
INFO: Run Behavior\BuildLiteBehavior [ RunTime:0.000021s ]
INFO: [ app_init ] --END-- [ RunTime:0.000351s ]
ERR: 无法加载模块:Data

[ 2018-12-21T17:54:17+08:00 ] ::1 /LunWen/main/index.php/Data/getWeekData
INFO: [ app_init ] --START--
INFO: Run Behavior\BuildLiteBehavior [ RunTime:0.000033s ]
INFO: [ app_init ] --END-- [ RunTime:0.000531s ]
ERR: 无法加载模块:Data

[ 2018-12-21T17:54:17+08:00 ] ::1 /LunWen/main/index.php/Data/getMonthData
INFO: [ app_init ] --START--
INFO: Run Behavior\BuildLiteBehavior [ RunTime:0.000022s ]
INFO: [ app_init ] --END-- [ RunTime:0.000538s ]
ERR: 无法加载模块:Data

